SDPA-GMP start at Wed Jun  5 23:35:12 2024
*SDP Scan Problem: V = x^2 - 2*x^4 + x^8
* K = 6; eval = -0.25125628140703427; Domain = R+ with BCs: Neumann
data      is /Users/gorg/qmBoot/data/K=6_BC-Neumann_V_0.0_0.0_1.0_0.0_-2.0_0.0_0.0_0.0_1.0/e=-0.25125628140703427_K=6_D=R+.dat
parameter is ./param.sdpa
out       is /Users/gorg/qmBoot/data/K=6_BC-Neumann_V_0.0_0.0_1.0_0.0_-2.0_0.0_0.0_0.0_1.0/e=-0.25125628140703427_K=6_D=R+.out
DENSE computation
   mu      thetaP  thetaD  objP      objD      alphaP  alphaD  beta 
 0 1.0e+20 1.0e+00 1.0e+00 +0.00e+00 -1.16e+10 1.0e+00 9.0e-01 3.00e-01
 1 1.6e+19 8.6e-88 1.0e-01 +1.60e+10 -1.16e+09 9.0e-01 9.0e-01 3.00e-01
 2 2.5e+18 1.7e-87 1.0e-02 +2.46e+10 -1.16e+08 9.0e-01 9.0e-01 3.00e-01
 3 3.8e+17 3.5e-87 1.0e-03 +3.79e+10 -1.16e+07 9.0e-01 9.0e-01 3.00e-01
 4 5.8e+16 6.0e-87 1.0e-04 +5.84e+10 -1.16e+06 9.0e-01 9.0e-01 3.00e-01
 5 9.0e+15 8.6e-87 1.0e-05 +9.00e+10 -1.16e+05 9.0e-01 9.0e-01 3.00e-01
 6 1.4e+15 9.5e-87 1.0e-06 +1.39e+11 -1.16e+04 9.0e-01 9.0e-01 3.00e-01
 7 2.1e+14 9.5e-87 1.0e-07 +2.13e+11 -1.16e+03 9.0e-01 9.0e-01 3.00e-01
 8 3.3e+13 1.3e-86 1.0e-08 +3.29e+11 -1.17e+02 9.0e-01 9.0e-01 3.00e-01
 9 5.1e+12 1.6e-86 1.0e-09 +5.05e+11 -1.17e+01 9.0e-01 9.0e-01 3.00e-01
10 8.3e+11 1.6e-86 9.9e-11 +7.68e+11 -1.27e+00 9.1e-01 9.1e-01 3.00e-01
11 1.9e+11 1.9e-86 9.3e-12 +1.04e+12 -2.23e-01 1.5e+00 1.0e+00 3.00e-01
12 4.5e+10 2.1e-86 5.0e-94 +5.41e+11 -1.43e-01 9.7e-01 9.7e-01 1.00e-01
13 5.7e+09 1.7e-86 3.7e-94 +6.79e+10 -1.49e-01 9.9e-01 9.9e-01 1.00e-01
14 6.1e+08 1.6e-86 1.8e-93 +7.34e+09 -1.54e-01 1.0e+00 1.0e+00 1.00e-01
15 6.2e+07 1.3e-86 4.7e-93 +7.41e+08 -1.58e-01 1.0e+00 1.0e+00 1.00e-01
16 6.2e+06 1.4e-86 1.6e-92 +7.44e+07 -1.62e-01 1.0e+00 1.0e+00 1.00e-01
17 6.2e+05 1.2e-86 2.5e-92 +7.45e+06 -1.66e-01 1.0e+00 1.0e+00 1.00e-01
18 6.2e+04 1.0e-86 1.7e-91 +7.45e+05 -1.69e-01 1.0e+00 1.0e+00 1.00e-01
19 6.2e+03 1.0e-86 3.2e-91 +7.45e+04 -1.72e-01 1.0e+00 1.0e+00 1.00e-01
20 6.2e+02 9.5e-87 8.6e-91 +7.45e+03 -1.74e-01 1.0e+00 1.0e+00 1.00e-01
21 6.2e+01 9.5e-87 4.8e-90 +7.45e+02 -1.77e-01 1.0e+00 1.0e+00 1.00e-01
22 6.2e+00 9.5e-87 1.3e-89 +7.46e+01 -1.78e-01 1.0e+00 9.0e+01 1.00e-01
23 6.4e-01 1.0e-86 3.7e-87 +7.49e+00 -1.36e-01 9.8e-01 8.4e+00 1.00e-01
24 7.1e-02 1.1e-86 2.6e-86 +7.84e-01 -6.70e-02 9.3e-01 1.5e+00 1.00e-01
25 1.1e-02 1.1e-86 1.2e-86 +9.92e-02 -2.87e-02 8.2e-01 1.0e+00 1.00e-01
26 2.4e-03 1.1e-86 3.0e-89 +2.81e-02 -5.33e-04 7.6e-01 9.4e-01 1.00e-01
27 6.2e-04 1.1e-86 3.4e-88 +1.57e-02 +8.34e-03 9.2e-01 8.8e-01 1.00e-01
28 1.2e-04 1.1e-86 7.2e-89 +1.35e-02 +1.20e-02 9.1e-01 9.4e-01 1.00e-01
29 2.0e-05 1.1e-86 1.3e-89 +1.31e-02 +1.29e-02 9.8e-01 9.5e-01 1.00e-01
30 2.8e-06 1.1e-86 1.2e-89 +1.31e-02 +1.31e-02 1.0e+00 9.8e-01 1.00e-01
31 3.1e-07 1.1e-86 1.9e-90 +1.31e-02 +1.31e-02 1.0e+00 9.9e-01 1.00e-01
32 3.2e-08 1.1e-86 1.2e-88 +1.31e-02 +1.31e-02 1.0e+00 9.9e-01 1.00e-01
33 3.2e-09 1.1e-86 5.7e-88 +1.31e-02 +1.31e-02 1.0e+00 1.0e+00 1.00e-01
34 3.2e-10 1.1e-86 7.7e-88 +1.31e-02 +1.31e-02 1.0e+00 1.0e+00 1.00e-01
35 3.2e-11 1.1e-86 1.3e-87 +1.31e-02 +1.31e-02 1.0e+00 1.0e+00 1.00e-01
36 3.2e-12 1.1e-86 1.2e-87 +1.31e-02 +1.31e-02 1.0e+00 1.0e+00 1.00e-01
37 3.2e-13 1.1e-86 1.3e-87 +1.31e-02 +1.31e-02 1.0e+00 1.0e+00 1.00e-01
38 3.2e-14 1.1e-86 1.1e-87 +1.31e-02 +1.31e-02 1.0e+00 1.0e+00 1.00e-01
39 3.2e-15 1.1e-86 1.2e-87 +1.31e-02 +1.31e-02 1.0e+00 1.0e+00 1.00e-01
40 3.2e-16 1.1e-86 1.1e-87 +1.31e-02 +1.31e-02 1.0e+00 1.0e+00 1.00e-01
41 3.2e-17 1.1e-86 1.3e-87 +1.31e-02 +1.31e-02 1.0e+00 1.0e+00 1.00e-01
42 3.2e-18 1.1e-86 9.9e-88 +1.31e-02 +1.31e-02 1.0e+00 1.0e+00 1.00e-01
43 3.2e-19 1.1e-86 1.4e-87 +1.31e-02 +1.31e-02 1.0e+00 1.0e+00 1.00e-01
44 3.2e-20 1.1e-86 1.4e-87 +1.31e-02 +1.31e-02 1.0e+00 1.0e+00 1.00e-01
45 3.2e-21 1.1e-86 1.4e-82 +1.31e-02 +1.31e-02 1.0e+00 1.0e+00 1.00e-01
46 3.2e-22 1.1e-86 1.1e-81 +1.31e-02 +1.31e-02 1.0e+00 1.0e+00 1.00e-01
47 3.2e-23 1.1e-86 1.1e-81 +1.31e-02 +1.31e-02 1.0e+00 1.0e+00 1.00e-01
48 3.2e-24 1.1e-86 4.4e-82 +1.31e-02 +1.31e-02 1.0e+00 1.0e+00 1.00e-01
49 3.2e-25 1.1e-86 9.5e-83 +1.31e-02 +1.31e-02 1.0e+00 1.0e+00 1.00e-01
50 3.2e-26 1.1e-86 2.0e-83 +1.31e-02 +1.31e-02 1.0e+00 1.0e+00 1.00e-01
51 3.2e-27 1.1e-86 1.9e-82 +1.31e-02 +1.31e-02 1.0e+00 1.0e+00 1.00e-01
52 3.2e-28 1.1e-86 1.9e-81 +1.31e-02 +1.31e-02 1.0e+00 1.0e+00 1.00e-01
53 3.2e-29 1.1e-86 1.4e-80 +1.31e-02 +1.31e-02 1.0e+00 1.0e+00 1.00e-01
54 3.2e-30 1.1e-86 1.3e-79 +1.31e-02 +1.31e-02 1.0e+00 1.0e+00 1.00e-01
55 3.2e-31 1.1e-86 8.6e-79 +1.31e-02 +1.31e-02 1.0e+00 1.0e+00 1.00e-01
56 3.2e-32 1.1e-86 6.1e-78 +1.31e-02 +1.31e-02 1.0e+00 1.0e+00 1.00e-01

phase.value = pdOPT     
   Iteration = 56
          mu = 3.1906172567151851e-32
relative gap = 3.8287407080582222e-31
         gap = 3.8287407080582222e-31
      digits = 2.8534190401146638e+01
objValPrimal = 1.3099247774652200e-02
objValDual   = 1.3099247774652200e-02
p.feas.error = 1.0711276316292027e-76
d.feas.error = 7.2730322976899713e-67
relative eps = 8.6361685550944446e-78
total time   = 0.110


Parameters are
maxIteration =    200
epsilonStar  = 1.000e-30
lambdaStar   = 1.000e+10
omegaStar    = 2.000e+00
lowerBound   = -1.000e+05
upperBound   = 1.000e+05
betaStar     = 1.000e-01
betaBar      = 3.000e-01
gammaStar    = 9.000e-01
epsilonDash  = 1.000e-30
precision    =    200

                         Time(sec)  Ratio(% : MainLoop) 
 Predictor time  =       0.040000,  36.363636
 Corrector time  =       0.020000,  18.181818
 Make bMat time  =       0.020000,  18.181818
 Make bDia time  =       0.000000,  0.000000
 Make bF1  time  =       0.010000,  9.090909
 Make bF2  time  =       0.010000,  9.090909
 Make bF3  time  =       0.000000,  0.000000
 Make bPRE time  =       0.000000,  0.000000
 Make rMat time  =       0.010000,  9.090909
 Make gVec Mul   =       0.000000,  0.000000
 Make gVec time  =       0.000000,  0.000000
 Cholesky bMat   =       0.000000,  0.000000
 Ste Pre time    =       0.000000,  0.000000
 Ste Cor time    =       0.050000,  45.454545
 solve           =       0.000000,  0.000000
 sumDz           =       0.000000,  0.000000
 makedX          =       0.030000,  27.272727
 symmetriseDx    =       0.000000,  0.000000
 makedXdZ        =       0.030000,  27.272727
 xMatTime        =       0.000000,  0.000000
 zMatTime        =       0.000000,  0.000000
 invzMatTime     =       0.000000,  0.000000
 xMatzMatTime    =       0.000000,  0.000000
 EigxMatTime     =       0.020000,  18.181818
 EigzMatTime     =       0.030000,  27.272727
 EigxMatzMatTime =       0.000000,  0.000000
 updateRes       =       0.000000,  0.000000
 EigTime         =       0.050000,  45.454545
 sub_total_bMat  =       0.090000,  81.818182
 Main Loop       =       0.110000,  100.000000
 File Check      =       0.000000,  0.000000
 File Change     =       0.000000,  0.000000
 File Read       =       0.000000,  0.000000
 Total           =       0.110000,  100.000000

xVec = 
{-1.309924777465e-02,+8.340793193276e-01,+7.233533376913e-01,+6.402984533936e-01,+5.808615488832e-01,+5.092285293013e-01,+4.509879844356e-01,+4.028613812068e-01}
xMat = 
{
{ {+1.013099247775e+00,+8.340793193276e-01,+7.233533376913e-01,+6.402984533936e-01,+5.808615488832e-01,+5.092285293013e-01 },
  {+8.340793193276e-01,+7.364525854660e-01,+6.402984533936e-01,+5.808615488832e-01,+5.092285293013e-01,+4.509879844356e-01 },
  {+7.233533376913e-01,+6.402984533936e-01,+5.939607966579e-01,+5.092285293013e-01,+4.509879844356e-01,+4.028613812068e-01 },
  {+6.402984533936e-01,+5.808615488832e-01,+5.092285293013e-01,+4.640872322102e-01,+4.028613812068e-01,+3.574412673020e-01 },
  {+5.808615488832e-01,+5.092285293013e-01,+4.509879844356e-01,+4.028613812068e-01,+3.705405150766e-01,+3.656933393623e-01 },
  {+5.092285293013e-01,+4.509879844356e-01,+4.028613812068e-01,+3.574412673020e-01,+3.656933393623e-01,+4.618410248472e-01 }   }
{ {+8.471785671023e-01,+7.233533376913e-01,+6.402984533936e-01,+5.808615488832e-01,+5.092285293013e-01,+4.509879844356e-01 },
  {+7.233533376913e-01,+6.533977011683e-01,+5.808615488832e-01,+5.092285293013e-01,+4.509879844356e-01,+4.028613812068e-01 },
  {+6.402984533936e-01,+5.808615488832e-01,+5.223277770759e-01,+4.509879844356e-01,+4.028613812068e-01,+3.574412673020e-01 },
  {+5.808615488832e-01,+5.092285293013e-01,+4.509879844356e-01,+4.159606289815e-01,+3.574412673020e-01,+3.656933393623e-01 },
  {+5.092285293013e-01,+4.509879844356e-01,+4.028613812068e-01,+3.574412673020e-01,+3.787925871369e-01,+4.487417770725e-01 },
  {+4.509879844356e-01,+4.028613812068e-01,+3.574412673020e-01,+3.656933393623e-01,+4.487417770725e-01,+8.442434740722e-01 }   }
}
yMat = 
{
{ {+2.741881537270e-02,-6.604458240178e-02,+1.022454435754e-03,+8.879586472189e-02,-6.914474373763e-02,+1.939504722215e-02 },
  {-6.604458240178e-02,+1.590837096839e-01,-2.462818882449e-03,-2.138854551099e-01,+1.665511679975e-01,-4.671747400601e-02 },
  {+1.022454435754e-03,-2.462818882449e-03,+3.812757987477e-05,+3.311219851313e-03,-2.578424668706e-03,+7.232461284122e-04 },
  {+8.879586472189e-02,-2.138854551099e-01,+3.311219851313e-03,+2.875655087404e-01,-2.239253311166e-01,+6.281088245437e-02 },
  {-6.914474373763e-02,+1.665511679975e-01,-2.578424668706e-03,-2.239253311166e-01,+1.743691520424e-01,-4.891041249324e-02 },
  {+1.939504722215e-02,-4.671747400601e-02,+7.232461284122e-04,+6.281088245437e-02,-4.891041249324e-02,+1.371933293383e-02 }   }
{ {+4.251474606522e-02,+2.896213177973e-02,+1.850504740010e-02,-8.369323842288e-02,-6.138045897456e-02,+2.451212839877e-02 },
  {+2.896213177973e-02,+1.972974449711e-02,+1.260611131417e-02,-5.701397337661e-02,-4.181393765811e-02,+1.669828844321e-02 },
  {+1.850504740010e-02,+1.260611131417e-02,+8.054541329136e-03,-3.642847452758e-02,-2.671657266921e-02,+1.066919457077e-02 },
  {-8.369323842288e-02,-5.701397337661e-02,-3.642847452758e-02,+1.647559683636e-01,+1.208317081227e-01,-4.825383181600e-02 },
  {-6.138045897456e-02,-4.181393765811e-02,-2.671657266921e-02,+1.208317081227e-01,+8.861774072809e-02,-3.538926680292e-02 },
  {+2.451212839877e-02,+1.669828844321e-02,+1.066919457077e-02,-4.825383181600e-02,-3.538926680292e-02,+1.413261266376e-02 }   }
}
    main loop time = 0.110000
        total time = 0.110000
  file   read time = 0.000000
