SDPA-GMP start at Wed Jun  5 23:35:12 2024
*SDP Scan Problem: V = x^2 - 2*x^4 + x^8
* K = 6; eval = -0.7537688442211046; Domain = R+ with BCs: Neumann
data      is /Users/gorg/qmBoot/data/K=6_BC-Neumann_V_0.0_0.0_1.0_0.0_-2.0_0.0_0.0_0.0_1.0/e=-0.7537688442211046_K=6_D=R+.dat
parameter is ./param.sdpa
out       is /Users/gorg/qmBoot/data/K=6_BC-Neumann_V_0.0_0.0_1.0_0.0_-2.0_0.0_0.0_0.0_1.0/e=-0.7537688442211046_K=6_D=R+.out
DENSE computation
   mu      thetaP  thetaD  objP      objD      alphaP  alphaD  beta 
 0 1.0e+20 1.0e+00 1.0e+00 +0.00e+00 -1.06e+10 1.0e+00 9.0e-01 3.00e-01
 1 1.6e+19 8.6e-88 1.0e-01 +1.60e+10 -1.06e+09 9.0e-01 9.0e-01 3.00e-01
 2 2.5e+18 3.5e-87 1.0e-02 +2.46e+10 -1.06e+08 9.0e-01 9.0e-01 3.00e-01
 3 3.8e+17 4.3e-87 1.0e-03 +3.79e+10 -1.06e+07 9.0e-01 9.0e-01 3.00e-01
 4 5.8e+16 5.2e-87 1.0e-04 +5.84e+10 -1.06e+06 9.0e-01 9.0e-01 3.00e-01
 5 9.0e+15 6.9e-87 1.0e-05 +9.00e+10 -1.06e+05 9.0e-01 9.0e-01 3.00e-01
 6 1.4e+15 7.8e-87 1.0e-06 +1.39e+11 -1.06e+04 9.0e-01 9.0e-01 3.00e-01
 7 2.1e+14 9.5e-87 1.0e-07 +2.13e+11 -1.06e+03 9.0e-01 9.0e-01 3.00e-01
 8 3.3e+13 1.2e-86 1.0e-08 +3.29e+11 -1.06e+02 9.0e-01 9.0e-01 3.00e-01
 9 5.1e+12 1.4e-86 1.0e-09 +5.05e+11 -1.07e+01 9.0e-01 9.0e-01 3.00e-01
10 8.3e+11 1.6e-86 9.9e-11 +7.68e+11 -1.16e+00 9.1e-01 9.1e-01 3.00e-01
11 1.8e+11 1.4e-86 8.8e-12 +1.05e+12 -2.02e-01 1.6e+00 1.0e+00 3.00e-01
12 4.1e+10 1.1e-86 1.8e-94 +4.93e+11 -1.29e-01 9.8e-01 9.8e-01 1.00e-01
13 5.0e+09 1.0e-86 3.1e-94 +6.00e+10 -1.33e-01 9.9e-01 9.9e-01 1.00e-01
14 5.3e+08 8.6e-87 5.5e-94 +6.41e+09 -1.36e-01 1.0e+00 1.0e+00 1.00e-01
15 5.4e+07 8.6e-87 2.0e-93 +6.45e+08 -1.40e-01 1.0e+00 1.0e+00 1.00e-01
16 5.4e+06 8.6e-87 6.5e-93 +6.46e+07 -1.42e-01 1.0e+00 1.0e+00 1.00e-01
17 5.4e+05 8.6e-87 1.7e-92 +6.46e+06 -1.45e-01 1.0e+00 1.0e+00 1.00e-01
18 5.4e+04 8.6e-87 6.4e-92 +6.46e+05 -1.47e-01 1.0e+00 1.0e+00 1.00e-01
19 5.4e+03 8.6e-87 1.3e-91 +6.46e+04 -1.49e-01 1.0e+00 1.0e+00 1.00e-01
20 5.4e+02 9.0e-87 4.9e-91 +6.46e+03 -1.51e-01 1.0e+00 1.0e+00 1.00e-01
21 5.4e+01 9.0e-87 1.8e-90 +6.46e+02 -1.52e-01 1.0e+00 1.0e+00 1.00e-01
22 5.4e+00 9.8e-87 4.9e-90 +6.47e+01 -1.53e-01 1.0e+00 5.5e+01 1.00e-01
23 5.5e-01 1.0e-86 3.1e-87 +6.57e+00 -6.75e-02 9.8e-01 1.1e+01 1.00e-01
24 6.7e-02 9.0e-87 3.0e-86 +7.43e-01 -6.28e-02 8.9e-01 1.1e+00 1.00e-01
25 1.2e-02 9.6e-87 2.6e-87 +1.49e-01 +9.82e-04 8.2e-01 9.4e-01 1.00e-01
26 2.7e-03 9.6e-87 7.8e-89 +8.26e-02 +4.98e-02 9.1e-01 8.2e-01 1.00e-01
27 6.1e-04 9.6e-87 4.3e-89 +7.06e-02 +6.33e-02 8.9e-01 9.5e-01 1.00e-01
28 1.0e-04 9.6e-87 1.1e-89 +6.78e-02 +6.65e-02 9.4e-01 9.9e-01 1.00e-01
29 1.4e-05 9.6e-87 1.6e-89 +6.72e-02 +6.71e-02 9.6e-01 1.0e+00 1.00e-01
30 1.5e-06 9.6e-87 2.2e-88 +6.72e-02 +6.72e-02 9.6e-01 1.0e+00 1.00e-01
31 1.6e-07 9.6e-87 2.3e-88 +6.72e-02 +6.72e-02 9.7e-01 1.0e+00 1.00e-01
32 1.7e-08 9.6e-87 1.0e-88 +6.72e-02 +6.72e-02 9.7e-01 1.0e+00 1.00e-01
33 1.7e-09 9.6e-87 1.4e-88 +6.72e-02 +6.72e-02 9.7e-01 1.0e+00 1.00e-01
34 1.7e-10 9.6e-87 7.1e-89 +6.72e-02 +6.72e-02 9.7e-01 1.0e+00 1.00e-01
35 1.7e-11 9.6e-87 3.2e-90 +6.72e-02 +6.72e-02 9.7e-01 1.0e+00 1.00e-01
36 1.7e-12 9.6e-87 1.5e-91 +6.72e-02 +6.72e-02 9.7e-01 1.0e+00 1.00e-01
37 1.7e-13 9.6e-87 6.6e-93 +6.72e-02 +6.72e-02 9.7e-01 1.0e+00 1.00e-01
38 1.7e-14 9.6e-87 2.2e-94 +6.72e-02 +6.72e-02 9.7e-01 1.0e+00 1.00e-01
39 1.7e-15 9.6e-87 2.7e-94 +6.72e-02 +6.72e-02 9.7e-01 1.0e+00 1.00e-01
40 1.7e-16 9.6e-87 1.5e-93 +6.72e-02 +6.72e-02 9.7e-01 1.0e+00 1.00e-01
41 1.7e-17 9.6e-87 1.6e-92 +6.72e-02 +6.72e-02 9.7e-01 1.0e+00 1.00e-01
42 1.7e-18 9.6e-87 1.4e-91 +6.72e-02 +6.72e-02 9.7e-01 1.0e+00 1.00e-01
43 1.7e-19 9.6e-87 1.3e-90 +6.72e-02 +6.72e-02 9.7e-01 1.0e+00 1.00e-01
44 1.7e-20 9.6e-87 1.4e-89 +6.72e-02 +6.72e-02 9.7e-01 1.0e+00 1.00e-01
45 1.7e-21 9.6e-87 1.7e-88 +6.72e-02 +6.72e-02 9.7e-01 1.0e+00 1.00e-01
46 1.7e-22 9.6e-87 6.5e-88 +6.72e-02 +6.72e-02 9.7e-01 1.0e+00 1.00e-01
47 1.7e-23 9.6e-87 1.4e-88 +6.72e-02 +6.72e-02 9.7e-01 1.0e+00 1.00e-01
48 1.7e-24 9.6e-87 1.2e-89 +6.72e-02 +6.72e-02 9.7e-01 1.0e+00 1.00e-01
49 1.7e-25 9.6e-87 7.6e-91 +6.72e-02 +6.72e-02 9.7e-01 1.0e+00 1.00e-01
50 1.7e-26 9.6e-87 1.4e-91 +6.72e-02 +6.72e-02 9.7e-01 1.0e+00 1.00e-01
51 1.7e-27 9.6e-87 1.4e-92 +6.72e-02 +6.72e-02 9.7e-01 1.0e+00 1.00e-01
52 1.7e-28 9.6e-87 1.1e-93 +6.72e-02 +6.72e-02 9.7e-01 1.0e+00 1.00e-01
53 1.7e-29 9.6e-87 1.3e-94 +6.72e-02 +6.72e-02 9.7e-01 1.0e+00 1.00e-01
54 1.7e-30 9.6e-87 3.2e-94 +6.72e-02 +6.72e-02 9.7e-01 1.0e+00 1.00e-01
55 1.7e-31 9.6e-87 1.4e-93 +6.72e-02 +6.72e-02 9.7e-01 1.0e+00 1.00e-01
56 1.7e-32 9.6e-87 1.6e-93 +6.72e-02 +6.72e-02 9.7e-01 1.0e+00 1.00e-01

phase.value = pdOPT     
   Iteration = 56
          mu = 1.6848384621923383e-32
relative gap = 2.0218061546308060e-31
         gap = 2.0218061546308060e-31
      digits = 2.9521375057967635e+01
objValPrimal = 6.7160600748042011e-02
objValDual   = 6.7160600748042011e-02
p.feas.error = 9.5858027862032091e-77
d.feas.error = 1.9499981098710294e-82
relative eps = 8.6361685550944446e-78
total time   = 0.100


Parameters are
maxIteration =    200
epsilonStar  = 1.000e-30
lambdaStar   = 1.000e+10
omegaStar    = 2.000e+00
lowerBound   = -1.000e+05
upperBound   = 1.000e+05
betaStar     = 1.000e-01
betaBar      = 3.000e-01
gammaStar    = 9.000e-01
epsilonDash  = 1.000e-30
precision    =    200

                         Time(sec)  Ratio(% : MainLoop) 
 Predictor time  =       0.040000,  40.000000
 Corrector time  =       0.020000,  20.000000
 Make bMat time  =       0.030000,  30.000000
 Make bDia time  =       0.000000,  0.000000
 Make bF1  time  =       0.010000,  10.000000
 Make bF2  time  =       0.020000,  20.000000
 Make bF3  time  =       0.000000,  0.000000
 Make bPRE time  =       0.020000,  20.000000
 Make rMat time  =       0.010000,  10.000000
 Make gVec Mul   =       0.000000,  0.000000
 Make gVec time  =       0.000000,  0.000000
 Cholesky bMat   =       0.000000,  0.000000
 Ste Pre time    =       0.000000,  0.000000
 Ste Cor time    =       0.040000,  40.000000
 solve           =       0.000000,  0.000000
 sumDz           =       0.000000,  0.000000
 makedX          =       0.010000,  10.000000
 symmetriseDx    =       0.010000,  10.000000
 makedXdZ        =       0.020000,  20.000000
 xMatTime        =       0.000000,  0.000000
 zMatTime        =       0.000000,  0.000000
 invzMatTime     =       0.000000,  0.000000
 xMatzMatTime    =       0.000000,  0.000000
 EigxMatTime     =       0.020000,  20.000000
 EigzMatTime     =       0.020000,  20.000000
 EigxMatzMatTime =       0.000000,  0.000000
 updateRes       =       0.000000,  0.000000
 EigTime         =       0.040000,  40.000000
 sub_total_bMat  =       0.070000,  70.000000
 Main Loop       =       0.100000,  100.000000
 File Check      =       0.000000,  0.000000
 File Change     =       0.000000,  0.000000
 File Read       =       0.000000,  0.000000
 Total           =       0.100000,  100.000000

xVec = 
{-6.716060074804e-02,+6.781646765236e-01,+5.411693082455e-01,+4.528278658272e-01,+4.171024306495e-01,+2.704405453619e-01,+2.348434749432e-01,+1.887681862430e-01}
xMat = 
{
{ {+1.067160600748e+00,+6.781646765236e-01,+5.411693082455e-01,+4.528278658272e-01,+4.171024306495e-01,+2.704405453619e-01 },
  {+6.781646765236e-01,+6.083299089936e-01,+4.528278658272e-01,+4.171024306495e-01,+2.704405453619e-01,+2.348434749432e-01 },
  {+5.411693082455e-01,+4.528278658272e-01,+4.842630313976e-01,+2.704405453619e-01,+2.348434749432e-01,+1.887681862430e-01 },
  {+4.528278658272e-01,+4.171024306495e-01,+2.704405453619e-01,+3.020040756913e-01,+1.887681862430e-01,+1.333014246370e-01 },
  {+4.171024306495e-01,+2.704405453619e-01,+2.348434749432e-01,+1.887681862430e-01,+2.004620253850e-01,+4.737669756493e-02 },
  {+2.704405453619e-01,+2.348434749432e-01,+1.887681862430e-01,+1.333014246370e-01,+4.737669756493e-02,+2.037713628654e-01 }   }
{ {+7.453252772716e-01,+5.411693082455e-01,+4.528278658272e-01,+4.171024306495e-01,+2.704405453619e-01,+2.348434749432e-01 },
  {+5.411693082455e-01,+5.199884665752e-01,+4.171024306495e-01,+2.704405453619e-01,+2.348434749432e-01,+1.887681862430e-01 },
  {+4.528278658272e-01,+4.171024306495e-01,+3.376011461100e-01,+2.348434749432e-01,+1.887681862430e-01,+1.333014246370e-01 },
  {+4.171024306495e-01,+2.704405453619e-01,+2.348434749432e-01,+2.559287869911e-01,+1.333014246370e-01,+4.737669756493e-02 },
  {+2.704405453619e-01,+2.348434749432e-01,+1.887681862430e-01,+1.333014246370e-01,+1.145372983130e-01,+1.366107621174e-01 },
  {+2.348434749432e-01,+1.887681862430e-01,+1.333014246370e-01,+4.737669756493e-02,+1.366107621174e-01,+5.192472781262e-01 }   }
}
yMat = 
{
{ {+4.971383290590e-03,+7.894747642724e-03,+9.401674690261e-04,-6.650371261685e-03,-1.369908969566e-02,-9.031915317080e-03 },
  {+7.894747642724e-03,+5.957466069555e-02,-1.069471175926e-02,-5.954143043903e-02,-2.226844779299e-02,-2.510164216605e-02 },
  {+9.401674690261e-04,-1.069471175926e-02,+3.335724826756e-03,+1.143345830002e-02,-2.457594716693e-03,+1.079551038331e-03 },
  {-6.650371261685e-03,-5.954143043903e-02,+1.143345830002e-02,+5.989992848557e-02,+1.886067896605e-02,+2.328526795785e-02 },
  {-1.369908969566e-02,-2.226844779299e-02,-2.457594716693e-03,+1.886067896605e-02,+3.775467410975e-02,+2.500575852434e-02 },
  {-9.031915317080e-03,-2.510164216605e-02,+1.079551038331e-03,+2.328526795785e-02,+2.500575852434e-02,+1.886976845378e-02 }   }
{ {+1.754264466905e-01,+7.980291622371e-02,-8.531969863047e-02,-1.790368133829e-01,-2.116366162813e-01,-1.443389041427e-02 },
  {+7.980291622371e-02,+4.908848641050e-02,-5.534886135936e-02,-7.875121763373e-02,-9.820384086197e-02,-6.707367786930e-03 },
  {-8.531969863047e-02,-5.534886135936e-02,+7.683165288173e-02,+8.647743717839e-02,+7.371062882900e-02,+1.170238069348e-02 },
  {-1.790368133829e-01,-7.875121763373e-02,+8.647743717839e-02,+1.838863818713e-01,+2.090234802594e-01,+1.563224352435e-02 },
  {-2.116366162813e-01,-9.820384086197e-02,+7.371062882900e-02,+2.090234802594e-01,+3.277201923997e-01,+7.203812489575e-03 },
  {-1.443389041427e-02,-6.707367786930e-03,+1.170238069348e-02,+1.563224352435e-02,+7.203812489575e-03,+2.640699884334e-03 }   }
}
    main loop time = 0.100000
        total time = 0.100000
  file   read time = 0.000000
