SDPA-GMP start at Wed Jun  5 23:35:11 2024
*SDP Scan Problem: V = x^2 - 2*x^4 + x^8
* K = 6; eval = -1.1557788944723608; Domain = R+ with BCs: Neumann
data      is /Users/gorg/qmBoot/data/K=6_BC-Neumann_V_0.0_0.0_1.0_0.0_-2.0_0.0_0.0_0.0_1.0/e=-1.1557788944723608_K=6_D=R+.dat
parameter is ./param.sdpa
out       is /Users/gorg/qmBoot/data/K=6_BC-Neumann_V_0.0_0.0_1.0_0.0_-2.0_0.0_0.0_0.0_1.0/e=-1.1557788944723608_K=6_D=R+.out
DENSE computation
   mu      thetaP  thetaD  objP      objD      alphaP  alphaD  beta 
 0 1.0e+20 1.0e+00 1.0e+00 +0.00e+00 -9.83e+09 1.0e+00 9.0e-01 3.00e-01
 1 1.6e+19 8.6e-88 1.0e-01 +1.60e+10 -9.83e+08 9.0e-01 9.0e-01 3.00e-01
 2 2.5e+18 2.6e-87 1.0e-02 +2.46e+10 -9.83e+07 9.0e-01 9.0e-01 3.00e-01
 3 3.8e+17 2.9e-87 1.0e-03 +3.79e+10 -9.83e+06 9.0e-01 9.0e-01 3.00e-01
 4 5.8e+16 4.3e-87 1.0e-04 +5.84e+10 -9.83e+05 9.0e-01 9.0e-01 3.00e-01
 5 9.0e+15 6.9e-87 1.0e-05 +9.00e+10 -9.83e+04 9.0e-01 9.0e-01 3.00e-01
 6 1.4e+15 8.6e-87 1.0e-06 +1.39e+11 -9.83e+03 9.0e-01 9.0e-01 3.00e-01
 7 2.1e+14 9.5e-87 1.0e-07 +2.13e+11 -9.83e+02 9.0e-01 9.0e-01 3.00e-01
 8 3.3e+13 1.2e-86 1.0e-08 +3.29e+11 -9.84e+01 9.0e-01 9.0e-01 3.00e-01
 9 5.1e+12 1.2e-86 1.0e-09 +5.05e+11 -9.92e+00 9.0e-01 9.0e-01 3.00e-01
10 8.2e+11 1.5e-86 9.8e-11 +7.69e+11 -1.07e+00 9.2e-01 9.2e-01 3.00e-01
11 1.8e+11 1.6e-86 8.3e-12 +1.05e+12 -1.87e-01 1.7e+00 1.0e+00 3.00e-01
12 3.7e+10 1.6e-86 2.2e-94 +4.47e+11 -1.19e-01 9.7e-01 9.7e-01 1.00e-01
13 4.8e+09 1.3e-86 2.5e-94 +5.79e+10 -1.21e-01 9.9e-01 9.9e-01 1.00e-01
14 5.1e+08 1.2e-86 4.7e-94 +6.16e+09 -1.23e-01 1.0e+00 1.0e+00 1.00e-01
15 5.2e+07 9.5e-87 1.6e-93 +6.20e+08 -1.25e-01 1.0e+00 1.0e+00 1.00e-01
16 5.2e+06 7.8e-87 5.1e-93 +6.20e+07 -1.26e-01 1.0e+00 1.0e+00 1.00e-01
17 5.2e+05 7.8e-87 2.0e-92 +6.20e+06 -1.28e-01 1.0e+00 1.0e+00 1.00e-01
18 5.2e+04 6.9e-87 7.1e-92 +6.20e+05 -1.29e-01 1.0e+00 1.0e+00 1.00e-01
19 5.2e+03 8.6e-87 1.6e-91 +6.20e+04 -1.30e-01 1.0e+00 1.0e+00 1.00e-01
20 5.2e+02 9.5e-87 4.3e-91 +6.21e+03 -1.31e-01 1.0e+00 1.0e+00 1.00e-01
21 5.2e+01 1.0e-86 1.8e-90 +6.21e+02 -1.32e-01 1.0e+00 1.0e+00 1.00e-01
22 5.2e+00 9.5e-87 5.5e-90 +6.23e+01 -1.33e-01 9.9e-01 4.0e+01 1.00e-01
23 5.4e-01 1.1e-86 2.4e-87 +6.42e+00 -3.02e-02 9.7e-01 1.5e+01 1.00e-01
24 6.8e-02 1.1e-86 3.2e-86 +8.00e-01 -2.02e-02 8.8e-01 9.8e-01 1.00e-01
25 1.4e-02 1.1e-86 7.9e-88 +2.26e-01 +6.35e-02 8.2e-01 9.2e-01 1.00e-01
26 3.0e-03 1.1e-86 1.4e-88 +1.55e-01 +1.19e-01 9.1e-01 8.5e-01 1.00e-01
27 6.4e-04 1.1e-86 7.2e-89 +1.41e-01 +1.34e-01 9.1e-01 9.6e-01 1.00e-01
28 1.0e-04 1.1e-86 7.1e-90 +1.39e-01 +1.38e-01 9.0e-01 9.7e-01 1.00e-01
29 1.5e-05 1.1e-86 2.6e-90 +1.38e-01 +1.38e-01 9.0e-01 9.6e-01 1.00e-01
30 2.4e-06 1.1e-86 1.9e-88 +1.38e-01 +1.38e-01 9.6e-01 9.8e-01 1.00e-01
31 2.9e-07 1.1e-86 1.4e-88 +1.38e-01 +1.38e-01 9.8e-01 9.5e-01 1.00e-01
32 4.0e-08 1.1e-86 6.1e-89 +1.38e-01 +1.38e-01 1.0e+00 9.8e-01 1.00e-01
33 4.3e-09 1.1e-86 8.7e-91 +1.38e-01 +1.38e-01 1.0e+00 9.9e-01 1.00e-01
34 4.3e-10 1.1e-86 1.6e-88 +1.38e-01 +1.38e-01 1.0e+00 9.9e-01 1.00e-01
35 4.4e-11 1.1e-86 3.6e-88 +1.38e-01 +1.38e-01 1.0e+00 9.9e-01 1.00e-01
36 4.4e-12 1.1e-86 2.9e-88 +1.38e-01 +1.38e-01 1.0e+00 9.9e-01 1.00e-01
37 4.4e-13 1.1e-86 2.2e-88 +1.38e-01 +1.38e-01 1.0e+00 9.9e-01 1.00e-01
38 4.4e-14 1.1e-86 4.1e-88 +1.38e-01 +1.38e-01 1.0e+00 9.9e-01 1.00e-01
39 4.4e-15 1.1e-86 2.2e-88 +1.38e-01 +1.38e-01 1.0e+00 1.0e+00 1.00e-01
40 4.4e-16 1.1e-86 6.0e-88 +1.38e-01 +1.38e-01 1.0e+00 1.0e+00 1.00e-01
41 4.4e-17 1.1e-86 3.8e-88 +1.38e-01 +1.38e-01 1.0e+00 1.0e+00 1.00e-01
42 4.4e-18 1.1e-86 3.6e-88 +1.38e-01 +1.38e-01 1.0e+00 1.0e+00 1.00e-01
43 4.4e-19 1.1e-86 5.0e-88 +1.38e-01 +1.38e-01 1.0e+00 1.0e+00 1.00e-01
44 4.4e-20 1.1e-86 2.4e-88 +1.38e-01 +1.38e-01 1.0e+00 1.0e+00 1.00e-01
45 4.4e-21 1.1e-86 2.4e-88 +1.38e-01 +1.38e-01 1.0e+00 1.0e+00 1.00e-01
46 4.4e-22 1.1e-86 6.9e-83 +1.38e-01 +1.38e-01 1.0e+00 1.0e+00 1.00e-01
47 4.4e-23 1.1e-86 1.7e-82 +1.38e-01 +1.38e-01 1.0e+00 1.0e+00 1.00e-01
48 4.4e-24 1.1e-86 4.1e-83 +1.38e-01 +1.38e-01 1.0e+00 1.0e+00 1.00e-01
49 4.4e-25 1.1e-86 6.8e-84 +1.38e-01 +1.38e-01 1.0e+00 1.0e+00 1.00e-01
50 4.4e-26 1.1e-86 1.5e-83 +1.38e-01 +1.38e-01 1.0e+00 1.0e+00 1.00e-01
51 4.4e-27 1.1e-86 1.2e-82 +1.38e-01 +1.38e-01 1.0e+00 1.0e+00 1.00e-01
52 4.4e-28 1.1e-86 1.4e-81 +1.38e-01 +1.38e-01 1.0e+00 1.0e+00 1.00e-01
53 4.4e-29 1.1e-86 1.3e-80 +1.38e-01 +1.38e-01 1.0e+00 1.0e+00 1.00e-01
54 4.4e-30 1.1e-86 4.5e-80 +1.38e-01 +1.38e-01 1.0e+00 1.0e+00 1.00e-01
55 4.4e-31 1.1e-86 6.8e-80 +1.38e-01 +1.38e-01 1.0e+00 1.0e+00 1.00e-01
56 4.4e-32 1.1e-86 3.4e-82 +1.38e-01 +1.38e-01 1.0e+00 1.0e+00 1.00e-01

phase.value = pdOPT     
   Iteration = 56
          mu = 4.3582530889636850e-32
relative gap = 5.2299037067564220e-31
         gap = 5.2299037067564220e-31
      digits = 2.9422366416759029e+01
objValPrimal = 1.3831207903143137e-01
objValDual   = 1.3831207903143137e-01
p.feas.error = 1.1215055715293985e-76
d.feas.error = 4.0339440648268199e-71
relative eps = 8.6361685550944446e-78
total time   = 0.110


Parameters are
maxIteration =    200
epsilonStar  = 1.000e-30
lambdaStar   = 1.000e+10
omegaStar    = 2.000e+00
lowerBound   = -1.000e+05
upperBound   = 1.000e+05
betaStar     = 1.000e-01
betaBar      = 3.000e-01
gammaStar    = 9.000e-01
epsilonDash  = 1.000e-30
precision    =    200

                         Time(sec)  Ratio(% : MainLoop) 
 Predictor time  =       0.030000,  27.272727
 Corrector time  =       0.020000,  18.181818
 Make bMat time  =       0.030000,  27.272727
 Make bDia time  =       0.000000,  0.000000
 Make bF1  time  =       0.030000,  27.272727
 Make bF2  time  =       0.000000,  0.000000
 Make bF3  time  =       0.000000,  0.000000
 Make bPRE time  =       0.030000,  27.272727
 Make rMat time  =       0.000000,  0.000000
 Make gVec Mul   =       0.000000,  0.000000
 Make gVec time  =       0.000000,  0.000000
 Cholesky bMat   =       0.000000,  0.000000
 Ste Pre time    =       0.000000,  0.000000
 Ste Cor time    =       0.050000,  45.454545
 solve           =       0.000000,  0.000000
 sumDz           =       0.000000,  0.000000
 makedX          =       0.010000,  9.090909
 symmetriseDx    =       0.000000,  0.000000
 makedXdZ        =       0.010000,  9.090909
 xMatTime        =       0.010000,  9.090909
 zMatTime        =       0.000000,  0.000000
 invzMatTime     =       0.000000,  0.000000
 xMatzMatTime    =       0.000000,  0.000000
 EigxMatTime     =       0.020000,  18.181818
 EigzMatTime     =       0.030000,  27.272727
 EigxMatzMatTime =       0.000000,  0.000000
 updateRes       =       0.000000,  0.000000
 EigTime         =       0.050000,  45.454545
 sub_total_bMat  =       0.080000,  72.727273
 Main Loop       =       0.110000,  100.000000
 File Check      =       0.000000,  0.000000
 File Change     =       0.000000,  0.000000
 File Read       =       0.000000,  0.000000
 Total           =       0.110000,  100.000000

xVec = 
{-1.383120790314e-01,+2.544579392487e-01,+1.599584761546e-01,+1.455387750882e-01,+2.406520232144e-01,+8.105454837204e-02,+9.792322944296e-02,+6.049942766905e-02}
xMat = 
{
{ {+1.138312079031e+00,+2.544579392487e-01,+1.599584761546e-01,+1.455387750882e-01,+2.406520232144e-01,+8.105454837204e-02 },
  {+2.544579392487e-01,+2.982705551861e-01,+1.455387750882e-01,+2.406520232144e-01,+8.105454837204e-02,+9.792322944296e-02 },
  {+1.599584761546e-01,+1.455387750882e-01,+3.789641022458e-01,+8.105454837204e-02,+9.792322944296e-02,+6.049942766905e-02 },
  {+1.455387750882e-01,+2.406520232144e-01,+8.105454837204e-02,+2.362353084744e-01,+6.049942766905e-02,-6.356741499040e-03 },
  {+2.406520232144e-01,+8.105454837204e-02,+9.792322944296e-02,+6.049942766905e-02,+1.319553375324e-01,-5.037091913032e-02 },
  {+8.105454837204e-02,+9.792322944296e-02,+6.049942766905e-02,-6.356741499040e-03,-5.037091913032e-02,+2.757398375139e-01 }   }
{ {+3.927700182801e-01,+1.599584761546e-01,+1.455387750882e-01,+2.406520232144e-01,+8.105454837204e-02,+9.792322944296e-02 },
  {+1.599584761546e-01,+2.838508541196e-01,+2.406520232144e-01,+8.105454837204e-02,+9.792322944296e-02,+6.049942766905e-02 },
  {+1.455387750882e-01,+2.406520232144e-01,+2.193666274035e-01,+9.792322944296e-02,+6.049942766905e-02,-6.356741499040e-03 },
  {+2.406520232144e-01,+8.105454837204e-02,+9.792322944296e-02,+1.988115067005e-01,-6.356741499040e-03,-5.037091913032e-02 },
  {+8.105454837204e-02,+9.792322944296e-02,+6.049942766905e-02,-6.356741499040e-03,+8.794115990111e-02,+1.374277584825e-01 },
  {+9.792322944296e-02,+6.049942766905e-02,-6.356741499040e-03,-5.037091913032e-02,+1.374277584825e-01,+2.851402599518e-01 }   }
}
yMat = 
{
{ {+8.286158541806e-32,+2.489254661411e-23,-7.725629212820e-25,-2.330256276459e-23,-8.113916454125e-24,-1.068997780491e-23 },
  {+2.489254661411e-23,+8.764773342809e-02,-2.720227562353e-03,-8.204933146696e-02,-2.856945015580e-02,-3.763987404670e-02 },
  {-7.725629212820e-25,-2.720227562353e-03,+8.442475009416e-05,+2.546476037651e-03,+8.866790128561e-04,+1.168187913374e-03 },
  {-2.330256276459e-23,-8.204933146696e-02,+2.546476037651e-03,+7.680852123460e-02,+2.674460814878e-02,+3.523566875311e-02 },
  {-8.113916454125e-24,-2.856945015580e-02,+8.866790128561e-04,+2.674460814878e-02,+9.312431140899e-03,+1.226900529413e-02 },
  {-1.068997780491e-23,-3.763987404670e-02,+1.168187913374e-03,+3.523566875311e-02,+1.226900529413e-02,+1.616425277459e-02 }   }
{ {+1.192805932883e-01,+6.991873759063e-02,-4.900991838206e-02,-1.582182976431e-01,-1.334257346756e-01,-2.053420772795e-02 },
  {+6.991873759063e-02,+1.004070361151e-01,-1.150823570326e-01,-8.275289270532e-02,-2.183148258490e-02,-5.197748346686e-02 },
  {-4.900991838206e-02,-1.150823570326e-01,+1.456286190585e-01,+5.049101066753e-02,-2.710869164668e-02,+6.647996691503e-02 },
  {-1.582182976431e-01,-8.275289270532e-02,+5.049101066753e-02,+2.115462266433e-01,+1.864591649217e-01,+2.052260316906e-02 },
  {-1.334257346756e-01,-2.183148258490e-02,-2.710869164668e-02,+1.864591649217e-01,+2.027389254554e-01,-1.492559654399e-02 },
  {-2.053420772795e-02,-5.197748346686e-02,+6.647996691503e-02,+2.052260316906e-02,-1.492559654399e-02,+3.038123611106e-02 }   }
}
    main loop time = 0.110000
        total time = 0.110000
  file   read time = 0.000000
