SDPA-GMP start at Wed Jun  5 23:35:11 2024
*SDP Scan Problem: V = x^2 - 2*x^4 + x^8
* K = 6; eval = -1.356783919597989; Domain = R+ with BCs: Neumann
data      is /Users/gorg/qmBoot/data/K=6_BC-Neumann_V_0.0_0.0_1.0_0.0_-2.0_0.0_0.0_0.0_1.0/e=-1.356783919597989_K=6_D=R+.dat
parameter is ./param.sdpa
out       is /Users/gorg/qmBoot/data/K=6_BC-Neumann_V_0.0_0.0_1.0_0.0_-2.0_0.0_0.0_0.0_1.0/e=-1.356783919597989_K=6_D=R+.out
DENSE computation
   mu      thetaP  thetaD  objP      objD      alphaP  alphaD  beta 
 0 1.0e+20 1.0e+00 1.0e+00 +0.00e+00 -9.43e+09 1.0e+00 9.0e-01 3.00e-01
 1 1.6e+19 8.6e-88 1.0e-01 +1.60e+10 -9.43e+08 9.0e-01 9.0e-01 3.00e-01
 2 2.5e+18 2.6e-87 1.0e-02 +2.46e+10 -9.43e+07 9.0e-01 9.0e-01 3.00e-01
 3 3.8e+17 1.7e-87 1.0e-03 +3.79e+10 -9.43e+06 9.0e-01 9.0e-01 3.00e-01
 4 5.8e+16 3.5e-87 1.0e-04 +5.84e+10 -9.43e+05 9.0e-01 9.0e-01 3.00e-01
 5 9.0e+15 6.0e-87 1.0e-05 +9.00e+10 -9.43e+04 9.0e-01 9.0e-01 3.00e-01
 6 1.4e+15 7.8e-87 1.0e-06 +1.39e+11 -9.43e+03 9.0e-01 9.0e-01 3.00e-01
 7 2.1e+14 8.6e-87 1.0e-07 +2.13e+11 -9.43e+02 9.0e-01 9.0e-01 3.00e-01
 8 3.3e+13 1.0e-86 1.0e-08 +3.29e+11 -9.44e+01 9.0e-01 9.0e-01 3.00e-01
 9 5.1e+12 1.1e-86 1.0e-09 +5.05e+11 -9.51e+00 9.0e-01 9.0e-01 3.00e-01
10 8.2e+11 1.2e-86 9.8e-11 +7.69e+11 -1.03e+00 9.2e-01 9.2e-01 3.00e-01
11 1.8e+11 1.5e-86 8.2e-12 +1.05e+12 -1.80e-01 1.7e+00 1.0e+00 3.00e-01
12 3.6e+10 1.2e-86 1.0e-89 +4.31e+11 -1.14e-01 9.6e-01 9.6e-01 1.00e-01
13 4.8e+09 1.2e-86 3.7e-91 +5.75e+10 -1.16e-01 9.9e-01 9.9e-01 1.00e-01
14 5.2e+08 1.1e-86 4.8e-93 +6.23e+09 -1.17e-01 1.0e+00 1.0e+00 1.00e-01
15 5.2e+07 1.0e-86 2.5e-93 +6.29e+08 -1.18e-01 1.0e+00 1.0e+00 1.00e-01
16 5.2e+06 1.0e-86 1.3e-92 +6.29e+07 -1.20e-01 1.0e+00 1.0e+00 1.00e-01
17 5.2e+05 9.5e-87 3.1e-92 +6.29e+06 -1.21e-01 1.0e+00 1.0e+00 1.00e-01
18 5.2e+04 8.6e-87 1.1e-91 +6.29e+05 -1.21e-01 1.0e+00 1.0e+00 1.00e-01
19 5.2e+03 9.5e-87 3.4e-91 +6.29e+04 -1.22e-01 1.0e+00 1.0e+00 1.00e-01
20 5.2e+02 9.5e-87 1.5e-90 +6.29e+03 -1.23e-01 1.0e+00 1.0e+00 1.00e-01
21 5.2e+01 9.5e-87 3.1e-90 +6.29e+02 -1.24e-01 1.0e+00 1.0e+00 1.00e-01
22 5.3e+00 9.5e-87 1.1e-89 +6.32e+01 -1.24e-01 9.9e-01 3.7e+01 1.00e-01
23 5.5e-01 1.0e-86 1.5e-87 +6.54e+00 -1.57e-02 9.7e-01 1.7e+01 1.00e-01
24 7.0e-02 1.0e-86 2.0e-86 +8.39e-01 +1.41e-03 8.9e-01 9.7e-01 1.00e-01
25 1.3e-02 1.0e-86 7.9e-88 +2.50e-01 +9.30e-02 8.3e-01 9.7e-01 1.00e-01
26 2.6e-03 1.0e-86 7.2e-89 +1.81e-01 +1.49e-01 9.1e-01 8.8e-01 1.00e-01
27 5.2e-04 1.0e-86 7.2e-89 +1.68e-01 +1.62e-01 9.3e-01 9.6e-01 1.00e-01
28 7.6e-05 1.0e-86 5.6e-90 +1.66e-01 +1.65e-01 9.7e-01 9.5e-01 1.00e-01
29 1.0e-05 1.0e-86 1.3e-90 +1.66e-01 +1.66e-01 9.9e-01 9.9e-01 1.00e-01
30 1.1e-06 1.0e-86 8.5e-91 +1.66e-01 +1.66e-01 9.9e-01 1.0e+00 1.00e-01
31 1.2e-07 1.0e-86 2.9e-91 +1.66e-01 +1.66e-01 9.9e-01 1.0e+00 1.00e-01
32 1.2e-08 1.0e-86 1.2e-91 +1.66e-01 +1.66e-01 9.9e-01 1.0e+00 1.00e-01
33 1.2e-09 1.0e-86 1.0e-88 +1.66e-01 +1.66e-01 9.9e-01 1.0e+00 1.00e-01
34 1.2e-10 1.0e-86 1.3e-88 +1.66e-01 +1.66e-01 9.9e-01 1.0e+00 1.00e-01
35 1.2e-11 1.0e-86 2.7e-88 +1.66e-01 +1.66e-01 9.9e-01 1.0e+00 1.00e-01
36 1.2e-12 1.0e-86 1.2e-88 +1.66e-01 +1.66e-01 9.9e-01 1.0e+00 1.00e-01
37 1.2e-13 1.0e-86 2.7e-88 +1.66e-01 +1.66e-01 9.9e-01 1.0e+00 1.00e-01
38 1.2e-14 1.0e-86 1.6e-88 +1.66e-01 +1.66e-01 9.9e-01 1.0e+00 1.00e-01
39 1.2e-15 1.0e-86 1.4e-88 +1.66e-01 +1.66e-01 9.9e-01 1.0e+00 1.00e-01
40 1.2e-16 1.0e-86 3.6e-88 +1.66e-01 +1.66e-01 9.9e-01 1.0e+00 1.00e-01
41 1.2e-17 1.0e-86 2.8e-88 +1.66e-01 +1.66e-01 9.9e-01 1.0e+00 1.00e-01
42 1.2e-18 1.0e-86 3.1e-88 +1.66e-01 +1.66e-01 9.9e-01 1.0e+00 1.00e-01
43 1.2e-19 1.0e-86 2.6e-88 +1.66e-01 +1.66e-01 9.9e-01 1.0e+00 1.00e-01
44 1.2e-20 1.0e-86 2.4e-88 +1.66e-01 +1.66e-01 9.9e-01 1.0e+00 1.00e-01
45 1.2e-21 1.0e-86 3.1e-85 +1.66e-01 +1.66e-01 9.9e-01 1.0e+00 1.00e-01
46 1.2e-22 1.0e-86 2.9e-84 +1.66e-01 +1.66e-01 9.9e-01 1.0e+00 1.00e-01
47 1.2e-23 1.0e-86 6.0e-85 +1.66e-01 +1.66e-01 9.9e-01 1.0e+00 1.00e-01
48 1.2e-24 1.0e-86 2.8e-85 +1.66e-01 +1.66e-01 9.9e-01 1.0e+00 1.00e-01
49 1.2e-25 1.0e-86 2.2e-84 +1.66e-01 +1.66e-01 9.9e-01 1.0e+00 1.00e-01
50 1.2e-26 1.0e-86 7.5e-84 +1.66e-01 +1.66e-01 9.9e-01 1.0e+00 1.00e-01
51 1.2e-27 1.0e-86 2.3e-83 +1.66e-01 +1.66e-01 9.9e-01 1.0e+00 1.00e-01
52 1.2e-28 1.0e-86 5.8e-86 +1.66e-01 +1.66e-01 9.9e-01 1.0e+00 1.00e-01
53 1.2e-29 1.0e-86 4.3e-88 +1.66e-01 +1.66e-01 9.9e-01 1.0e+00 1.00e-01
54 1.2e-30 1.0e-86 2.6e-88 +1.66e-01 +1.66e-01 9.9e-01 1.0e+00 1.00e-01
55 1.2e-31 1.0e-86 3.4e-88 +1.66e-01 +1.66e-01 9.9e-01 1.0e+00 1.00e-01
56 1.2e-32 1.0e-86 2.1e-87 +1.66e-01 +1.66e-01 9.9e-01 1.0e+00 1.00e-01

phase.value = pdOPT     
   Iteration = 56
          mu = 1.1608011931649856e-32
relative gap = 1.3929614317979827e-31
         gap = 1.3929614317979827e-31
      digits = 3.0076502251762744e+01
objValPrimal = 1.6612742888269660e-01
objValDual   = 1.6612742888269660e-01
p.feas.error = 1.0102179528619408e-76
d.feas.error = 2.5615951155746902e-76
relative eps = 8.6361685550944446e-78
total time   = 0.110


Parameters are
maxIteration =    200
epsilonStar  = 1.000e-30
lambdaStar   = 1.000e+10
omegaStar    = 2.000e+00
lowerBound   = -1.000e+05
upperBound   = 1.000e+05
betaStar     = 1.000e-01
betaBar      = 3.000e-01
gammaStar    = 9.000e-01
epsilonDash  = 1.000e-30
precision    =    200

                         Time(sec)  Ratio(% : MainLoop) 
 Predictor time  =       0.030000,  27.272727
 Corrector time  =       0.020000,  18.181818
 Make bMat time  =       0.010000,  9.090909
 Make bDia time  =       0.000000,  0.000000
 Make bF1  time  =       0.010000,  9.090909
 Make bF2  time  =       0.000000,  0.000000
 Make bF3  time  =       0.000000,  0.000000
 Make bPRE time  =       0.010000,  9.090909
 Make rMat time  =       0.010000,  9.090909
 Make gVec Mul   =       0.000000,  0.000000
 Make gVec time  =       0.000000,  0.000000
 Cholesky bMat   =       0.000000,  0.000000
 Ste Pre time    =       0.000000,  0.000000
 Ste Cor time    =       0.040000,  36.363636
 solve           =       0.000000,  0.000000
 sumDz           =       0.010000,  9.090909
 makedX          =       0.010000,  9.090909
 symmetriseDx    =       0.000000,  0.000000
 makedXdZ        =       0.020000,  18.181818
 xMatTime        =       0.020000,  18.181818
 zMatTime        =       0.000000,  0.000000
 invzMatTime     =       0.000000,  0.000000
 xMatzMatTime    =       0.000000,  0.000000
 EigxMatTime     =       0.040000,  36.363636
 EigzMatTime     =       0.000000,  0.000000
 EigxMatzMatTime =       0.000000,  0.000000
 updateRes       =       0.000000,  0.000000
 EigTime         =       0.040000,  36.363636
 sub_total_bMat  =       0.100000,  90.909091
 Main Loop       =       0.110000,  100.000000
 File Check      =       0.000000,  0.000000
 File Change     =       0.000000,  0.000000
 File Read       =       0.000000,  0.000000
 Total           =       0.110000,  100.000000

xVec = 
{-1.661274288827e-01,+1.942210898021e-01,+9.723301554524e-02,+9.357597202547e-02,+2.205096116723e-01,+5.864863527647e-02,+6.820857120942e-02,+4.309590752100e-02}
xMat = 
{
{ {+1.166127428883e+00,+1.942210898021e-01,+9.723301554524e-02,+9.357597202547e-02,+2.205096116723e-01,+5.864863527647e-02 },
  {+1.942210898021e-01,+2.633604444279e-01,+9.357597202547e-02,+2.205096116723e-01,+5.864863527647e-02,+6.820857120942e-02 },
  {+9.723301554524e-02,+9.357597202547e-02,+3.866370405550e-01,+5.864863527647e-02,+6.820857120942e-02,+4.309590752100e-02 },
  {+9.357597202547e-02,+2.205096116723e-01,+5.864863527647e-02,+2.343360000921e-01,+4.309590752100e-02,-4.563845613092e-02 },
  {+2.205096116723e-01,+5.864863527647e-02,+6.820857120942e-02,+4.309590752100e-02,+1.204889727518e-01,-5.548272745261e-02 },
  {+5.864863527647e-02,+6.820857120942e-02,+4.309590752100e-02,-4.563845613092e-02,-5.548272745261e-02,+2.953095273923e-01 }   }
{ {+3.603485186848e-01,+9.723301554524e-02,+9.357597202547e-02,+2.205096116723e-01,+5.864863527647e-02,+6.820857120942e-02 },
  {+9.723301554524e-02,+2.597034009082e-01,+2.205096116723e-01,+5.864863527647e-02,+6.820857120942e-02,+4.309590752100e-02 },
  {+9.357597202547e-02,+2.205096116723e-01,+2.247760641592e-01,+6.820857120942e-02,+4.309590752100e-02,-4.563845613092e-02 },
  {+2.205096116723e-01,+5.864863527647e-02,+6.820857120942e-02,+2.092233364037e-01,-4.563845613092e-02,-5.548272745261e-02 },
  {+5.864863527647e-02,+6.820857120942e-02,+4.309590752100e-02,-4.563845613092e-02,+1.106447014301e-01,+1.291820985096e-01 },
  {+6.820857120942e-02,+4.309590752100e-02,-4.563845613092e-02,-5.548272745261e-02,+1.291820985096e-01,+2.763005234155e-01 }   }
}
yMat = 
{
{ {+1.760730902505e-32,+1.739394162073e-23,+3.159147347441e-25,-1.682603001340e-23,-6.235260805334e-24,-7.835486608883e-24 },
  {+1.739394162073e-23,+8.118145937700e-02,+1.474445494725e-03,-7.853088745086e-02,-2.910137217004e-02,-3.656998803020e-02 },
  {+3.159147347441e-25,+1.474445494725e-03,+2.677938452447e-05,-1.426304898769e-03,-5.285490974875e-04,-6.641966590286e-04 },
  {-1.682603001340e-23,-7.853088745086e-02,-1.426304898769e-03,+7.596685660922e-02,+2.815121334464e-02,+3.537597914743e-02 },
  {-6.235260805334e-24,-2.910137217004e-02,-5.285490974875e-04,+2.815121334464e-02,+1.043206008710e-02,+1.310935822154e-02 },
  {-7.835486608883e-24,-3.656998803020e-02,-6.641966590286e-04,+3.537597914743e-02,+1.310935822154e-02,+1.647376180217e-02 }   }
{ {+1.050882770162e-01,+6.745321737798e-02,-4.777628776952e-02,-1.444505487219e-01,-1.158428499551e-01,-1.920011863429e-02 },
  {+6.745321737798e-02,+1.252076519724e-01,-1.383221348098e-01,-8.210882360309e-02,-1.049011626442e-02,-7.061195418745e-02 },
  {-4.777628776952e-02,-1.383221348098e-01,+1.632124205779e-01,+5.172694842758e-02,-3.127351612248e-02,+8.533665982047e-02 },
  {-1.444505487219e-01,-8.210882360309e-02,+5.172694842758e-02,+1.999308042975e-01,+1.675059471619e-01,+1.884178273221e-02 },
  {-1.158428499551e-01,-1.049011626442e-02,-3.127351612248e-02,+1.675059471619e-01,+1.774943967730e-01,-2.428200419513e-02 },
  {-1.920011863429e-02,-7.061195418745e-02,+8.533665982047e-02,+1.884178273221e-02,-2.428200419513e-02,+4.498553210310e-02 }   }
}
    main loop time = 0.110000
        total time = 0.110000
  file   read time = 0.000000
