SDPA-GMP start at Wed Jun  5 23:35:10 2024
*SDP Scan Problem: V = x^2 - 2*x^4 + x^8
* K = 6; eval = -10.0; Domain = R+ with BCs: Neumann
data      is /Users/gorg/qmBoot/data/K=6_BC-Neumann_V_0.0_0.0_1.0_0.0_-2.0_0.0_0.0_0.0_1.0/e=-10.0_K=6_D=R+.dat
parameter is ./param.sdpa
out       is /Users/gorg/qmBoot/data/K=6_BC-Neumann_V_0.0_0.0_1.0_0.0_-2.0_0.0_0.0_0.0_1.0/e=-10.0_K=6_D=R+.out
DENSE computation
   mu      thetaP  thetaD  objP      objD      alphaP  alphaD  beta 
 0 1.0e+20 1.0e+00 1.0e+00 +0.00e+00 +7.86e+09 1.0e+00 9.0e-01 3.00e-01
 1 1.6e+19 8.6e-88 1.0e-01 +1.60e+10 +7.86e+08 9.0e-01 9.0e-01 3.00e-01
 2 2.5e+18 1.7e-87 1.0e-02 +2.46e+10 +7.86e+07 9.0e-01 9.0e-01 3.00e-01
 3 3.8e+17 4.3e-87 1.0e-03 +3.79e+10 +7.86e+06 9.0e-01 9.0e-01 3.00e-01
 4 5.8e+16 6.9e-87 1.0e-04 +5.84e+10 +7.86e+05 9.0e-01 9.0e-01 3.00e-01
 5 9.0e+15 9.5e-87 1.0e-05 +9.00e+10 +7.86e+04 9.0e-01 9.0e-01 3.00e-01
 6 1.4e+15 1.3e-86 1.0e-06 +1.39e+11 +7.86e+03 9.0e-01 9.0e-01 3.00e-01
 7 2.1e+14 1.4e-86 1.0e-07 +2.13e+11 +7.86e+02 9.0e-01 9.0e-01 3.00e-01
 8 3.3e+13 1.5e-86 1.0e-08 +3.29e+11 +7.85e+01 9.0e-01 9.0e-01 3.00e-01
 9 5.1e+12 1.6e-86 1.0e-09 +5.05e+11 +7.76e+00 9.0e-01 9.0e-01 3.00e-01
10 8.3e+11 1.8e-86 1.0e-10 +7.68e+11 +6.93e-01 9.1e-01 9.1e-01 3.00e-01
11 1.9e+11 2.0e-86 9.2e-12 +1.05e+12 -9.15e-03 1.8e+00 1.0e+00 3.00e-01
12 4.0e+10 2.2e-86 5.3e-94 +4.85e+11 -4.03e-02 9.6e-01 9.0e+01 1.00e-01
13 5.5e+09 2.2e-86 8.9e-92 +6.59e+10 +9.15e-02 9.9e-01 9.9e-01 1.00e-01
14 6.1e+08 2.7e-86 2.6e-93 +7.36e+09 +8.22e-02 1.0e+00 1.0e+00 1.00e-01
15 6.3e+07 2.7e-86 3.1e-93 +7.60e+08 +7.33e-02 1.0e+00 1.0e+00 1.00e-01
16 6.4e+06 2.7e-86 7.3e-93 +7.70e+07 +6.48e-02 1.0e+00 1.0e+00 1.00e-01
17 6.5e+05 2.9e-86 5.3e-92 +7.75e+06 +5.70e-02 1.0e+00 1.0e+00 1.00e-01
18 6.5e+04 3.1e-86 1.4e-91 +7.76e+05 +5.00e-02 1.0e+00 1.0e+00 1.00e-01
19 6.5e+03 2.9e-86 4.1e-91 +7.77e+04 +4.37e-02 1.0e+00 1.0e+00 1.00e-01
20 6.5e+02 3.4e-86 2.3e-90 +7.77e+03 +3.80e-02 1.0e+00 1.0e+00 1.00e-01
21 6.5e+01 3.5e-86 4.6e-90 +7.78e+02 +3.31e-02 1.0e+00 1.0e+00 1.00e-01
22 6.6e+00 3.5e-86 1.2e-89 +7.92e+01 +3.13e-02 9.8e-01 1.7e+01 1.00e-01
23 7.4e-01 3.5e-86 5.0e-88 +9.26e+00 +4.30e-01 9.0e-01 3.8e+00 1.00e-01
24 1.1e-01 3.4e-86 9.4e-88 +2.19e+00 +9.09e-01 8.7e-01 1.1e+00 1.00e-01
25 1.9e-02 3.5e-86 1.1e-88 +1.38e+00 +1.15e+00 8.9e-01 9.5e-01 1.00e-01
26 3.4e-03 3.5e-86 7.2e-89 +1.27e+00 +1.22e+00 8.9e-01 9.3e-01 1.00e-01
27 6.2e-04 3.5e-86 2.2e-89 +1.25e+00 +1.24e+00 9.2e-01 9.5e-01 1.00e-01
28 9.6e-05 3.5e-86 1.1e-89 +1.25e+00 +1.25e+00 9.7e-01 8.8e-01 1.00e-01
29 1.7e-05 3.5e-86 1.8e-90 +1.25e+00 +1.25e+00 9.7e-01 9.9e-01 1.00e-01
30 1.9e-06 3.5e-86 2.2e-90 +1.25e+00 +1.25e+00 9.8e-01 1.0e+00 1.00e-01
31 2.0e-07 3.4e-86 2.9e-91 +1.25e+00 +1.25e+00 9.8e-01 1.0e+00 1.00e-01
32 2.1e-08 3.4e-86 9.5e-89 +1.25e+00 +1.25e+00 9.8e-01 1.0e+00 1.00e-01
33 2.1e-09 3.5e-86 1.8e-88 +1.25e+00 +1.25e+00 9.8e-01 1.0e+00 1.00e-01
34 2.1e-10 3.4e-86 2.0e-88 +1.25e+00 +1.25e+00 9.8e-01 1.0e+00 1.00e-01
35 2.1e-11 3.4e-86 2.3e-88 +1.25e+00 +1.25e+00 9.8e-01 1.0e+00 1.00e-01
36 2.1e-12 3.3e-86 5.8e-88 +1.25e+00 +1.25e+00 9.8e-01 1.0e+00 1.00e-01
37 2.1e-13 3.4e-86 1.2e-87 +1.25e+00 +1.25e+00 9.8e-01 1.0e+00 1.00e-01
38 2.1e-14 3.4e-86 8.9e-88 +1.25e+00 +1.25e+00 9.8e-01 1.0e+00 1.00e-01
39 2.1e-15 3.5e-86 1.2e-87 +1.25e+00 +1.25e+00 9.8e-01 1.0e+00 1.00e-01
40 2.1e-16 3.5e-86 1.1e-87 +1.25e+00 +1.25e+00 9.8e-01 1.0e+00 1.00e-01
41 2.1e-17 3.4e-86 1.5e-87 +1.25e+00 +1.25e+00 9.8e-01 1.0e+00 1.00e-01
42 2.1e-18 3.5e-86 1.6e-87 +1.25e+00 +1.25e+00 9.8e-01 1.0e+00 1.00e-01
43 2.1e-19 3.5e-86 1.1e-87 +1.25e+00 +1.25e+00 9.8e-01 1.0e+00 1.00e-01
44 2.1e-20 3.4e-86 1.2e-87 +1.25e+00 +1.25e+00 9.8e-01 1.0e+00 1.00e-01
45 2.1e-21 3.5e-86 1.1e-86 +1.25e+00 +1.25e+00 9.8e-01 1.0e+00 1.00e-01
46 2.1e-22 3.4e-86 3.5e-86 +1.25e+00 +1.25e+00 9.8e-01 1.0e+00 1.00e-01
47 2.1e-23 3.4e-86 1.0e-85 +1.25e+00 +1.25e+00 9.8e-01 1.0e+00 1.00e-01
48 2.1e-24 3.4e-86 1.3e-85 +1.25e+00 +1.25e+00 9.8e-01 1.0e+00 1.00e-01
49 2.1e-25 3.5e-86 5.9e-85 +1.25e+00 +1.25e+00 9.8e-01 1.0e+00 1.00e-01
50 2.1e-26 3.4e-86 3.4e-85 +1.25e+00 +1.25e+00 9.8e-01 1.0e+00 1.00e-01
51 2.1e-27 3.5e-86 3.6e-87 +1.25e+00 +1.25e+00 9.8e-01 1.0e+00 1.00e-01
52 2.1e-28 3.4e-86 1.2e-87 +1.25e+00 +1.25e+00 9.8e-01 1.0e+00 1.00e-01
53 2.1e-29 3.4e-86 1.1e-87 +1.25e+00 +1.25e+00 9.8e-01 1.0e+00 1.00e-01
54 2.1e-30 3.4e-86 1.2e-87 +1.25e+00 +1.25e+00 9.8e-01 1.0e+00 1.00e-01
55 2.1e-31 3.3e-86 1.2e-87 +1.25e+00 +1.25e+00 9.8e-01 1.0e+00 1.00e-01
56 2.1e-32 3.4e-86 1.2e-87 +1.25e+00 +1.25e+00 9.8e-01 1.0e+00 1.00e-01

phase.value = pdOPT     
   Iteration = 56
          mu = 2.0714406396203383e-32
relative gap = 1.9929141985660135e-31
         gap = 2.4857287675444060e-31
      digits = 3.0700511398686093e+01
objValPrimal = 1.2472833849711109e+00
objValDual   = 1.2472833849711109e+00
p.feas.error = 3.3681057364868334e-76
d.feas.error = 1.4524844699887417e-76
relative eps = 8.6361685550944446e-78
total time   = 0.120


Parameters are
maxIteration =    200
epsilonStar  = 1.000e-30
lambdaStar   = 1.000e+10
omegaStar    = 2.000e+00
lowerBound   = -1.000e+05
upperBound   = 1.000e+05
betaStar     = 1.000e-01
betaBar      = 3.000e-01
gammaStar    = 9.000e-01
epsilonDash  = 1.000e-30
precision    =    200

                         Time(sec)  Ratio(% : MainLoop) 
 Predictor time  =       0.030000,  25.000000
 Corrector time  =       0.030000,  25.000000
 Make bMat time  =       0.020000,  16.666667
 Make bDia time  =       0.000000,  0.000000
 Make bF1  time  =       0.010000,  8.333333
 Make bF2  time  =       0.010000,  8.333333
 Make bF3  time  =       0.000000,  0.000000
 Make bPRE time  =       0.010000,  8.333333
 Make rMat time  =       0.010000,  8.333333
 Make gVec Mul   =       0.000000,  0.000000
 Make gVec time  =       0.000000,  0.000000
 Cholesky bMat   =       0.000000,  0.000000
 Ste Pre time    =       0.000000,  0.000000
 Ste Cor time    =       0.060000,  50.000000
 solve           =       0.010000,  8.333333
 sumDz           =       0.000000,  0.000000
 makedX          =       0.020000,  16.666667
 symmetriseDx    =       0.000000,  0.000000
 makedXdZ        =       0.020000,  16.666667
 xMatTime        =       0.000000,  0.000000
 zMatTime        =       0.000000,  0.000000
 invzMatTime     =       0.000000,  0.000000
 xMatzMatTime    =       0.000000,  0.000000
 EigxMatTime     =       0.040000,  33.333333
 EigzMatTime     =       0.020000,  16.666667
 EigxMatzMatTime =       0.000000,  0.000000
 updateRes       =       0.000000,  0.000000
 EigTime         =       0.060000,  50.000000
 sub_total_bMat  =       0.100000,  83.333333
 Main Loop       =       0.120000,  100.000000
 File Check      =       0.000000,  0.000000
 File Change     =       0.000000,  0.000000
 File Read       =       0.000000,  0.000000
 Total           =       0.120000,  100.000000

xVec = 
{-1.247283384971e+00,+4.937088707364e-02,-1.539680883693e-01,-4.346178560138e-02,+9.477179722018e-01,-1.963183002563e-02,-3.005695513121e-02,+2.897971427594e-02}
xMat = 
{
{ {+2.247283384971e+00,+4.937088707364e-02,-1.539680883693e-01,-4.346178560138e-02,+9.477179722018e-01,-1.963183002563e-02 },
  {+4.937088707364e-02,+1.093315296602e+00,-4.346178560138e-02,+9.477179722018e-01,-1.963183002563e-02,-3.005695513121e-02 },
  {-1.539680883693e-01,-4.346178560138e-02,+2.195001357173e+00,-1.963183002563e-02,-3.005695513121e-02,+2.897971427594e-02 },
  {-4.346178560138e-02,+9.477179722018e-01,-1.963183002563e-02,+1.217226429840e+00,+2.897971427594e-02,-8.011511980102e-01 },
  {+9.477179722018e-01,-1.963183002563e-02,-3.005695513121e-02,+2.897971427594e-02,+4.461321869609e-01,-1.746667855887e-01 },
  {-1.963183002563e-02,-3.005695513121e-02,+2.897971427594e-02,-8.011511980102e-01,-1.746667855887e-01,+1.536940700822e+00 }   }
{ {+1.296654272045e+00,-1.539680883693e-01,-4.346178560138e-02,+9.477179722018e-01,-1.963183002563e-02,-3.005695513121e-02 },
  {-1.539680883693e-01,+1.203821599370e+00,+9.477179722018e-01,-1.963183002563e-02,-3.005695513121e-02,+2.897971427594e-02 },
  {-4.346178560138e-02,+9.477179722018e-01,+1.227651554945e+00,-3.005695513121e-02,+2.897971427594e-02,-8.011511980102e-01 },
  {+9.477179722018e-01,-1.963183002563e-02,-3.005695513121e-02,+1.276263099247e+00,-8.011511980102e-01,-1.746667855887e-01 },
  {-1.963183002563e-02,-3.005695513121e-02,+2.897971427594e-02,-8.011511980102e-01,+1.072616599382e+00,+2.896573158512e-01 },
  {-3.005695513121e-02,+2.897971427594e-02,-8.011511980102e-01,-1.746667855887e-01,+2.896573158512e-01,+1.557359943463e+00 }   }
}
yMat = 
{
{ {+1.399658025293e-31,+9.412179658647e-23,+1.478693610272e-24,-1.105493910708e-22,-1.091456915162e-23,-5.705296714264e-23 },
  {+9.412179658647e-23,+1.821370018467e-01,+2.861450052031e-03,-2.139263738386e-01,-2.112100402833e-02,-1.104043563885e-01 },
  {+1.478693610272e-24,+2.861450052031e-03,+4.495460185054e-05,-3.360874656687e-03,-3.318199896948e-04,-1.734499569715e-03 },
  {-1.105493910708e-22,-2.139263738386e-01,-3.360874656687e-03,+2.512641196448e-01,+2.480736894645e-02,+1.296738355123e-01 },
  {-1.091456915162e-23,-2.112100402833e-02,-3.318199896948e-04,+2.480736894645e-02,+2.449237698225e-03,+1.280272999107e-02 },
  {-5.705296714264e-23,-1.104043563885e-01,-1.734499569715e-03,+1.296738355123e-01,+1.280272999107e-02,+6.692282065679e-02 }   }
{ {+7.198239573853e-02,-4.075054063582e-02,+5.740366881986e-02,-1.031433767831e-01,-8.827898186731e-02,+3.652878051954e-02 },
  {-4.075054063582e-02,+4.914924446882e-02,-6.475068515568e-02,+6.073908072008e-02,+5.829029773696e-02,-3.904002325626e-02 },
  {+5.740366881986e-02,-6.475068515568e-02,+8.566634521261e-02,-8.515708110350e-02,-8.068179748014e-02,+5.183739992661e-02 },
  {-1.031433767831e-01,+6.073908072008e-02,-8.515708110350e-02,+1.480052096087e-01,+1.272431509100e-01,-5.399483291649e-02 },
  {-8.827898186731e-02,+5.829029773696e-02,-8.068179748014e-02,+1.272431509100e-01,+1.109154849344e-01,-5.065192674645e-02 },
  {+3.652878051954e-02,-3.904002325626e-02,+5.183739992661e-02,-5.399483291649e-02,-5.065192674645e-02,+3.146318558861e-02 }   }
}
    main loop time = 0.120000
        total time = 0.120000
  file   read time = 0.000000
