SDPA-GMP start at Wed Jun  5 23:35:11 2024
*SDP Scan Problem: V = x^2 - 2*x^4 + x^8
* K = 6; eval = -2.7638190954773867; Domain = R+ with BCs: Neumann
data      is /Users/gorg/qmBoot/data/K=6_BC-Neumann_V_0.0_0.0_1.0_0.0_-2.0_0.0_0.0_0.0_1.0/e=-2.7638190954773867_K=6_D=R+.dat
parameter is ./param.sdpa
out       is /Users/gorg/qmBoot/data/K=6_BC-Neumann_V_0.0_0.0_1.0_0.0_-2.0_0.0_0.0_0.0_1.0/e=-2.7638190954773867_K=6_D=R+.out
DENSE computation
   mu      thetaP  thetaD  objP      objD      alphaP  alphaD  beta 
 0 1.0e+20 1.0e+00 1.0e+00 +0.00e+00 -6.62e+09 1.0e+00 9.0e-01 3.00e-01
 1 1.6e+19 8.6e-88 1.0e-01 +1.60e+10 -6.62e+08 9.0e-01 9.0e-01 3.00e-01
 2 2.5e+18 1.7e-87 1.0e-02 +2.46e+10 -6.62e+07 9.0e-01 9.0e-01 3.00e-01
 3 3.8e+17 2.6e-87 1.0e-03 +3.79e+10 -6.62e+06 9.0e-01 9.0e-01 3.00e-01
 4 5.8e+16 2.7e-87 1.0e-04 +5.84e+10 -6.62e+05 9.0e-01 9.0e-01 3.00e-01
 5 9.0e+15 3.5e-87 1.0e-05 +9.00e+10 -6.62e+04 9.0e-01 9.0e-01 3.00e-01
 6 1.4e+15 6.0e-87 1.0e-06 +1.39e+11 -6.62e+03 9.0e-01 9.0e-01 3.00e-01
 7 2.1e+14 6.0e-87 1.0e-07 +2.13e+11 -6.62e+02 9.0e-01 9.0e-01 3.00e-01
 8 3.3e+13 6.9e-87 1.0e-08 +3.29e+11 -6.62e+01 9.0e-01 9.0e-01 3.00e-01
 9 5.1e+12 7.8e-87 1.0e-09 +5.05e+11 -6.70e+00 9.0e-01 9.0e-01 3.00e-01
10 8.2e+11 7.8e-87 9.8e-11 +7.69e+11 -7.42e-01 9.2e-01 9.2e-01 3.00e-01
11 1.7e+11 8.6e-87 7.6e-12 +1.05e+12 -1.45e-01 1.6e+00 1.0e+00 3.00e-01
12 3.7e+10 6.9e-87 4.2e-89 +4.49e+11 -9.25e-02 9.6e-01 9.0e+01 1.00e-01
13 5.0e+09 7.8e-87 3.7e-87 +6.01e+10 -8.31e-02 9.9e-01 9.9e-01 1.00e-01
14 5.4e+08 7.8e-87 7.8e-94 +6.50e+09 -8.40e-02 1.0e+00 1.0e+00 1.00e-01
15 5.6e+07 7.8e-87 1.9e-93 +6.70e+08 -8.47e-02 1.0e+00 1.0e+00 1.00e-01
16 5.7e+06 8.6e-87 4.2e-93 +6.79e+07 -8.54e-02 1.0e+00 1.0e+00 1.00e-01
17 5.7e+05 1.0e-86 1.5e-92 +6.83e+06 -8.60e-02 1.0e+00 1.0e+00 1.00e-01
18 5.7e+04 1.3e-86 5.5e-92 +6.85e+05 -8.66e-02 1.0e+00 1.0e+00 1.00e-01
19 5.7e+03 1.4e-86 2.2e-91 +6.86e+04 -8.71e-02 1.0e+00 1.0e+00 1.00e-01
20 5.7e+02 1.3e-86 6.7e-91 +6.86e+03 -8.75e-02 1.0e+00 1.0e+00 1.00e-01
21 5.7e+01 1.6e-86 1.6e-90 +6.86e+02 -8.79e-02 1.0e+00 3.1e+01 1.00e-01
22 5.8e+00 1.8e-86 2.9e-88 +6.90e+01 -8.47e-02 9.9e-01 2.2e+01 1.00e-01
23 6.3e-01 2.0e-86 5.0e-87 +7.52e+00 -2.65e-02 9.4e-01 6.0e+00 1.00e-01
24 8.8e-02 2.1e-86 2.6e-86 +1.17e+00 +1.06e-01 8.4e-01 1.4e+00 1.00e-01
25 1.7e-02 2.0e-86 1.0e-86 +4.49e-01 +2.47e-01 8.8e-01 9.7e-01 1.00e-01
26 3.0e-03 2.0e-86 4.3e-88 +3.57e-01 +3.21e-01 9.2e-01 9.1e-01 1.00e-01
27 5.2e-04 2.0e-86 7.2e-89 +3.45e-01 +3.39e-01 9.8e-01 9.4e-01 1.00e-01
28 7.3e-05 2.0e-86 3.0e-90 +3.43e-01 +3.42e-01 9.8e-01 9.9e-01 1.00e-01
29 8.3e-06 2.0e-86 8.8e-91 +3.43e-01 +3.43e-01 9.9e-01 1.0e+00 1.00e-01
30 8.4e-07 2.0e-86 2.4e-91 +3.43e-01 +3.43e-01 9.9e-01 1.0e+00 1.00e-01
31 8.5e-08 2.0e-86 2.3e-91 +3.43e-01 +3.43e-01 9.9e-01 1.0e+00 1.00e-01
32 8.5e-09 2.0e-86 1.3e-91 +3.43e-01 +3.43e-01 9.9e-01 1.0e+00 1.00e-01
33 8.5e-10 2.0e-86 1.3e-88 +3.43e-01 +3.43e-01 9.9e-01 1.0e+00 1.00e-01
34 8.5e-11 2.0e-86 2.1e-88 +3.43e-01 +3.43e-01 9.9e-01 1.0e+00 1.00e-01
35 8.5e-12 2.0e-86 7.3e-88 +3.43e-01 +3.43e-01 9.9e-01 1.0e+00 1.00e-01
36 8.5e-13 2.0e-86 6.6e-88 +3.43e-01 +3.43e-01 9.9e-01 1.0e+00 1.00e-01
37 8.5e-14 2.0e-86 1.0e-87 +3.43e-01 +3.43e-01 9.9e-01 1.0e+00 1.00e-01
38 8.5e-15 2.0e-86 5.7e-88 +3.43e-01 +3.43e-01 9.9e-01 1.0e+00 1.00e-01
39 8.5e-16 2.0e-86 7.7e-88 +3.43e-01 +3.43e-01 9.9e-01 1.0e+00 1.00e-01
40 8.5e-17 2.0e-86 7.9e-88 +3.43e-01 +3.43e-01 9.9e-01 1.0e+00 1.00e-01
41 8.5e-18 2.0e-86 8.3e-88 +3.43e-01 +3.43e-01 9.9e-01 1.0e+00 1.00e-01
42 8.5e-19 2.0e-86 8.8e-88 +3.43e-01 +3.43e-01 9.9e-01 1.0e+00 1.00e-01
43 8.5e-20 2.0e-86 8.8e-88 +3.43e-01 +3.43e-01 9.9e-01 1.0e+00 1.00e-01
44 8.5e-21 2.0e-86 1.1e-87 +3.43e-01 +3.43e-01 9.9e-01 1.0e+00 1.00e-01
45 8.5e-22 2.0e-86 1.2e-85 +3.43e-01 +3.43e-01 9.9e-01 1.0e+00 1.00e-01
46 8.5e-23 2.0e-86 1.1e-84 +3.43e-01 +3.43e-01 9.9e-01 1.0e+00 1.00e-01
47 8.5e-24 2.0e-86 4.8e-85 +3.43e-01 +3.43e-01 9.9e-01 1.0e+00 1.00e-01
48 8.5e-25 2.0e-86 5.3e-85 +3.43e-01 +3.43e-01 9.9e-01 1.0e+00 1.00e-01
49 8.5e-26 2.0e-86 2.6e-84 +3.43e-01 +3.43e-01 9.9e-01 1.0e+00 1.00e-01
50 8.5e-27 2.0e-86 7.9e-84 +3.43e-01 +3.43e-01 9.9e-01 1.0e+00 1.00e-01
51 8.5e-28 2.0e-86 2.6e-83 +3.43e-01 +3.43e-01 9.9e-01 1.0e+00 1.00e-01
52 8.5e-29 2.0e-86 5.9e-86 +3.43e-01 +3.43e-01 9.9e-01 1.0e+00 1.00e-01
53 8.5e-30 2.0e-86 9.5e-88 +3.43e-01 +3.43e-01 9.9e-01 1.0e+00 1.00e-01
54 8.5e-31 2.0e-86 9.1e-88 +3.43e-01 +3.43e-01 9.9e-01 1.0e+00 1.00e-01
55 8.5e-32 2.0e-86 1.1e-87 +3.43e-01 +3.43e-01 9.9e-01 1.0e+00 1.00e-01
56 8.5e-33 2.0e-86 3.5e-87 +3.43e-01 +3.43e-01 9.9e-01 1.0e+00 1.00e-01

phase.value = pdOPT     
   Iteration = 56
          mu = 8.4771162289839674e-33
relative gap = 1.0172539474780761e-31
         gap = 1.0172539474780761e-31
      digits = 3.0527944635129707e+01
objValPrimal = 3.4306310889693722e-01
objValDual   = 3.4306310889693722e-01
p.feas.error = 1.9890728974901479e-76
d.feas.error = 4.2396141148796337e-76
relative eps = 8.6361685550944446e-78
total time   = 0.120


Parameters are
maxIteration =    200
epsilonStar  = 1.000e-30
lambdaStar   = 1.000e+10
omegaStar    = 2.000e+00
lowerBound   = -1.000e+05
upperBound   = 1.000e+05
betaStar     = 1.000e-01
betaBar      = 3.000e-01
gammaStar    = 9.000e-01
epsilonDash  = 1.000e-30
precision    =    200

                         Time(sec)  Ratio(% : MainLoop) 
 Predictor time  =       0.030000,  25.000000
 Corrector time  =       0.020000,  16.666667
 Make bMat time  =       0.020000,  16.666667
 Make bDia time  =       0.000000,  0.000000
 Make bF1  time  =       0.010000,  8.333333
 Make bF2  time  =       0.010000,  8.333333
 Make bF3  time  =       0.000000,  0.000000
 Make bPRE time  =       0.010000,  8.333333
 Make rMat time  =       0.010000,  8.333333
 Make gVec Mul   =       0.000000,  0.000000
 Make gVec time  =       0.000000,  0.000000
 Cholesky bMat   =       0.000000,  0.000000
 Ste Pre time    =       0.000000,  0.000000
 Ste Cor time    =       0.060000,  50.000000
 solve           =       0.010000,  8.333333
 sumDz           =       0.010000,  8.333333
 makedX          =       0.000000,  0.000000
 symmetriseDx    =       0.000000,  0.000000
 makedXdZ        =       0.010000,  8.333333
 xMatTime        =       0.000000,  0.000000
 zMatTime        =       0.000000,  0.000000
 invzMatTime     =       0.000000,  0.000000
 xMatzMatTime    =       0.000000,  0.000000
 EigxMatTime     =       0.030000,  25.000000
 EigzMatTime     =       0.030000,  25.000000
 EigxMatzMatTime =       0.000000,  0.000000
 updateRes       =       0.010000,  8.333333
 EigTime         =       0.060000,  50.000000
 sub_total_bMat  =       0.100000,  83.333333
 Main Loop       =       0.120000,  100.000000
 File Check      =       0.000000,  0.000000
 File Change     =       0.000000,  0.000000
 File Read       =       0.000000,  0.000000
 Total           =       0.120000,  100.000000

xVec = 
{-3.430631088969e-01,+7.686110817698e-02,-4.266761316680e-02,+1.967373213537e-03,+2.657301391471e-01,+2.076255073523e-02,+3.095116811329e-03,+1.940883451723e-02}
xMat = 
{
{ {+1.343063108897e+00,+7.686110817698e-02,-4.266761316680e-02,+1.967373213537e-03,+2.657301391471e-01,+2.076255073523e-02 },
  {+7.686110817698e-02,+3.003954957301e-01,+1.967373213537e-03,+2.657301391471e-01,+2.076255073523e-02,+3.095116811329e-03 },
  {-4.266761316680e-02,+1.967373213537e-03,+6.087932480441e-01,+2.076255073523e-02,+3.095116811329e-03,+1.940883451723e-02 },
  {+1.967373213537e-03,+2.657301391471e-01,+2.076255073523e-02,+3.461582257083e-01,+1.940883451723e-02,-2.168206068522e-01 },
  {+2.657301391471e-01,+2.076255073523e-02,+3.095116811329e-03,+1.940883451723e-02,+1.262425020448e-01,-5.295240139979e-02 },
  {+2.076255073523e-02,+3.095116811329e-03,+1.940883451723e-02,-2.168206068522e-01,-5.295240139979e-02,+4.604641522700e-01 }   }
{ {+4.199242170739e-01,-4.266761316680e-02,+1.967373213537e-03,+2.657301391471e-01,+2.076255073523e-02,+3.095116811329e-03 },
  {-4.266761316680e-02,+3.450304821105e-01,+2.657301391471e-01,+2.076255073523e-02,+3.095116811329e-03,+1.940883451723e-02 },
  {+1.967373213537e-03,+2.657301391471e-01,+3.638256596322e-01,+3.095116811329e-03,+1.940883451723e-02,-2.168206068522e-01 },
  {+2.657301391471e-01,+2.076255073523e-02,+3.095116811329e-03,+3.624719434142e-01,-2.168206068522e-01,-5.295240139979e-02 },
  {+2.076255073523e-02,+3.095116811329e-03,+1.940883451723e-02,-2.168206068522e-01,+2.901107074972e-01,+1.174010433730e-01 },
  {+3.095116811329e-03,+1.940883451723e-02,-2.168206068522e-01,-5.295240139979e-02,+1.174010433730e-01,+4.141268657682e-01 }   }
}
yMat = 
{
{ {+1.129320419354e-32,+1.213683166199e-23,+6.481593493612e-25,-1.342910490542e-23,-2.779463277028e-24,-6.751949840979e-24 },
  {+1.213683166199e-23,+1.712086238904e-01,+9.143281638025e-03,-1.894381198285e-01,-3.920859180833e-02,-9.524660738086e-02 },
  {+6.481593493612e-25,+9.143281638025e-03,+4.882908186083e-04,-1.011681563236e-02,-2.093908527431e-03,-5.086581134529e-03 },
  {-1.342910490542e-23,-1.894381198285e-01,-1.011681563236e-02,+2.096086074913e-01,+4.338333983718e-02,+1.053880220066e-01 },
  {-2.779463277028e-24,-3.920859180833e-02,-2.093908527431e-03,+4.338333983718e-02,+8.979183622059e-03,+2.181248388699e-02 },
  {-6.751949840979e-24,-9.524660738086e-02,-5.086581134529e-03,+1.053880220066e-01,+2.181248388699e-02,+5.298749567294e-02 }   }
{ {+5.281938522720e-02,+9.594969151453e-03,+2.144020709825e-03,-7.695751719365e-02,-6.514596874457e-02,+8.906154615004e-03 },
  {+9.594969151453e-03,+8.855528913910e-02,-1.085219912016e-01,-1.879552805938e-03,+3.278379033759e-02,-7.057410888750e-02 },
  {+2.144020709825e-03,-1.085219912016e-01,+1.367232768424e-01,-1.830435537023e-02,-5.862039793729e-02,+9.093085392550e-02 },
  {-7.695751719365e-02,-1.879552805938e-03,-1.830435537023e-02,+1.138132099664e-01,+1.011363087957e-01,-2.303862702528e-02 },
  {-6.514596874457e-02,+3.278379033759e-02,-5.862039793729e-02,+1.011363087957e-01,+1.032810354927e-01,-4.808831203027e-02 },
  {+8.906154615004e-03,-7.057410888750e-02,+9.093085392550e-02,-2.303862702528e-02,-4.808831203027e-02,+6.153560183695e-02 }   }
}
    main loop time = 0.120000
        total time = 0.120000
  file   read time = 0.000000
