SDPA-GMP start at Wed Jun  5 23:35:11 2024
*SDP Scan Problem: V = x^2 - 2*x^4 + x^8
* K = 6; eval = -2.6633165829145726; Domain = R+ with BCs: Neumann
data      is /Users/gorg/qmBoot/data/K=6_BC-Neumann_V_0.0_0.0_1.0_0.0_-2.0_0.0_0.0_0.0_1.0/e=-2.6633165829145726_K=6_D=R+.dat
parameter is ./param.sdpa
out       is /Users/gorg/qmBoot/data/K=6_BC-Neumann_V_0.0_0.0_1.0_0.0_-2.0_0.0_0.0_0.0_1.0/e=-2.6633165829145726_K=6_D=R+.out
DENSE computation
   mu      thetaP  thetaD  objP      objD      alphaP  alphaD  beta 
 0 1.0e+20 1.0e+00 1.0e+00 +0.00e+00 -6.82e+09 1.0e+00 9.0e-01 3.00e-01
 1 1.6e+19 8.6e-88 1.0e-01 +1.60e+10 -6.82e+08 9.0e-01 9.0e-01 3.00e-01
 2 2.5e+18 2.6e-87 1.0e-02 +2.46e+10 -6.82e+07 9.0e-01 9.0e-01 3.00e-01
 3 3.8e+17 3.5e-87 1.0e-03 +3.79e+10 -6.82e+06 9.0e-01 9.0e-01 3.00e-01
 4 5.8e+16 6.0e-87 1.0e-04 +5.84e+10 -6.82e+05 9.0e-01 9.0e-01 3.00e-01
 5 9.0e+15 6.9e-87 1.0e-05 +9.00e+10 -6.82e+04 9.0e-01 9.0e-01 3.00e-01
 6 1.4e+15 7.8e-87 1.0e-06 +1.39e+11 -6.82e+03 9.0e-01 9.0e-01 3.00e-01
 7 2.1e+14 1.0e-86 1.0e-07 +2.13e+11 -6.82e+02 9.0e-01 9.0e-01 3.00e-01
 8 3.3e+13 9.5e-87 1.0e-08 +3.29e+11 -6.82e+01 9.0e-01 9.0e-01 3.00e-01
 9 5.1e+12 1.2e-86 1.0e-09 +5.05e+11 -6.90e+00 9.0e-01 9.0e-01 3.00e-01
10 8.2e+11 1.4e-86 9.8e-11 +7.69e+11 -7.62e-01 9.2e-01 9.2e-01 3.00e-01
11 1.7e+11 1.5e-86 7.7e-12 +1.05e+12 -1.47e-01 1.6e+00 1.0e+00 3.00e-01
12 3.7e+10 1.2e-86 7.8e-90 +4.48e+11 -9.35e-02 9.6e-01 9.0e+01 1.00e-01
13 5.0e+09 1.0e-86 6.5e-88 +6.00e+10 -8.58e-02 9.9e-01 9.9e-01 1.00e-01
14 5.4e+08 8.6e-87 7.2e-94 +6.49e+09 -8.66e-02 1.0e+00 1.0e+00 1.00e-01
15 5.6e+07 8.6e-87 1.8e-93 +6.70e+08 -8.72e-02 1.0e+00 1.0e+00 1.00e-01
16 5.7e+06 8.6e-87 6.3e-93 +6.79e+07 -8.78e-02 1.0e+00 1.0e+00 1.00e-01
17 5.7e+05 8.6e-87 1.7e-92 +6.84e+06 -8.83e-02 1.0e+00 1.0e+00 1.00e-01
18 5.7e+04 7.8e-87 4.5e-92 +6.85e+05 -8.88e-02 1.0e+00 1.0e+00 1.00e-01
19 5.7e+03 1.0e-86 1.9e-91 +6.86e+04 -8.92e-02 1.0e+00 1.0e+00 1.00e-01
20 5.7e+02 1.0e-86 7.6e-91 +6.86e+03 -8.96e-02 1.0e+00 1.0e+00 1.00e-01
21 5.7e+01 1.0e-86 1.6e-90 +6.87e+02 -8.99e-02 1.0e+00 3.1e+01 1.00e-01
22 5.8e+00 1.0e-86 2.2e-88 +6.90e+01 -8.55e-02 9.9e-01 2.2e+01 1.00e-01
23 6.3e-01 9.9e-87 3.8e-87 +7.50e+00 -3.00e-02 9.4e-01 5.9e+00 1.00e-01
24 8.8e-02 1.1e-86 2.0e-86 +1.15e+00 +9.58e-02 8.4e-01 1.4e+00 1.00e-01
25 1.7e-02 1.1e-86 8.1e-87 +4.38e-01 +2.35e-01 8.8e-01 9.6e-01 1.00e-01
26 3.0e-03 1.1e-86 3.6e-88 +3.45e-01 +3.08e-01 9.2e-01 9.1e-01 1.00e-01
27 5.3e-04 1.1e-86 7.2e-89 +3.33e-01 +3.26e-01 9.8e-01 9.4e-01 1.00e-01
28 7.4e-05 1.1e-86 4.1e-90 +3.31e-01 +3.30e-01 9.9e-01 9.9e-01 1.00e-01
29 8.3e-06 1.1e-86 7.3e-91 +3.31e-01 +3.31e-01 9.9e-01 1.0e+00 1.00e-01
30 8.5e-07 1.1e-86 4.1e-91 +3.31e-01 +3.31e-01 1.0e+00 1.0e+00 1.00e-01
31 8.5e-08 1.1e-86 2.0e-91 +3.31e-01 +3.31e-01 1.0e+00 1.0e+00 1.00e-01
32 8.5e-09 1.1e-86 9.6e-92 +3.31e-01 +3.31e-01 1.0e+00 1.0e+00 1.00e-01
33 8.5e-10 1.1e-86 8.0e-89 +3.31e-01 +3.31e-01 1.0e+00 1.0e+00 1.00e-01
34 8.5e-11 1.1e-86 2.3e-88 +3.31e-01 +3.31e-01 1.0e+00 1.0e+00 1.00e-01
35 8.5e-12 1.1e-86 4.9e-88 +3.31e-01 +3.31e-01 1.0e+00 1.0e+00 1.00e-01
36 8.5e-13 1.1e-86 6.9e-88 +3.31e-01 +3.31e-01 1.0e+00 1.0e+00 1.00e-01
37 8.5e-14 1.1e-86 7.1e-88 +3.31e-01 +3.31e-01 1.0e+00 1.0e+00 1.00e-01
38 8.5e-15 1.1e-86 6.6e-88 +3.31e-01 +3.31e-01 1.0e+00 1.0e+00 1.00e-01
39 8.5e-16 1.1e-86 4.2e-88 +3.31e-01 +3.31e-01 1.0e+00 1.0e+00 1.00e-01
40 8.5e-17 1.1e-86 6.3e-88 +3.31e-01 +3.31e-01 1.0e+00 1.0e+00 1.00e-01
41 8.5e-18 1.1e-86 8.3e-88 +3.31e-01 +3.31e-01 1.0e+00 1.0e+00 1.00e-01
42 8.5e-19 1.1e-86 8.8e-88 +3.31e-01 +3.31e-01 1.0e+00 1.0e+00 1.00e-01
43 8.5e-20 1.1e-86 5.5e-88 +3.31e-01 +3.31e-01 1.0e+00 1.0e+00 1.00e-01
44 8.5e-21 1.1e-86 7.2e-88 +3.31e-01 +3.31e-01 1.0e+00 1.0e+00 1.00e-01
45 8.5e-22 1.1e-86 1.4e-85 +3.31e-01 +3.31e-01 1.0e+00 1.0e+00 1.00e-01
46 8.5e-23 1.1e-86 8.2e-85 +3.31e-01 +3.31e-01 1.0e+00 1.0e+00 1.00e-01
47 8.5e-24 1.1e-86 7.2e-85 +3.31e-01 +3.31e-01 1.0e+00 1.0e+00 1.00e-01
48 8.5e-25 1.1e-86 4.0e-85 +3.31e-01 +3.31e-01 1.0e+00 1.0e+00 1.00e-01
49 8.5e-26 1.1e-86 6.3e-84 +3.31e-01 +3.31e-01 1.0e+00 1.0e+00 1.00e-01
50 8.5e-27 1.1e-86 2.0e-83 +3.31e-01 +3.31e-01 1.0e+00 1.0e+00 1.00e-01
51 8.5e-28 1.1e-86 5.7e-83 +3.31e-01 +3.31e-01 1.0e+00 1.0e+00 1.00e-01
52 8.5e-29 1.1e-86 9.5e-86 +3.31e-01 +3.31e-01 1.0e+00 1.0e+00 1.00e-01
53 8.5e-30 1.1e-86 8.1e-88 +3.31e-01 +3.31e-01 1.0e+00 1.0e+00 1.00e-01
54 8.5e-31 1.1e-86 8.7e-88 +3.31e-01 +3.31e-01 1.0e+00 1.0e+00 1.00e-01
55 8.5e-32 1.1e-86 1.4e-87 +3.31e-01 +3.31e-01 1.0e+00 1.0e+00 1.00e-01
56 8.5e-33 1.1e-86 3.4e-87 +3.31e-01 +3.31e-01 1.0e+00 1.0e+00 1.00e-01

phase.value = pdOPT     
   Iteration = 56
          mu = 8.5161408129002560e-33
relative gap = 1.0219368975480307e-31
         gap = 1.0219368975480307e-31
      digits = 3.0509895039185555e+01
objValPrimal = 3.3061238537236269e-01
objValDual   = 3.3061238537236269e-01
p.feas.error = 1.0592026054726375e-76
d.feas.error = 4.0681974850371721e-76
relative eps = 8.6361685550944446e-78
total time   = 0.110


Parameters are
maxIteration =    200
epsilonStar  = 1.000e-30
lambdaStar   = 1.000e+10
omegaStar    = 2.000e+00
lowerBound   = -1.000e+05
upperBound   = 1.000e+05
betaStar     = 1.000e-01
betaBar      = 3.000e-01
gammaStar    = 9.000e-01
epsilonDash  = 1.000e-30
precision    =    200

                         Time(sec)  Ratio(% : MainLoop) 
 Predictor time  =       0.040000,  36.363636
 Corrector time  =       0.000000,  0.000000
 Make bMat time  =       0.040000,  36.363636
 Make bDia time  =       0.000000,  0.000000
 Make bF1  time  =       0.010000,  9.090909
 Make bF2  time  =       0.030000,  27.272727
 Make bF3  time  =       0.000000,  0.000000
 Make bPRE time  =       0.030000,  27.272727
 Make rMat time  =       0.000000,  0.000000
 Make gVec Mul   =       0.000000,  0.000000
 Make gVec time  =       0.000000,  0.000000
 Cholesky bMat   =       0.000000,  0.000000
 Ste Pre time    =       0.000000,  0.000000
 Ste Cor time    =       0.060000,  54.545455
 solve           =       0.000000,  0.000000
 sumDz           =       0.000000,  0.000000
 makedX          =       0.000000,  0.000000
 symmetriseDx    =       0.000000,  0.000000
 makedXdZ        =       0.000000,  0.000000
 xMatTime        =       0.000000,  0.000000
 zMatTime        =       0.000000,  0.000000
 invzMatTime     =       0.000000,  0.000000
 xMatzMatTime    =       0.000000,  0.000000
 EigxMatTime     =       0.040000,  36.363636
 EigzMatTime     =       0.020000,  18.181818
 EigxMatzMatTime =       0.000000,  0.000000
 updateRes       =       0.000000,  0.000000
 EigTime         =       0.060000,  54.545455
 sub_total_bMat  =       0.070000,  63.636364
 Main Loop       =       0.110000,  100.000000
 File Check      =       0.000000,  0.000000
 File Change     =       0.000000,  0.000000
 File Read       =       0.000000,  0.000000
 Total           =       0.110000,  100.000000

xVec = 
{-3.306123853724e-01,+7.985295855470e-02,-3.770535355012e-02,+4.099292733946e-03,+2.587729975274e-01,+2.239485171130e-02,+4.242765512050e-03,+2.021689456837e-02}
xMat = 
{
{ {+1.330612385372e+00,+7.985295855470e-02,-3.770535355012e-02,+4.099292733946e-03,+2.587729975274e-01,+2.239485171130e-02 },
  {+7.985295855470e-02,+2.929070318222e-01,+4.099292733946e-03,+2.587729975274e-01,+2.239485171130e-02,+4.242765512050e-03 },
  {-3.770535355012e-02,+4.099292733946e-03,+5.893853828998e-01,+2.239485171130e-02,+4.242765512050e-03,+2.021689456837e-02 },
  {+4.099292733946e-03,+2.587729975274e-01,+2.239485171130e-02,+3.348551508844e-01,+2.021689456837e-02,-2.070535781300e-01 },
  {+2.587729975274e-01,+2.239485171130e-02,+4.242765512050e-03,+2.021689456837e-02,+1.235588072424e-01,-5.211263686792e-02 },
  {+2.239485171130e-02,+4.242765512050e-03,+2.021689456837e-02,-2.070535781300e-01,-5.211263686792e-02,+4.461266061059e-01 }   }
{ {+4.104653439271e-01,-3.770535355012e-02,+4.099292733946e-03,+2.587729975274e-01,+2.239485171130e-02,+4.242765512050e-03 },
  {-3.770535355012e-02,+3.347116781063e-01,+2.587729975274e-01,+2.239485171130e-02,+4.242765512050e-03,+2.021689456837e-02 },
  {+4.099292733946e-03,+2.587729975274e-01,+3.530072370837e-01,+4.242765512050e-03,+2.021689456837e-02,-2.070535781300e-01 },
  {+2.587729975274e-01,+2.239485171130e-02,+4.242765512050e-03,+3.508292799407e-01,-2.070535781300e-01,-5.211263686792e-02 },
  {+2.239485171130e-02,+4.242765512050e-03,+2.021689456837e-02,-2.070535781300e-01,+2.784997485044e-01,+1.155142207335e-01 },
  {+4.242765512050e-03,+2.021689456837e-02,-2.070535781300e-01,-5.211263686792e-02,+1.155142207335e-01,+4.013718066631e-01 }   }
}
yMat = 
{
{ {+1.133815026216e-32,+1.246127117133e-23,+6.926551020742e-25,-1.374955691422e-23,-2.931732468767e-24,-6.873718830813e-24 },
  {+1.246127117133e-23,+1.652125862119e-01,+9.183279860598e-03,-1.822927874393e-01,-3.886915647703e-02,-9.113234505782e-02 },
  {+6.926551020742e-25,+9.183279860598e-03,+5.104491790348e-04,-1.013267646254e-02,-2.160527536420e-03,-5.065557341650e-03 },
  {-1.374955691422e-23,-1.822927874393e-01,-1.013267646254e-02,+2.011387940492e-01,+4.288757316907e-02,+1.005538959675e-01 },
  {-2.931732468767e-24,-3.886915647703e-02,-2.160527536420e-03,+4.288757316907e-02,+9.144650294973e-03,+2.144048139061e-02 },
  {-6.873718830813e-24,-9.113234505782e-02,-5.065557341650e-03,+1.005538959675e-01,+2.144048139061e-02,+5.026919864984e-02 }   }
{ {+5.516102469941e-02,+1.244115064532e-02,-6.106469389359e-04,-7.998659952007e-02,-6.711999388382e-02,+7.407116710481e-03 },
  {+1.244115064532e-02,+9.265786514241e-02,-1.123632994162e-01,-5.980726750803e-03,+3.140108186093e-02,-7.257661058687e-02 },
  {-6.106469389359e-04,-1.123632994162e-01,+1.401772521298e-01,-1.417710356963e-02,-5.738509557019e-02,+9.265328845801e-02 },
  {-7.998659952007e-02,-5.980726750803e-03,-1.417710356963e-02,+1.176036932017e-01,+1.035741687713e-01,-2.070597538545e-02 },
  {-6.711999388382e-02,+3.140108186093e-02,-5.738509557019e-02,+1.035741687713e-01,+1.057771794200e-01,-4.746993292742e-02 },
  {+7.407116710481e-03,-7.257661058687e-02,+9.265328845801e-02,-2.070597538545e-02,-4.746993292742e-02,+6.234730702177e-02 }   }
}
    main loop time = 0.110000
        total time = 0.110000
  file   read time = 0.000000
