SDPA-GMP start at Wed Jun  5 23:35:11 2024
*SDP Scan Problem: V = x^2 - 2*x^4 + x^8
* K = 6; eval = -4.371859296482412; Domain = R+ with BCs: Neumann
data      is /Users/gorg/qmBoot/data/K=6_BC-Neumann_V_0.0_0.0_1.0_0.0_-2.0_0.0_0.0_0.0_1.0/e=-4.371859296482412_K=6_D=R+.dat
parameter is ./param.sdpa
out       is /Users/gorg/qmBoot/data/K=6_BC-Neumann_V_0.0_0.0_1.0_0.0_-2.0_0.0_0.0_0.0_1.0/e=-4.371859296482412_K=6_D=R+.out
DENSE computation
   mu      thetaP  thetaD  objP      objD      alphaP  alphaD  beta 
 0 1.0e+20 1.0e+00 1.0e+00 +0.00e+00 -3.40e+09 1.0e+00 9.0e-01 3.00e-01
 1 1.6e+19 8.6e-88 1.0e-01 +1.60e+10 -3.40e+08 9.0e-01 9.0e-01 3.00e-01
 2 2.5e+18 2.6e-87 1.0e-02 +2.46e+10 -3.40e+07 9.0e-01 9.0e-01 3.00e-01
 3 3.8e+17 1.7e-87 1.0e-03 +3.79e+10 -3.40e+06 9.0e-01 9.0e-01 3.00e-01
 4 5.8e+16 2.6e-87 1.0e-04 +5.84e+10 -3.40e+05 9.0e-01 9.0e-01 3.00e-01
 5 9.0e+15 4.3e-87 1.0e-05 +9.00e+10 -3.40e+04 9.0e-01 9.0e-01 3.00e-01
 6 1.4e+15 4.3e-87 1.0e-06 +1.39e+11 -3.40e+03 9.0e-01 9.0e-01 3.00e-01
 7 2.1e+14 7.8e-87 1.0e-07 +2.13e+11 -3.40e+02 9.0e-01 9.0e-01 3.00e-01
 8 3.3e+13 7.8e-87 1.0e-08 +3.29e+11 -3.41e+01 9.0e-01 9.0e-01 3.00e-01
 9 5.1e+12 8.6e-87 1.0e-09 +5.05e+11 -3.48e+00 9.0e-01 9.0e-01 3.00e-01
10 8.2e+11 9.5e-87 9.8e-11 +7.69e+11 -4.24e-01 9.2e-01 9.2e-01 3.00e-01
11 1.7e+11 1.0e-86 7.7e-12 +1.05e+12 -1.16e-01 1.6e+00 1.0e+00 3.00e-01
12 3.8e+10 1.0e-86 1.7e-94 +4.59e+11 -7.95e-02 9.6e-01 9.0e+01 1.00e-01
13 5.1e+09 1.3e-86 4.8e-92 +6.14e+10 -6.48e-02 9.9e-01 9.9e-01 1.00e-01
14 5.6e+08 1.6e-86 8.8e-94 +6.67e+09 -6.56e-02 1.0e+00 1.0e+00 1.00e-01
15 5.7e+07 1.6e-86 1.4e-93 +6.85e+08 -6.64e-02 1.0e+00 1.0e+00 1.00e-01
16 5.8e+06 1.9e-86 4.4e-93 +6.94e+07 -6.72e-02 1.0e+00 1.0e+00 1.00e-01
17 5.8e+05 1.7e-86 1.4e-92 +6.97e+06 -6.80e-02 1.0e+00 1.0e+00 1.00e-01
18 5.8e+04 2.2e-86 8.6e-92 +6.98e+05 -6.87e-02 1.0e+00 1.0e+00 1.00e-01
19 5.8e+03 2.2e-86 2.2e-91 +6.98e+04 -6.94e-02 1.0e+00 1.0e+00 1.00e-01
20 5.8e+02 2.4e-86 3.3e-91 +6.98e+03 -6.99e-02 1.0e+00 1.0e+00 1.00e-01
21 5.8e+01 2.4e-86 1.6e-90 +6.99e+02 -7.04e-02 1.0e+00 3.4e+01 1.00e-01
22 5.9e+00 2.5e-86 4.4e-88 +7.05e+01 -5.95e-02 9.8e-01 2.0e+01 1.00e-01
23 6.6e-01 2.4e-86 7.1e-87 +7.96e+00 +2.27e-02 9.2e-01 5.1e+00 1.00e-01
24 9.7e-02 2.6e-86 3.0e-86 +1.42e+00 +2.57e-01 8.6e-01 1.2e+00 1.00e-01
25 1.7e-02 2.4e-86 6.7e-87 +6.44e-01 +4.36e-01 8.8e-01 9.5e-01 1.00e-01
26 3.1e-03 2.4e-86 3.6e-88 +5.56e-01 +5.19e-01 9.3e-01 9.1e-01 1.00e-01
27 5.4e-04 2.4e-86 7.2e-89 +5.45e-01 +5.38e-01 9.5e-01 9.1e-01 1.00e-01
28 9.4e-05 2.4e-86 7.3e-90 +5.43e-01 +5.42e-01 9.9e-01 9.8e-01 1.00e-01
29 1.1e-05 2.4e-86 6.5e-90 +5.43e-01 +5.42e-01 9.7e-01 1.0e+00 1.00e-01
30 1.2e-06 2.4e-86 2.4e-90 +5.43e-01 +5.43e-01 9.7e-01 1.0e+00 1.00e-01
31 1.3e-07 2.4e-86 6.3e-91 +5.43e-01 +5.43e-01 9.8e-01 1.0e+00 1.00e-01
32 1.3e-08 2.4e-86 1.9e-88 +5.43e-01 +5.43e-01 9.8e-01 1.0e+00 1.00e-01
33 1.3e-09 2.4e-86 1.8e-88 +5.43e-01 +5.43e-01 9.8e-01 1.0e+00 1.00e-01
34 1.3e-10 2.4e-86 2.6e-88 +5.43e-01 +5.43e-01 9.8e-01 1.0e+00 1.00e-01
35 1.3e-11 2.4e-86 3.8e-88 +5.43e-01 +5.43e-01 9.8e-01 1.0e+00 1.00e-01
36 1.3e-12 2.4e-86 3.8e-88 +5.43e-01 +5.43e-01 9.8e-01 1.0e+00 1.00e-01
37 1.3e-13 2.4e-86 3.5e-88 +5.43e-01 +5.43e-01 9.8e-01 1.0e+00 1.00e-01
38 1.3e-14 2.4e-86 5.4e-88 +5.43e-01 +5.43e-01 9.8e-01 1.0e+00 1.00e-01
39 1.3e-15 2.4e-86 4.9e-88 +5.43e-01 +5.43e-01 9.8e-01 1.0e+00 1.00e-01
40 1.3e-16 2.4e-86 5.3e-88 +5.43e-01 +5.43e-01 9.8e-01 1.0e+00 1.00e-01
41 1.3e-17 2.4e-86 3.0e-88 +5.43e-01 +5.43e-01 9.8e-01 1.0e+00 1.00e-01
42 1.3e-18 2.4e-86 7.9e-88 +5.43e-01 +5.43e-01 9.8e-01 1.0e+00 1.00e-01
43 1.3e-19 2.4e-86 5.8e-88 +5.43e-01 +5.43e-01 9.8e-01 1.0e+00 1.00e-01
44 1.3e-20 2.4e-86 6.6e-88 +5.43e-01 +5.43e-01 9.8e-01 1.0e+00 1.00e-01
45 1.3e-21 2.4e-86 9.1e-88 +5.43e-01 +5.43e-01 9.8e-01 1.0e+00 1.00e-01
46 1.3e-22 2.4e-86 5.3e-86 +5.43e-01 +5.43e-01 9.8e-01 1.0e+00 1.00e-01
47 1.3e-23 2.4e-86 2.9e-86 +5.43e-01 +5.43e-01 9.8e-01 1.0e+00 1.00e-01
48 1.3e-24 2.4e-86 1.4e-85 +5.43e-01 +5.43e-01 9.8e-01 1.0e+00 1.00e-01
49 1.3e-25 2.4e-86 2.6e-86 +5.43e-01 +5.43e-01 9.8e-01 1.0e+00 1.00e-01
50 1.3e-26 2.4e-86 4.2e-88 +5.43e-01 +5.43e-01 9.8e-01 1.0e+00 1.00e-01
51 1.3e-27 2.4e-86 4.9e-88 +5.43e-01 +5.43e-01 9.8e-01 1.0e+00 1.00e-01
52 1.3e-28 2.4e-86 4.4e-88 +5.43e-01 +5.43e-01 9.8e-01 1.0e+00 1.00e-01
53 1.3e-29 2.4e-86 6.1e-88 +5.43e-01 +5.43e-01 9.8e-01 1.0e+00 1.00e-01
54 1.3e-30 2.4e-86 8.2e-88 +5.43e-01 +5.43e-01 9.8e-01 1.0e+00 1.00e-01
55 1.3e-31 2.4e-86 6.8e-88 +5.43e-01 +5.43e-01 9.8e-01 1.0e+00 1.00e-01
56 1.3e-32 2.4e-86 7.1e-88 +5.43e-01 +5.43e-01 9.8e-01 1.0e+00 1.00e-01

phase.value = pdOPT     
   Iteration = 56
          mu = 1.2624893921613217e-32
relative gap = 1.5149872705935860e-31
         gap = 1.5149872705935860e-31
      digits = 3.0554050445512157e+01
objValPrimal = 5.4257456298945027e-01
objValDual   = 5.4257456298945027e-01
p.feas.error = 2.4227944953512841e-76
d.feas.error = 8.5350737203833016e-77
relative eps = 8.6361685550944446e-78
total time   = 0.110


Parameters are
maxIteration =    200
epsilonStar  = 1.000e-30
lambdaStar   = 1.000e+10
omegaStar    = 2.000e+00
lowerBound   = -1.000e+05
upperBound   = 1.000e+05
betaStar     = 1.000e-01
betaBar      = 3.000e-01
gammaStar    = 9.000e-01
epsilonDash  = 1.000e-30
precision    =    200

                         Time(sec)  Ratio(% : MainLoop) 
 Predictor time  =       0.000000,  0.000000
 Corrector time  =       0.020000,  18.181818
 Make bMat time  =       0.000000,  0.000000
 Make bDia time  =       0.000000,  0.000000
 Make bF1  time  =       0.000000,  0.000000
 Make bF2  time  =       0.000000,  0.000000
 Make bF3  time  =       0.000000,  0.000000
 Make bPRE time  =       0.000000,  0.000000
 Make rMat time  =       0.010000,  9.090909
 Make gVec Mul   =       0.000000,  0.000000
 Make gVec time  =       0.000000,  0.000000
 Cholesky bMat   =       0.000000,  0.000000
 Ste Pre time    =       0.000000,  0.000000
 Ste Cor time    =       0.070000,  63.636364
 solve           =       0.000000,  0.000000
 sumDz           =       0.000000,  0.000000
 makedX          =       0.010000,  9.090909
 symmetriseDx    =       0.000000,  0.000000
 makedXdZ        =       0.010000,  9.090909
 xMatTime        =       0.000000,  0.000000
 zMatTime        =       0.020000,  18.181818
 invzMatTime     =       0.000000,  0.000000
 xMatzMatTime    =       0.000000,  0.000000
 EigxMatTime     =       0.030000,  27.272727
 EigzMatTime     =       0.040000,  36.363636
 EigxMatzMatTime =       0.000000,  0.000000
 updateRes       =       0.000000,  0.000000
 EigTime         =       0.070000,  63.636364
 sub_total_bMat  =       0.110000,  100.000000
 Main Loop       =       0.110000,  100.000000
 File Check      =       0.000000,  0.000000
 File Change     =       0.000000,  0.000000
 File Read       =       0.000000,  0.000000
 Total           =       0.110000,  100.000000

xVec = 
{-5.425745629895e-01,+5.612949720903e-02,-9.803609936802e-02,-1.861433394520e-02,+3.964939142133e-01,+1.698730841472e-03,-5.854198147666e-03,+1.130612524545e-02}
xMat = 
{
{ {+1.542574562989e+00,+5.612949720903e-02,-9.803609936802e-02,-1.861433394520e-02,+3.964939142133e-01,+1.698730841472e-03 },
  {+5.612949720903e-02,+4.445384636214e-01,-1.861433394520e-02,+3.964939142133e-01,+1.698730841472e-03,-5.854198147666e-03 },
  {-9.803609936802e-02,-1.861433394520e-02,+9.390684772027e-01,+1.698730841472e-03,-5.854198147666e-03,+1.130612524545e-02 },
  {-1.861433394520e-02,+3.964939142133e-01,+1.698730841472e-03,+5.367203648418e-01,+1.130612524545e-02,-3.593647224934e-01 },
  {+3.964939142133e-01,+1.698730841472e-03,-5.854198147666e-03,+1.130612524545e-02,+1.832098404961e-01,-7.692699940234e-02 },
  {+1.698730841472e-03,-5.854198147666e-03,+1.130612524545e-02,-3.593647224934e-01,-7.692699940234e-02,+7.056149142622e-01 }   }
{ {+5.987040601985e-01,-9.803609936802e-02,-1.861433394520e-02,+3.964939142133e-01,+1.698730841472e-03,-5.854198147666e-03 },
  {-9.803609936802e-02,+5.239602290442e-01,+3.964939142133e-01,+1.698730841472e-03,-5.854198147666e-03,+1.130612524545e-02 },
  {-1.861433394520e-02,+3.964939142133e-01,+5.442732938309e-01,-5.854198147666e-03,+1.130612524545e-02,-3.593647224934e-01 },
  {+3.964939142133e-01,+1.698730841472e-03,-5.854198147666e-03,+5.538806882349e-01,-3.593647224934e-01,-7.692699940234e-02 },
  {+1.698730841472e-03,-5.854198147666e-03,+1.130612524545e-02,-3.593647224934e-01,+4.656475635871e-01,+1.630403512727e-01 },
  {-5.854198147666e-03,+1.130612524545e-02,-3.593647224934e-01,-7.692699940234e-02,+1.630403512727e-01,+6.412587914416e-01 }   }
}
yMat = 
{
{ {+1.833746113016e-32,+1.074083709807e-23,+2.982894494850e-25,-1.211285890723e-23,-1.988436607729e-24,-6.301442983876e-24 },
  {+1.074083709807e-23,+2.160250721048e-01,+5.999346128372e-03,-2.436198589006e-01,-3.999242783186e-02,-1.267377636637e-01 },
  {+2.982894494850e-25,+5.999346128372e-03,+1.666110031457e-04,-6.765695495663e-03,-1.110650790390e-03,-3.519701228872e-03 },
  {-1.211285890723e-23,-2.436198589006e-01,-6.765695495663e-03,+2.747395710715e-01,+4.510101318594e-02,+1.429270954538e-01 },
  {-1.988436607729e-24,-3.999242783186e-02,-1.110650790390e-03,+4.510101318594e-02,+7.403743779846e-03,+2.346278983966e-02 },
  {-6.301442983876e-24,-1.267377636637e-01,-3.519701228872e-03,+1.429270954538e-01,+2.346278983966e-02,+7.435461348065e-02 }   }
{ {+3.783207320880e-02,-1.547695155458e-02,+2.858071070963e-02,-5.902964981759e-02,-5.480698194569e-02,+2.348838866902e-02 },
  {-1.547695155458e-02,+5.473287553738e-02,-7.419296387708e-02,+3.248387275695e-02,+4.522227624835e-02,-5.028535302241e-02 },
  {+2.858071070963e-02,-7.419296387708e-02,+1.022989330459e-01,-5.535778338312e-02,-7.084753408892e-02,+7.027003613497e-02 },
  {-5.902964981759e-02,+3.248387275695e-02,-5.535778338312e-02,+9.353974148709e-02,+8.944221822744e-02,-4.365387559334e-02 },
  {-5.480698194569e-02,+4.522227624835e-02,-7.084753408892e-02,+8.944221822744e-02,+9.013948372613e-02,-5.318928357144e-02 },
  {+2.348838866902e-02,-5.028535302241e-02,+7.027003613497e-02,-4.365387559334e-02,-5.318928357144e-02,+4.876728155479e-02 }   }
}
    main loop time = 0.110000
        total time = 0.110000
  file   read time = 0.000000
