SDPA-GMP start at Wed Jun  5 23:35:11 2024
*SDP Scan Problem: V = x^2 - 2*x^4 + x^8
* K = 6; eval = -4.57286432160804; Domain = R+ with BCs: Neumann
data      is /Users/gorg/qmBoot/data/K=6_BC-Neumann_V_0.0_0.0_1.0_0.0_-2.0_0.0_0.0_0.0_1.0/e=-4.57286432160804_K=6_D=R+.dat
parameter is ./param.sdpa
out       is /Users/gorg/qmBoot/data/K=6_BC-Neumann_V_0.0_0.0_1.0_0.0_-2.0_0.0_0.0_0.0_1.0/e=-4.57286432160804_K=6_D=R+.out
DENSE computation
   mu      thetaP  thetaD  objP      objD      alphaP  alphaD  beta 
 0 1.0e+20 1.0e+00 1.0e+00 +0.00e+00 -3.00e+09 1.0e+00 9.0e-01 3.00e-01
 1 1.6e+19 8.6e-88 1.0e-01 +1.60e+10 -3.00e+08 9.0e-01 9.0e-01 3.00e-01
 2 2.5e+18 2.6e-87 1.0e-02 +2.46e+10 -3.00e+07 9.0e-01 9.0e-01 3.00e-01
 3 3.8e+17 4.3e-87 1.0e-03 +3.79e+10 -3.00e+06 9.0e-01 9.0e-01 3.00e-01
 4 5.8e+16 6.0e-87 1.0e-04 +5.84e+10 -3.00e+05 9.0e-01 9.0e-01 3.00e-01
 5 9.0e+15 6.9e-87 1.0e-05 +9.00e+10 -3.00e+04 9.0e-01 9.0e-01 3.00e-01
 6 1.4e+15 8.6e-87 1.0e-06 +1.39e+11 -3.00e+03 9.0e-01 9.0e-01 3.00e-01
 7 2.1e+14 1.1e-86 1.0e-07 +2.13e+11 -3.00e+02 9.0e-01 9.0e-01 3.00e-01
 8 3.3e+13 1.3e-86 1.0e-08 +3.29e+11 -3.01e+01 9.0e-01 9.0e-01 3.00e-01
 9 5.1e+12 1.6e-86 1.0e-09 +5.05e+11 -3.08e+00 9.0e-01 9.0e-01 3.00e-01
10 8.2e+11 1.7e-86 9.8e-11 +7.69e+11 -3.85e-01 9.2e-01 9.2e-01 3.00e-01
11 1.7e+11 1.9e-86 7.8e-12 +1.05e+12 -1.12e-01 1.6e+00 1.0e+00 3.00e-01
12 3.8e+10 1.6e-86 2.3e-90 +4.61e+11 -7.81e-02 9.6e-01 9.0e+01 1.00e-01
13 5.1e+09 1.5e-86 1.4e-88 +6.16e+10 -6.29e-02 9.9e-01 9.9e-01 1.00e-01
14 5.6e+08 1.2e-86 9.9e-94 +6.69e+09 -6.37e-02 1.0e+00 1.0e+00 1.00e-01
15 5.7e+07 1.3e-86 2.5e-93 +6.88e+08 -6.45e-02 1.0e+00 1.0e+00 1.00e-01
16 5.8e+06 1.5e-86 8.1e-93 +6.96e+07 -6.53e-02 1.0e+00 1.0e+00 1.00e-01
17 5.8e+05 1.7e-86 1.8e-92 +7.00e+06 -6.61e-02 1.0e+00 1.0e+00 1.00e-01
18 5.8e+04 1.8e-86 6.2e-92 +7.01e+05 -6.69e-02 1.0e+00 1.0e+00 1.00e-01
19 5.8e+03 2.2e-86 2.2e-91 +7.01e+04 -6.75e-02 1.0e+00 1.0e+00 1.00e-01
20 5.8e+02 2.3e-86 6.4e-91 +7.01e+03 -6.81e-02 1.0e+00 1.0e+00 1.00e-01
21 5.8e+01 2.2e-86 1.4e-90 +7.02e+02 -6.86e-02 1.0e+00 3.4e+01 1.00e-01
22 5.9e+00 2.5e-86 3.9e-88 +7.08e+01 -5.62e-02 9.8e-01 2.0e+01 1.00e-01
23 6.7e-01 2.2e-86 5.9e-87 +8.01e+00 +3.11e-02 9.2e-01 4.9e+00 1.00e-01
24 9.8e-02 2.2e-86 2.4e-86 +1.45e+00 +2.76e-01 8.6e-01 1.2e+00 1.00e-01
25 1.8e-02 2.2e-86 5.2e-87 +6.70e-01 +4.60e-01 8.8e-01 9.4e-01 1.00e-01
26 3.2e-03 2.2e-86 3.6e-88 +5.82e-01 +5.43e-01 9.3e-01 9.1e-01 1.00e-01
27 5.6e-04 2.2e-86 7.2e-89 +5.70e-01 +5.63e-01 9.5e-01 9.0e-01 1.00e-01
28 9.7e-05 2.2e-86 8.0e-90 +5.68e-01 +5.67e-01 9.8e-01 9.7e-01 1.00e-01
29 1.2e-05 2.2e-86 4.5e-90 +5.68e-01 +5.67e-01 9.6e-01 1.0e+00 1.00e-01
30 1.3e-06 2.2e-86 1.6e-90 +5.68e-01 +5.68e-01 9.7e-01 1.0e+00 1.00e-01
31 1.4e-07 2.2e-86 3.0e-91 +5.68e-01 +5.68e-01 9.7e-01 1.0e+00 1.00e-01
32 1.4e-08 2.2e-86 1.6e-88 +5.68e-01 +5.68e-01 9.7e-01 1.0e+00 1.00e-01
33 1.4e-09 2.2e-86 1.8e-88 +5.68e-01 +5.68e-01 9.7e-01 1.0e+00 1.00e-01
34 1.4e-10 2.2e-86 2.4e-88 +5.68e-01 +5.68e-01 9.7e-01 1.0e+00 1.00e-01
35 1.4e-11 2.2e-86 1.7e-88 +5.68e-01 +5.68e-01 9.7e-01 1.0e+00 1.00e-01
36 1.4e-12 2.2e-86 2.1e-88 +5.68e-01 +5.68e-01 9.7e-01 1.0e+00 1.00e-01
37 1.4e-13 2.2e-86 5.4e-88 +5.68e-01 +5.68e-01 9.7e-01 1.0e+00 1.00e-01
38 1.4e-14 2.2e-86 2.5e-88 +5.68e-01 +5.68e-01 9.7e-01 1.0e+00 1.00e-01
39 1.4e-15 2.2e-86 3.5e-88 +5.68e-01 +5.68e-01 9.7e-01 1.0e+00 1.00e-01
40 1.4e-16 2.2e-86 4.8e-88 +5.68e-01 +5.68e-01 9.7e-01 1.0e+00 1.00e-01
41 1.4e-17 2.2e-86 4.3e-88 +5.68e-01 +5.68e-01 9.7e-01 1.0e+00 1.00e-01
42 1.4e-18 2.2e-86 4.7e-88 +5.68e-01 +5.68e-01 9.7e-01 1.0e+00 1.00e-01
43 1.4e-19 2.2e-86 8.9e-88 +5.68e-01 +5.68e-01 9.7e-01 1.0e+00 1.00e-01
44 1.4e-20 2.2e-86 7.1e-88 +5.68e-01 +5.68e-01 9.7e-01 1.0e+00 1.00e-01
45 1.4e-21 2.2e-86 5.1e-87 +5.68e-01 +5.68e-01 9.7e-01 1.0e+00 1.00e-01
46 1.4e-22 2.2e-86 1.8e-86 +5.68e-01 +5.68e-01 9.7e-01 1.0e+00 1.00e-01
47 1.4e-23 2.2e-86 2.1e-86 +5.68e-01 +5.68e-01 9.7e-01 1.0e+00 1.00e-01
48 1.4e-24 2.2e-86 2.5e-86 +5.68e-01 +5.68e-01 9.7e-01 1.0e+00 1.00e-01
49 1.4e-25 2.2e-86 4.2e-88 +5.68e-01 +5.68e-01 9.7e-01 1.0e+00 1.00e-01
50 1.4e-26 2.2e-86 1.1e-87 +5.68e-01 +5.68e-01 9.7e-01 1.0e+00 1.00e-01
51 1.4e-27 2.2e-86 1.0e-87 +5.68e-01 +5.68e-01 9.7e-01 1.0e+00 1.00e-01
52 1.4e-28 2.2e-86 9.8e-88 +5.68e-01 +5.68e-01 9.7e-01 1.0e+00 1.00e-01
53 1.4e-29 2.2e-86 7.3e-88 +5.68e-01 +5.68e-01 9.7e-01 1.0e+00 1.00e-01
54 1.4e-30 2.2e-86 1.1e-87 +5.68e-01 +5.68e-01 9.7e-01 1.0e+00 1.00e-01
55 1.4e-31 2.2e-86 9.8e-88 +5.68e-01 +5.68e-01 9.7e-01 1.0e+00 1.00e-01
56 1.4e-32 2.2e-86 8.9e-88 +5.68e-01 +5.68e-01 9.7e-01 1.0e+00 1.00e-01

phase.value = pdOPT     
   Iteration = 56
          mu = 1.3967838853960484e-32
relative gap = 1.6761406624752581e-31
         gap = 1.6761406624752581e-31
      digits = 3.0529702849870482e+01
objValPrimal = 5.6756200190490507e-01
objValDual   = 5.6756200190490507e-01
p.feas.error = 2.2121223054976152e-76
d.feas.error = 1.0677489582773055e-76
relative eps = 8.6361685550944446e-78
total time   = 0.110


Parameters are
maxIteration =    200
epsilonStar  = 1.000e-30
lambdaStar   = 1.000e+10
omegaStar    = 2.000e+00
lowerBound   = -1.000e+05
upperBound   = 1.000e+05
betaStar     = 1.000e-01
betaBar      = 3.000e-01
gammaStar    = 9.000e-01
epsilonDash  = 1.000e-30
precision    =    200

                         Time(sec)  Ratio(% : MainLoop) 
 Predictor time  =       0.010000,  9.090909
 Corrector time  =       0.020000,  18.181818
 Make bMat time  =       0.010000,  9.090909
 Make bDia time  =       0.000000,  0.000000
 Make bF1  time  =       0.010000,  9.090909
 Make bF2  time  =       0.000000,  0.000000
 Make bF3  time  =       0.000000,  0.000000
 Make bPRE time  =       0.010000,  9.090909
 Make rMat time  =       0.010000,  9.090909
 Make gVec Mul   =       0.000000,  0.000000
 Make gVec time  =       0.010000,  9.090909
 Cholesky bMat   =       0.000000,  0.000000
 Ste Pre time    =       0.000000,  0.000000
 Ste Cor time    =       0.070000,  63.636364
 solve           =       0.000000,  0.000000
 sumDz           =       0.000000,  0.000000
 makedX          =       0.000000,  0.000000
 symmetriseDx    =       0.000000,  0.000000
 makedXdZ        =       0.000000,  0.000000
 xMatTime        =       0.010000,  9.090909
 zMatTime        =       0.000000,  0.000000
 invzMatTime     =       0.000000,  0.000000
 xMatzMatTime    =       0.000000,  0.000000
 EigxMatTime     =       0.030000,  27.272727
 EigzMatTime     =       0.040000,  36.363636
 EigxMatzMatTime =       0.000000,  0.000000
 updateRes       =       0.000000,  0.000000
 EigTime         =       0.070000,  63.636364
 sub_total_bMat  =       0.100000,  90.909091
 Main Loop       =       0.110000,  100.000000
 File Check      =       0.000000,  0.000000
 File Change     =       0.000000,  0.000000
 File Read       =       0.000000,  0.000000
 Total           =       0.110000,  100.000000

xVec = 
{-5.675620019049e-01,+5.525643203117e-02,-1.027611458566e-01,-2.034741826222e-02,+4.145334839882e-01,-3.085946300872e-06,-6.606023211167e-03,+1.087995634359e-02}
xMat = 
{
{ {+1.567562001905e+00,+5.525643203117e-02,-1.027611458566e-01,-2.034741826222e-02,+4.145334839882e-01,-3.085946300872e-06 },
  {+5.525643203117e-02,+4.648008560483e-01,-2.034741826222e-02,+4.145334839882e-01,-3.085946300872e-06,-6.606023211167e-03 },
  {-1.027611458566e-01,-2.034741826222e-02,+9.820954858931e-01,-3.085946300872e-06,-6.606023211167e-03,+1.087995634359e-02 },
  {-2.034741826222e-02,+4.145334839882e-01,-3.085946300872e-06,+5.609559786937e-01,+1.087995634359e-02,-3.760282251931e-01 },
  {+4.145334839882e-01,-3.085946300872e-06,-6.606023211167e-03,+1.087995634359e-02,+1.915337767118e-01,-8.062361486439e-02 },
  {-3.085946300872e-06,-6.606023211167e-03,+1.087995634359e-02,-3.760282251931e-01,-8.062361486439e-02,+7.369254539823e-01 }   }
{ {+6.228184339361e-01,-1.027611458566e-01,-2.034741826222e-02,+4.145334839882e-01,-3.085946300872e-06,-6.606023211167e-03 },
  {-1.027611458566e-01,+5.472145836427e-01,+4.145334839882e-01,-3.085946300872e-06,-6.606023211167e-03,+1.087995634359e-02 },
  {-2.034741826222e-02,+4.145334839882e-01,+5.675589159586e-01,-6.606023211167e-03,+1.087995634359e-02,-3.760282251931e-01 },
  {+4.145334839882e-01,-3.085946300872e-06,-6.606023211167e-03,+5.784419582485e-01,-3.760282251931e-01,-8.062361486439e-02 },
  {-3.085946300872e-06,-6.606023211167e-03,+1.087995634359e-02,-3.760282251931e-01,+4.869383870405e-01,+1.693634520774e-01 },
  {-6.606023211167e-03,+1.087995634359e-02,-3.760282251931e-01,-8.062361486439e-02,+1.693634520774e-01,+6.718491806642e-01 }   }
}
yMat = 
{
{ {+2.051150611824e-32,+1.109672287892e-23,+2.884996095317e-25,-1.253210927994e-23,-2.022840149582e-24,-6.520807666364e-24 },
  {+1.109672287892e-23,+2.171723732125e-01,+5.646184476555e-03,-2.452641147107e-01,-3.958871375946e-02,-1.276177922251e-01 },
  {+2.884996095317e-25,+5.646184476555e-03,+1.467930688960e-04,-6.376531308523e-03,-1.029252375746e-03,-3.317887937286e-03 },
  {-1.253210927994e-23,-2.452641147107e-01,-6.376531308523e-03,+2.769895870041e-01,+4.470960412285e-02,+1.441254445417e-01 },
  {-2.022840149582e-24,-3.958871375946e-02,-1.029252375746e-03,+4.470960412285e-02,+7.216692592824e-03,+2.326365997792e-02 },
  {-6.520807666364e-24,-1.276177922251e-01,-3.317887937286e-03,+1.441254445417e-01,+2.326365997792e-02,+7.499250780151e-02 }   }
{ {+3.794535679604e-02,-1.713180525527e-02,+3.049621434871e-02,-5.937068193957e-02,-5.529435991067e-02,+2.453327876552e-02 },
  {-1.713180525527e-02,+5.316024194171e-02,-7.240085861992e-02,+3.458332710670e-02,+4.609530561192e-02,-4.902134105317e-02 },
  {+3.049621434871e-02,-7.240085861992e-02,+1.001881087850e-01,-5.775518502371e-02,-7.171348081374e-02,+6.869390604071e-02 },
  {-5.937068193957e-02,+3.458332710670e-02,-5.775518502371e-02,+9.422541211913e-02,+9.013380264935e-02,-4.488303090714e-02 },
  {-5.529435991067e-02,+4.609530561192e-02,-7.171348081374e-02,+9.013380264935e-02,+9.040490141823e-02,-5.340105767921e-02 },
  {+2.453327876552e-02,-4.902134105317e-02,+6.869390604071e-02,-4.488303090714e-02,-5.340105767921e-02,+4.755802526000e-02 }   }
}
    main loop time = 0.110000
        total time = 0.110000
  file   read time = 0.000000
