SDPA-GMP start at Wed Jun  5 23:35:11 2024
*SDP Scan Problem: V = x^2 - 2*x^4 + x^8
* K = 6; eval = -6.78391959798995; Domain = R+ with BCs: Neumann
data      is /Users/gorg/qmBoot/data/K=6_BC-Neumann_V_0.0_0.0_1.0_0.0_-2.0_0.0_0.0_0.0_1.0/e=-6.78391959798995_K=6_D=R+.dat
parameter is ./param.sdpa
out       is /Users/gorg/qmBoot/data/K=6_BC-Neumann_V_0.0_0.0_1.0_0.0_-2.0_0.0_0.0_0.0_1.0/e=-6.78391959798995_K=6_D=R+.out
DENSE computation
   mu      thetaP  thetaD  objP      objD      alphaP  alphaD  beta 
 0 1.0e+20 1.0e+00 1.0e+00 +0.00e+00 +1.42e+09 1.0e+00 9.0e-01 3.00e-01
 1 1.6e+19 8.6e-88 1.0e-01 +1.60e+10 +1.42e+08 9.0e-01 9.0e-01 3.00e-01
 2 2.5e+18 1.7e-87 1.0e-02 +2.46e+10 +1.42e+07 9.0e-01 9.0e-01 3.00e-01
 3 3.8e+17 4.3e-87 1.0e-03 +3.79e+10 +1.42e+06 9.0e-01 9.0e-01 3.00e-01
 4 5.8e+16 5.2e-87 1.0e-04 +5.84e+10 +1.42e+05 9.0e-01 9.0e-01 3.00e-01
 5 9.0e+15 6.9e-87 1.0e-05 +9.00e+10 +1.42e+04 9.0e-01 9.0e-01 3.00e-01
 6 1.4e+15 9.5e-87 1.0e-06 +1.39e+11 +1.42e+03 9.0e-01 9.0e-01 3.00e-01
 7 2.1e+14 1.1e-86 1.0e-07 +2.13e+11 +1.42e+02 9.0e-01 9.0e-01 3.00e-01
 8 3.3e+13 1.2e-86 1.0e-08 +3.29e+11 +1.42e+01 9.0e-01 9.0e-01 3.00e-01
 9 5.1e+12 1.5e-86 1.0e-09 +5.05e+11 +1.33e+00 9.0e-01 9.0e-01 3.00e-01
10 8.2e+11 1.4e-86 9.9e-11 +7.69e+11 +5.08e-02 9.2e-01 9.2e-01 3.00e-01
11 1.8e+11 1.6e-86 8.4e-12 +1.05e+12 -7.36e-02 1.7e+00 1.0e+00 3.00e-01
12 3.9e+10 1.3e-86 2.3e-89 +4.74e+11 -6.38e-02 9.6e-01 9.0e+01 1.00e-01
13 5.3e+09 1.2e-86 2.0e-87 +6.37e+10 -2.63e-02 9.9e-01 9.9e-01 1.00e-01
14 5.9e+08 1.2e-86 1.7e-93 +7.03e+09 -2.82e-02 1.0e+00 1.0e+00 1.00e-01
15 6.0e+07 1.3e-86 2.2e-93 +7.24e+08 -3.04e-02 1.0e+00 1.0e+00 1.00e-01
16 6.1e+06 1.5e-86 6.3e-93 +7.33e+07 -3.25e-02 1.0e+00 1.0e+00 1.00e-01
17 6.1e+05 1.7e-86 2.0e-92 +7.36e+06 -3.45e-02 1.0e+00 1.0e+00 1.00e-01
18 6.1e+04 1.7e-86 1.1e-91 +7.38e+05 -3.64e-02 1.0e+00 1.0e+00 1.00e-01
19 6.1e+03 1.8e-86 2.2e-91 +7.38e+04 -3.80e-02 1.0e+00 1.0e+00 1.00e-01
20 6.2e+02 2.0e-86 1.2e-90 +7.38e+03 -3.95e-02 1.0e+00 1.0e+00 1.00e-01
21 6.2e+01 2.2e-86 2.0e-90 +7.39e+02 -4.07e-02 1.0e+00 3.1e+01 1.00e-01
22 6.2e+00 2.3e-86 4.2e-88 +7.48e+01 -3.09e-02 9.8e-01 1.9e+01 1.00e-01
23 7.1e-01 2.2e-86 6.8e-87 +8.68e+00 +1.54e-01 9.1e-01 3.6e+00 1.00e-01
24 1.1e-01 2.2e-86 1.8e-86 +1.79e+00 +4.81e-01 8.5e-01 1.2e+00 1.00e-01
25 2.0e-02 2.4e-86 2.7e-87 +9.69e-01 +7.23e-01 8.8e-01 9.2e-01 1.00e-01
26 3.9e-03 2.3e-86 2.9e-88 +8.62e-01 +8.15e-01 9.2e-01 9.2e-01 1.00e-01
27 6.8e-04 2.3e-86 7.2e-89 +8.46e-01 +8.38e-01 9.5e-01 8.8e-01 1.00e-01
28 1.3e-04 2.4e-86 8.0e-90 +8.44e-01 +8.42e-01 9.8e-01 9.3e-01 1.00e-01
29 2.0e-05 2.4e-86 2.9e-90 +8.43e-01 +8.43e-01 9.7e-01 9.9e-01 1.00e-01
30 2.2e-06 2.3e-86 1.6e-90 +8.43e-01 +8.43e-01 9.8e-01 1.0e+00 1.00e-01
31 2.3e-07 2.4e-86 9.7e-91 +8.43e-01 +8.43e-01 9.8e-01 1.0e+00 1.00e-01
32 2.3e-08 2.3e-86 7.2e-89 +8.43e-01 +8.43e-01 9.8e-01 1.0e+00 1.00e-01
33 2.3e-09 2.2e-86 5.4e-88 +8.43e-01 +8.43e-01 9.8e-01 1.0e+00 1.00e-01
34 2.3e-10 2.2e-86 4.9e-88 +8.43e-01 +8.43e-01 9.8e-01 1.0e+00 1.00e-01
35 2.3e-11 2.2e-86 2.7e-88 +8.43e-01 +8.43e-01 9.8e-01 1.0e+00 1.00e-01
36 2.3e-12 2.2e-86 7.5e-88 +8.43e-01 +8.43e-01 9.8e-01 1.0e+00 1.00e-01
37 2.3e-13 2.1e-86 5.5e-88 +8.43e-01 +8.43e-01 9.8e-01 1.0e+00 1.00e-01
38 2.3e-14 2.2e-86 5.7e-88 +8.43e-01 +8.43e-01 9.8e-01 1.0e+00 1.00e-01
39 2.3e-15 2.1e-86 1.1e-87 +8.43e-01 +8.43e-01 9.8e-01 1.0e+00 1.00e-01
40 2.3e-16 2.1e-86 1.1e-87 +8.43e-01 +8.43e-01 9.8e-01 1.0e+00 1.00e-01
41 2.3e-17 2.1e-86 1.2e-87 +8.43e-01 +8.43e-01 9.8e-01 1.0e+00 1.00e-01
42 2.3e-18 1.9e-86 1.1e-87 +8.43e-01 +8.43e-01 9.8e-01 1.0e+00 1.00e-01
43 2.3e-19 1.8e-86 1.0e-87 +8.43e-01 +8.43e-01 9.8e-01 1.0e+00 1.00e-01
44 2.3e-20 1.7e-86 1.4e-87 +8.43e-01 +8.43e-01 9.8e-01 1.0e+00 1.00e-01
45 2.3e-21 1.7e-86 4.6e-86 +8.43e-01 +8.43e-01 9.8e-01 1.0e+00 1.00e-01
46 2.3e-22 1.7e-86 2.6e-85 +8.43e-01 +8.43e-01 9.8e-01 1.0e+00 1.00e-01
47 2.3e-23 1.6e-86 1.6e-85 +8.43e-01 +8.43e-01 9.8e-01 1.0e+00 1.00e-01
48 2.3e-24 1.6e-86 2.2e-85 +8.43e-01 +8.43e-01 9.8e-01 1.0e+00 1.00e-01
49 2.3e-25 1.6e-86 7.5e-85 +8.43e-01 +8.43e-01 9.8e-01 1.0e+00 1.00e-01
50 2.3e-26 1.6e-86 9.4e-85 +8.43e-01 +8.43e-01 9.8e-01 1.0e+00 1.00e-01
51 2.3e-27 1.5e-86 6.3e-87 +8.43e-01 +8.43e-01 9.8e-01 1.0e+00 1.00e-01
52 2.3e-28 1.6e-86 7.3e-88 +8.43e-01 +8.43e-01 9.8e-01 1.0e+00 1.00e-01
53 2.3e-29 1.4e-86 1.1e-87 +8.43e-01 +8.43e-01 9.8e-01 1.0e+00 1.00e-01
54 2.3e-30 1.5e-86 1.0e-87 +8.43e-01 +8.43e-01 9.8e-01 1.0e+00 1.00e-01
55 2.3e-31 1.4e-86 1.0e-87 +8.43e-01 +8.43e-01 9.8e-01 1.0e+00 1.00e-01
56 2.3e-32 1.3e-86 9.3e-88 +8.43e-01 +8.43e-01 9.8e-01 1.0e+00 1.00e-01

phase.value = pdOPT     
   Iteration = 56
          mu = 2.3444957906314403e-32
relative gap = 2.8133949487577284e-31
         gap = 2.8133949487577284e-31
      digits = 3.0476760429476172e+01
objValPrimal = 8.4331753927570006e-01
objValDual   = 8.4331753927570006e-01
p.feas.error = 1.2954252832641667e-76
d.feas.error = 1.1216911034476910e-76
relative eps = 8.6361685550944446e-78
total time   = 0.110


Parameters are
maxIteration =    200
epsilonStar  = 1.000e-30
lambdaStar   = 1.000e+10
omegaStar    = 2.000e+00
lowerBound   = -1.000e+05
upperBound   = 1.000e+05
betaStar     = 1.000e-01
betaBar      = 3.000e-01
gammaStar    = 9.000e-01
epsilonDash  = 1.000e-30
precision    =    200

                         Time(sec)  Ratio(% : MainLoop) 
 Predictor time  =       0.040000,  36.363636
 Corrector time  =       0.000000,  0.000000
 Make bMat time  =       0.030000,  27.272727
 Make bDia time  =       0.000000,  0.000000
 Make bF1  time  =       0.030000,  27.272727
 Make bF2  time  =       0.000000,  0.000000
 Make bF3  time  =       0.000000,  0.000000
 Make bPRE time  =       0.030000,  27.272727
 Make rMat time  =       0.000000,  0.000000
 Make gVec Mul   =       0.000000,  0.000000
 Make gVec time  =       0.000000,  0.000000
 Cholesky bMat   =       0.000000,  0.000000
 Ste Pre time    =       0.000000,  0.000000
 Ste Cor time    =       0.030000,  27.272727
 solve           =       0.000000,  0.000000
 sumDz           =       0.010000,  9.090909
 makedX          =       0.000000,  0.000000
 symmetriseDx    =       0.000000,  0.000000
 makedXdZ        =       0.010000,  9.090909
 xMatTime        =       0.020000,  18.181818
 zMatTime        =       0.010000,  9.090909
 invzMatTime     =       0.000000,  0.000000
 xMatzMatTime    =       0.000000,  0.000000
 EigxMatTime     =       0.030000,  27.272727
 EigzMatTime     =       0.000000,  0.000000
 EigxMatzMatTime =       0.000000,  0.000000
 updateRes       =       0.010000,  9.090909
 EigTime         =       0.030000,  27.272727
 sub_total_bMat  =       0.080000,  72.727273
 Main Loop       =       0.110000,  100.000000
 File Check      =       0.000000,  0.000000
 File Change     =       0.000000,  0.000000
 File Read       =       0.000000,  0.000000
 Total           =       0.110000,  100.000000

xVec = 
{-8.433175392757e-01,+5.137679181618e-02,-1.365011403661e-01,-3.430289714181e-02,+6.252712342239e-01,-1.285197736632e-02,-1.522000008781e-02,+1.253236386289e-02}
xMat = 
{
{ {+1.843317539276e+00,+5.137679181618e-02,-1.365011403661e-01,-3.430289714181e-02,+6.252712342239e-01,-1.285197736632e-02 },
  {+5.137679181618e-02,+7.068163989096e-01,-3.430289714181e-02,+6.252712342239e-01,-1.285197736632e-02,-1.522000008781e-02 },
  {-1.365011403661e-01,-3.430289714181e-02,+1.468588773500e+00,-1.285197736632e-02,-1.522000008781e-02,+1.253236386289e-02 },
  {-3.430289714181e-02,+6.252712342239e-01,-1.285197736632e-02,+8.280975391879e-01,+1.253236386289e-02,-5.518579823829e-01 },
  {+6.252712342239e-01,-1.285197736632e-02,-1.522000008781e-02,+1.253236386289e-02,+2.914595568928e-01,-1.220279924258e-01 },
  {-1.285197736632e-02,-1.522000008781e-02,+1.253236386289e-02,-5.518579823829e-01,-1.220279924258e-01,+1.075425160141e+00 }   }
{ {+8.946943310919e-01,-1.365011403661e-01,-3.430289714181e-02,+6.252712342239e-01,-1.285197736632e-02,-1.522000008781e-02 },
  {-1.365011403661e-01,+8.090146421339e-01,+6.252712342239e-01,-1.285197736632e-02,-1.522000008781e-02,+1.253236386289e-02 },
  {-3.430289714181e-02,+6.252712342239e-01,+8.304655619094e-01,-1.522000008781e-02,+1.253236386289e-02,-5.518579823829e-01 },
  {+6.252712342239e-01,-1.285197736632e-02,-1.522000008781e-02,+8.558499031386e-01,-5.518579823829e-01,-1.220279924258e-01 },
  {-1.285197736632e-02,-1.522000008781e-02,+1.253236386289e-02,-5.518579823829e-01,+7.212895468499e-01,+2.321076208655e-01 },
  {-1.522000008781e-02,+1.253236386289e-02,-5.518579823829e-01,-1.220279924258e-01,+2.321076208655e-01,+1.025035212880e+00 }   }
}
yMat = 
{
{ {+5.195650490832e-32,+3.265724388198e-23,+5.479976417029e-25,-3.745997016463e-23,-5.016246817914e-24,-1.933610194834e-23 },
  {+3.265724388198e-23,+2.075731091469e-01,+3.483134521062e-03,-2.380997766466e-01,-3.188382729271e-02,-1.229024351018e-01 },
  {+5.479976417029e-25,+3.483134521062e-03,+5.844796631737e-05,-3.995380494628e-03,-5.350194924729e-04,-2.062337054087e-03 },
  {-3.745997016463e-23,-2.380997766466e-01,-3.995380494628e-03,+2.731158379433e-01,+3.657281132528e-02,+1.409770392096e-01 },
  {-5.016246817914e-24,-3.188382729271e-02,-5.350194924729e-04,+3.657281132528e-02,+4.897447684863e-03,+1.887816794162e-02 },
  {-1.933610194834e-23,-1.229024351018e-01,-2.062337054087e-03,+1.409770392096e-01,+1.887816794162e-02,+7.276958280405e-02 }   }
{ {+4.969572623026e-02,-2.903761818903e-02,+4.456294783797e-02,-7.564315546164e-02,-6.854502506037e-02,+3.160080484798e-02 },
  {-2.903761818903e-02,+4.820940610501e-02,-6.559192038422e-02,+4.852029347556e-02,+5.241501281251e-02,-4.242648894839e-02 },
  {+4.456294783797e-02,-6.559192038422e-02,+9.003549307649e-02,-7.330134842757e-02,-7.711789810887e-02,+5.867301936999e-02 },
  {-7.564315546164e-02,+4.852029347556e-02,-7.330134842757e-02,+1.157361336062e-01,+1.060442634656e-01,-5.141475147061e-02 },
  {-6.854502506037e-02,+5.241501281251e-02,-7.711789810887e-02,+1.060442634656e-01,+9.943640071131e-02,-5.306924492921e-02 },
  {+3.160080484798e-02,-4.242648894839e-02,+5.867301936999e-02,-5.141475147061e-02,-5.306924492921e-02,+3.847241472528e-02 }   }
}
    main loop time = 0.110000
        total time = 0.110000
  file   read time = 0.000000
