SDPA-GMP start at Wed Jun  5 23:35:11 2024
*SDP Scan Problem: V = x^2 - 2*x^4 + x^8
* K = 6; eval = -7.989949748743719; Domain = R+ with BCs: Neumann
data      is /Users/gorg/qmBoot/data/K=6_BC-Neumann_V_0.0_0.0_1.0_0.0_-2.0_0.0_0.0_0.0_1.0/e=-7.989949748743719_K=6_D=R+.dat
parameter is ./param.sdpa
out       is /Users/gorg/qmBoot/data/K=6_BC-Neumann_V_0.0_0.0_1.0_0.0_-2.0_0.0_0.0_0.0_1.0/e=-7.989949748743719_K=6_D=R+.out
DENSE computation
   mu      thetaP  thetaD  objP      objD      alphaP  alphaD  beta 
 0 1.0e+20 1.0e+00 1.0e+00 +0.00e+00 +3.84e+09 1.0e+00 9.0e-01 3.00e-01
 1 1.6e+19 8.6e-88 1.0e-01 +1.60e+10 +3.84e+08 9.0e-01 9.0e-01 3.00e-01
 2 2.5e+18 2.3e-87 1.0e-02 +2.46e+10 +3.84e+07 9.0e-01 9.0e-01 3.00e-01
 3 3.8e+17 4.3e-87 1.0e-03 +3.79e+10 +3.84e+06 9.0e-01 9.0e-01 3.00e-01
 4 5.8e+16 4.3e-87 1.0e-04 +5.84e+10 +3.84e+05 9.0e-01 9.0e-01 3.00e-01
 5 9.0e+15 8.6e-87 1.0e-05 +9.00e+10 +3.84e+04 9.0e-01 9.0e-01 3.00e-01
 6 1.4e+15 9.5e-87 1.0e-06 +1.39e+11 +3.84e+03 9.0e-01 9.0e-01 3.00e-01
 7 2.1e+14 1.2e-86 1.0e-07 +2.13e+11 +3.84e+02 9.0e-01 9.0e-01 3.00e-01
 8 3.3e+13 1.6e-86 1.0e-08 +3.29e+11 +3.83e+01 9.0e-01 9.0e-01 3.00e-01
 9 5.1e+12 1.6e-86 1.0e-09 +5.05e+11 +3.74e+00 9.0e-01 9.0e-01 3.00e-01
10 8.3e+11 1.7e-86 9.9e-11 +7.69e+11 +2.90e-01 9.1e-01 9.1e-01 3.00e-01
11 1.8e+11 2.1e-86 8.7e-12 +1.05e+12 -5.07e-02 1.7e+00 1.0e+00 3.00e-01
12 4.0e+10 2.0e-86 7.2e-89 +4.79e+11 -5.54e-02 9.6e-01 9.0e+01 1.00e-01
13 5.4e+09 2.0e-86 6.4e-87 +6.47e+10 +9.02e-03 9.9e-01 9.9e-01 1.00e-01
14 6.0e+08 2.1e-86 7.9e-89 +7.19e+09 +5.08e-03 1.0e+00 1.0e+00 1.00e-01
15 6.2e+07 2.3e-86 2.7e-91 +7.41e+08 +1.07e-03 1.0e+00 1.0e+00 1.00e-01
16 6.3e+06 2.3e-86 1.1e-92 +7.51e+07 -2.87e-03 1.0e+00 1.0e+00 1.00e-01
17 6.3e+05 2.4e-86 6.5e-92 +7.54e+06 -6.49e-03 1.0e+00 1.0e+00 1.00e-01
18 6.3e+04 2.6e-86 1.1e-91 +7.56e+05 -9.79e-03 1.0e+00 1.0e+00 1.00e-01
19 6.3e+03 2.8e-86 4.2e-91 +7.56e+04 -1.28e-02 1.0e+00 1.0e+00 1.00e-01
20 6.3e+02 2.8e-86 1.3e-90 +7.56e+03 -1.54e-02 1.0e+00 1.0e+00 1.00e-01
21 6.3e+01 2.8e-86 5.1e-90 +7.57e+02 -1.77e-02 1.0e+00 1.0e+00 1.00e-01
22 6.4e+00 3.1e-86 8.2e-90 +7.68e+01 -1.78e-02 9.8e-01 1.9e+01 1.00e-01
23 7.0e-01 3.1e-86 7.0e-88 +8.76e+00 +3.09e-01 9.1e-01 4.2e+00 1.00e-01
24 1.0e-01 3.1e-86 1.8e-87 +1.89e+00 +6.86e-01 8.7e-01 1.1e+00 1.00e-01
25 1.8e-02 3.2e-86 1.9e-88 +1.11e+00 +8.94e-01 8.9e-01 9.3e-01 1.00e-01
26 3.3e-03 3.2e-86 9.7e-90 +1.01e+00 +9.70e-01 9.0e-01 9.4e-01 1.00e-01
27 5.6e-04 3.2e-86 7.2e-89 +9.97e-01 +9.90e-01 9.4e-01 8.9e-01 1.00e-01
28 1.0e-04 3.2e-86 8.8e-90 +9.95e-01 +9.94e-01 9.9e-01 9.1e-01 1.00e-01
29 1.7e-05 3.1e-86 7.2e-90 +9.94e-01 +9.94e-01 9.7e-01 9.9e-01 1.00e-01
30 1.9e-06 3.0e-86 8.6e-90 +9.94e-01 +9.94e-01 9.8e-01 1.0e+00 1.00e-01
31 2.0e-07 3.0e-86 2.8e-90 +9.94e-01 +9.94e-01 9.8e-01 1.0e+00 1.00e-01
32 2.0e-08 2.9e-86 6.2e-91 +9.94e-01 +9.94e-01 9.8e-01 1.0e+00 1.00e-01
33 2.0e-09 2.8e-86 6.8e-92 +9.94e-01 +9.94e-01 9.8e-01 1.0e+00 1.00e-01
34 2.0e-10 2.8e-86 1.2e-88 +9.94e-01 +9.94e-01 9.8e-01 1.0e+00 1.00e-01
35 2.0e-11 2.8e-86 2.8e-88 +9.94e-01 +9.94e-01 9.8e-01 1.0e+00 1.00e-01
36 2.0e-12 2.8e-86 3.4e-88 +9.94e-01 +9.94e-01 9.8e-01 1.0e+00 1.00e-01
37 2.0e-13 2.8e-86 6.0e-88 +9.94e-01 +9.94e-01 9.8e-01 1.0e+00 1.00e-01
38 2.0e-14 2.7e-86 3.2e-88 +9.94e-01 +9.94e-01 9.8e-01 1.0e+00 1.00e-01
39 2.0e-15 2.6e-86 6.2e-88 +9.94e-01 +9.94e-01 9.8e-01 1.0e+00 1.00e-01
40 2.0e-16 2.6e-86 8.6e-88 +9.94e-01 +9.94e-01 9.8e-01 1.0e+00 1.00e-01
41 2.0e-17 2.6e-86 7.8e-88 +9.94e-01 +9.94e-01 9.8e-01 1.0e+00 1.00e-01
42 2.0e-18 2.5e-86 1.1e-87 +9.94e-01 +9.94e-01 9.8e-01 1.0e+00 1.00e-01
43 2.0e-19 2.5e-86 1.1e-87 +9.94e-01 +9.94e-01 9.8e-01 1.0e+00 1.00e-01
44 2.0e-20 2.5e-86 8.1e-88 +9.94e-01 +9.94e-01 9.8e-01 1.0e+00 1.00e-01
45 2.0e-21 2.5e-86 1.3e-86 +9.94e-01 +9.94e-01 9.8e-01 1.0e+00 1.00e-01
46 2.0e-22 2.5e-86 7.8e-86 +9.94e-01 +9.94e-01 9.8e-01 1.0e+00 1.00e-01
47 2.0e-23 2.5e-86 1.0e-85 +9.94e-01 +9.94e-01 9.8e-01 1.0e+00 1.00e-01
48 2.0e-24 2.5e-86 6.9e-86 +9.94e-01 +9.94e-01 9.8e-01 1.0e+00 1.00e-01
49 2.0e-25 2.5e-86 7.3e-86 +9.94e-01 +9.94e-01 9.8e-01 1.0e+00 1.00e-01
50 2.0e-26 2.5e-86 1.2e-87 +9.94e-01 +9.94e-01 9.8e-01 1.0e+00 1.00e-01
51 2.0e-27 2.5e-86 5.3e-88 +9.94e-01 +9.94e-01 9.8e-01 1.0e+00 1.00e-01
52 2.0e-28 2.5e-86 1.1e-87 +9.94e-01 +9.94e-01 9.8e-01 1.0e+00 1.00e-01
53 2.0e-29 2.5e-86 7.8e-88 +9.94e-01 +9.94e-01 9.8e-01 1.0e+00 1.00e-01
54 2.0e-30 2.5e-86 8.0e-88 +9.94e-01 +9.94e-01 9.8e-01 1.0e+00 1.00e-01
55 2.0e-31 2.5e-86 9.6e-88 +9.94e-01 +9.94e-01 9.8e-01 1.0e+00 1.00e-01
56 2.0e-32 2.5e-86 1.1e-87 +9.94e-01 +9.94e-01 9.8e-01 1.0e+00 1.00e-01

phase.value = pdOPT     
   Iteration = 56
          mu = 2.0331670610925167e-32
relative gap = 2.4398004733110200e-31
         gap = 2.4398004733110200e-31
      digits = 3.0610228087625913e+01
objValPrimal = 9.9444873317178376e-01
objValDual   = 9.9444873317178376e-01
p.feas.error = 2.4619622051529261e-76
d.feas.error = 1.2966633087258665e-76
relative eps = 8.6361685550944446e-78
total time   = 0.110


Parameters are
maxIteration =    200
epsilonStar  = 1.000e-30
lambdaStar   = 1.000e+10
omegaStar    = 2.000e+00
lowerBound   = -1.000e+05
upperBound   = 1.000e+05
betaStar     = 1.000e-01
betaBar      = 3.000e-01
gammaStar    = 9.000e-01
epsilonDash  = 1.000e-30
precision    =    200

                         Time(sec)  Ratio(% : MainLoop) 
 Predictor time  =       0.020000,  18.181818
 Corrector time  =       0.030000,  27.272727
 Make bMat time  =       0.020000,  18.181818
 Make bDia time  =       0.000000,  0.000000
 Make bF1  time  =       0.010000,  9.090909
 Make bF2  time  =       0.010000,  9.090909
 Make bF3  time  =       0.000000,  0.000000
 Make bPRE time  =       0.010000,  9.090909
 Make rMat time  =       0.020000,  18.181818
 Make gVec Mul   =       0.000000,  0.000000
 Make gVec time  =       0.000000,  0.000000
 Cholesky bMat   =       0.000000,  0.000000
 Ste Pre time    =       0.000000,  0.000000
 Ste Cor time    =       0.050000,  45.454545
 solve           =       0.000000,  0.000000
 sumDz           =       0.000000,  0.000000
 makedX          =       0.010000,  9.090909
 symmetriseDx    =       0.000000,  0.000000
 makedXdZ        =       0.010000,  9.090909
 xMatTime        =       0.010000,  9.090909
 zMatTime        =       0.000000,  0.000000
 invzMatTime     =       0.000000,  0.000000
 xMatzMatTime    =       0.000000,  0.000000
 EigxMatTime     =       0.030000,  27.272727
 EigzMatTime     =       0.020000,  18.181818
 EigxMatzMatTime =       0.000000,  0.000000
 updateRes       =       0.000000,  0.000000
 EigTime         =       0.050000,  45.454545
 sub_total_bMat  =       0.090000,  81.818182
 Main Loop       =       0.110000,  100.000000
 File Check      =       0.000000,  0.000000
 File Change     =       0.000000,  0.000000
 File Read       =       0.000000,  0.000000
 Total           =       0.110000,  100.000000

xVec = 
{-9.944487331718e-01,+5.056148384395e-02,-1.458020158466e-01,-3.893902934484e-02,+7.452672703855e-01,-1.651063668661e-02,-2.064462702902e-02,+1.728783933273e-02}
xMat = 
{
{ {+1.994448733172e+00,+5.056148384395e-02,-1.458020158466e-01,-3.893902934484e-02,+7.452672703855e-01,-1.651063668661e-02 },
  {+5.056148384395e-02,+8.486467173251e-01,-3.893902934484e-02,+7.452672703855e-01,-1.651063668661e-02,-2.064462702902e-02 },
  {-1.458020158466e-01,-3.893902934484e-02,+1.739716003557e+00,-1.651063668661e-02,-2.064462702902e-02,+1.728783933273e-02 },
  {-3.893902934484e-02,+7.452672703855e-01,-1.651063668661e-02,+9.738041061428e-01,+1.728783933273e-02,-6.453484189475e-01 },
  {+7.452672703855e-01,-1.651063668661e-02,-2.064462702902e-02,+1.728783933273e-02,+3.491003142243e-01,-1.429520613795e-01 },
  {-1.651063668661e-02,-2.064462702902e-02,+1.728783933273e-02,-6.453484189475e-01,-1.429520613795e-01,+1.252639731430e+00 }   }
{ {+1.045010217016e+00,-1.458020158466e-01,-3.893902934484e-02,+7.452672703855e-01,-1.651063668661e-02,-2.064462702902e-02 },
  {-1.458020158466e-01,+9.555097038269e-01,+7.452672703855e-01,-1.651063668661e-02,-2.064462702902e-02,+1.728783933273e-02 },
  {-3.893902934484e-02,+7.452672703855e-01,+9.779380964852e-01,-2.064462702902e-02,+1.728783933273e-02,-6.453484189475e-01 },
  {+7.452672703855e-01,-1.651063668661e-02,-2.064462702902e-02,+1.011736572505e+00,-6.453484189475e-01,-1.429520613795e-01 },
  {-1.651063668661e-02,-2.064462702902e-02,+1.728783933273e-02,-6.453484189475e-01,+8.514966717923e-01,+2.581909982583e-01 },
  {-2.064462702902e-02,+1.728783933273e-02,-6.453484189475e-01,-1.429520613795e-01,+2.581909982583e-01,+1.224181196848e+00 }   }
}
yMat = 
{
{ {+6.044212714323e-32,+6.352415723576e-23,+9.957826177807e-25,-7.352721464563e-23,-8.795115883075e-24,-3.785105395630e-23 },
  {+6.352415723576e-23,+1.971238724544e-01,+3.090045324150e-03,-2.281646842865e-01,-2.729240890671e-02,-1.174568330121e-01 },
  {+9.957826177807e-25,+3.090045324150e-03,+4.843847671221e-05,-3.576630303764e-03,-4.278263179235e-04,-1.841212498109e-03 },
  {-7.352721464563e-23,-2.281646842865e-01,-3.576630303764e-03,+2.640934479796e-01,+3.159010516628e-02,+1.359525910679e-01 },
  {-8.795115883075e-24,-2.729240890671e-02,-4.278263179235e-04,+3.159010516628e-02,+3.778718298585e-03,+1.626226126517e-02 },
  {-3.785105395630e-23,-1.174568330121e-01,-1.841212498109e-03,+1.359525910679e-01,+1.626226126517e-02,+6.998699573757e-02 }   }
{ {+5.862614792958e-02,-3.373166024980e-02,+4.987695453247e-02,-8.696450921533e-02,-7.685685531046e-02,+3.381318768285e-02 },
  {-3.373166024980e-02,+4.865170813930e-02,-6.532102723721e-02,+5.348206627065e-02,+5.482010169116e-02,-4.100779149309e-02 },
  {+4.987695453247e-02,-6.532102723721e-02,+8.829901448251e-02,-7.830104744026e-02,-7.866077267543e-02,+5.575872868766e-02 },
  {-8.696450921533e-02,+5.348206627065e-02,-7.830104744026e-02,+1.294068271895e-01,+1.152562201479e-01,-5.269689029053e-02 },
  {-7.685685531046e-02,+5.482010169116e-02,-7.866077267543e-02,+1.152562201479e-01,+1.045982150158e-01,-5.213951248424e-02 },
  {+3.381318768285e-02,-4.100779149309e-02,+5.575872868766e-02,-5.269689029053e-02,-5.213951248424e-02,+3.538661429649e-02 }   }
}
    main loop time = 0.110000
        total time = 0.110000
  file   read time = 0.000000
