SDPA-GMP start at Wed Jun  5 23:35:10 2024
*SDP Scan Problem: V = x^2 - 2*x^4 + x^8
* K = 6; eval = -8.291457286432161; Domain = R+ with BCs: Neumann
data      is /Users/gorg/qmBoot/data/K=6_BC-Neumann_V_0.0_0.0_1.0_0.0_-2.0_0.0_0.0_0.0_1.0/e=-8.291457286432161_K=6_D=R+.dat
parameter is ./param.sdpa
out       is /Users/gorg/qmBoot/data/K=6_BC-Neumann_V_0.0_0.0_1.0_0.0_-2.0_0.0_0.0_0.0_1.0/e=-8.291457286432161_K=6_D=R+.out
DENSE computation
   mu      thetaP  thetaD  objP      objD      alphaP  alphaD  beta 
 0 1.0e+20 1.0e+00 1.0e+00 +0.00e+00 +4.44e+09 1.0e+00 9.0e-01 3.00e-01
 1 1.6e+19 8.6e-88 1.0e-01 +1.60e+10 +4.44e+08 9.0e-01 9.0e-01 3.00e-01
 2 2.5e+18 2.1e-87 1.0e-02 +2.46e+10 +4.44e+07 9.0e-01 9.0e-01 3.00e-01
 3 3.8e+17 5.2e-87 1.0e-03 +3.79e+10 +4.44e+06 9.0e-01 9.0e-01 3.00e-01
 4 5.8e+16 7.8e-87 1.0e-04 +5.84e+10 +4.44e+05 9.0e-01 9.0e-01 3.00e-01
 5 9.0e+15 1.0e-86 1.0e-05 +9.00e+10 +4.44e+04 9.0e-01 9.0e-01 3.00e-01
 6 1.4e+15 1.3e-86 1.0e-06 +1.39e+11 +4.44e+03 9.0e-01 9.0e-01 3.00e-01
 7 2.1e+14 1.5e-86 1.0e-07 +2.13e+11 +4.44e+02 9.0e-01 9.0e-01 3.00e-01
 8 3.3e+13 1.6e-86 1.0e-08 +3.29e+11 +4.43e+01 9.0e-01 9.0e-01 3.00e-01
 9 5.1e+12 2.0e-86 1.0e-09 +5.05e+11 +4.35e+00 9.0e-01 9.0e-01 3.00e-01
10 8.3e+11 2.2e-86 9.9e-11 +7.68e+11 +3.51e-01 9.1e-01 9.1e-01 3.00e-01
11 1.8e+11 2.3e-86 8.8e-12 +1.05e+12 -4.47e-02 1.7e+00 1.0e+00 3.00e-01
12 4.0e+10 2.2e-86 5.2e-94 +4.80e+11 -5.33e-02 9.6e-01 9.0e+01 1.00e-01
13 5.4e+09 2.1e-86 7.0e-92 +6.50e+10 +1.96e-02 9.9e-01 9.9e-01 1.00e-01
14 6.0e+08 2.4e-86 1.8e-93 +7.22e+09 +1.50e-02 1.0e+00 1.0e+00 1.00e-01
15 6.2e+07 2.5e-86 3.0e-93 +7.45e+08 +1.04e-02 1.0e+00 1.0e+00 1.00e-01
16 6.3e+06 2.7e-86 1.4e-92 +7.55e+07 +5.88e-03 1.0e+00 1.0e+00 1.00e-01
17 6.3e+05 2.8e-86 3.2e-92 +7.58e+06 +1.74e-03 1.0e+00 1.0e+00 1.00e-01
18 6.3e+04 3.0e-86 9.9e-92 +7.60e+05 -2.02e-03 1.0e+00 1.0e+00 1.00e-01
19 6.3e+03 3.4e-86 4.1e-91 +7.60e+04 -5.41e-03 1.0e+00 1.0e+00 1.00e-01
20 6.3e+02 3.1e-86 1.9e-90 +7.60e+03 -8.45e-03 1.0e+00 1.0e+00 1.00e-01
21 6.3e+01 3.5e-86 4.0e-90 +7.61e+02 -1.10e-02 1.0e+00 1.0e+00 1.00e-01
22 6.4e+00 3.4e-86 7.7e-90 +7.73e+01 -1.14e-02 9.8e-01 1.8e+01 1.00e-01
23 7.1e-01 3.5e-86 1.1e-87 +8.85e+00 +3.27e-01 9.1e-01 4.1e+00 1.00e-01
24 1.0e-01 3.5e-86 2.9e-87 +1.93e+00 +7.20e-01 8.7e-01 1.1e+00 1.00e-01
25 1.8e-02 3.4e-86 2.9e-88 +1.15e+00 +9.32e-01 8.9e-01 9.3e-01 1.00e-01
26 3.3e-03 3.5e-86 1.2e-89 +1.05e+00 +1.01e+00 9.0e-01 9.4e-01 1.00e-01
27 5.7e-04 3.5e-86 7.2e-89 +1.03e+00 +1.03e+00 9.4e-01 8.9e-01 1.00e-01
28 1.1e-04 3.5e-86 7.7e-90 +1.03e+00 +1.03e+00 9.9e-01 9.0e-01 1.00e-01
29 1.7e-05 3.5e-86 3.4e-90 +1.03e+00 +1.03e+00 9.7e-01 9.9e-01 1.00e-01
30 2.0e-06 3.5e-86 7.6e-91 +1.03e+00 +1.03e+00 9.9e-01 1.0e+00 1.00e-01
31 2.1e-07 3.6e-86 2.8e-91 +1.03e+00 +1.03e+00 9.9e-01 1.0e+00 1.00e-01
32 2.1e-08 3.5e-86 2.4e-91 +1.03e+00 +1.03e+00 9.9e-01 1.0e+00 1.00e-01
33 2.1e-09 3.5e-86 7.0e-89 +1.03e+00 +1.03e+00 9.9e-01 1.0e+00 1.00e-01
34 2.1e-10 3.5e-86 1.6e-88 +1.03e+00 +1.03e+00 9.9e-01 1.0e+00 1.00e-01
35 2.1e-11 3.5e-86 1.4e-88 +1.03e+00 +1.03e+00 9.9e-01 1.0e+00 1.00e-01
36 2.1e-12 3.5e-86 1.1e-87 +1.03e+00 +1.03e+00 9.9e-01 1.0e+00 1.00e-01
37 2.1e-13 3.5e-86 9.4e-88 +1.03e+00 +1.03e+00 9.9e-01 1.0e+00 1.00e-01
38 2.1e-14 3.5e-86 6.5e-88 +1.03e+00 +1.03e+00 9.9e-01 1.0e+00 1.00e-01
39 2.1e-15 3.5e-86 1.5e-87 +1.03e+00 +1.03e+00 9.9e-01 1.0e+00 1.00e-01
40 2.1e-16 3.5e-86 1.2e-87 +1.03e+00 +1.03e+00 9.9e-01 1.0e+00 1.00e-01
41 2.1e-17 3.5e-86 1.1e-87 +1.03e+00 +1.03e+00 9.9e-01 1.0e+00 1.00e-01
42 2.1e-18 3.5e-86 1.5e-87 +1.03e+00 +1.03e+00 9.9e-01 1.0e+00 1.00e-01
43 2.1e-19 3.5e-86 9.2e-88 +1.03e+00 +1.03e+00 9.9e-01 1.0e+00 1.00e-01
44 2.1e-20 3.5e-86 1.2e-87 +1.03e+00 +1.03e+00 9.9e-01 1.0e+00 1.00e-01
45 2.1e-21 3.5e-86 2.3e-86 +1.03e+00 +1.03e+00 9.9e-01 1.0e+00 1.00e-01
46 2.1e-22 3.4e-86 1.4e-85 +1.03e+00 +1.03e+00 9.9e-01 1.0e+00 1.00e-01
47 2.1e-23 3.5e-86 2.3e-85 +1.03e+00 +1.03e+00 9.9e-01 1.0e+00 1.00e-01
48 2.1e-24 3.5e-86 1.4e-85 +1.03e+00 +1.03e+00 9.9e-01 1.0e+00 1.00e-01
49 2.1e-25 3.5e-86 1.6e-84 +1.03e+00 +1.03e+00 9.9e-01 1.0e+00 1.00e-01
50 2.1e-26 3.5e-86 3.7e-85 +1.03e+00 +1.03e+00 9.9e-01 1.0e+00 1.00e-01
51 2.1e-27 3.5e-86 1.3e-87 +1.03e+00 +1.03e+00 9.9e-01 1.0e+00 1.00e-01
52 2.1e-28 3.5e-86 8.1e-88 +1.03e+00 +1.03e+00 9.9e-01 1.0e+00 1.00e-01
53 2.1e-29 3.5e-86 1.5e-87 +1.03e+00 +1.03e+00 9.9e-01 1.0e+00 1.00e-01
54 2.1e-30 3.5e-86 9.8e-88 +1.03e+00 +1.03e+00 9.9e-01 1.0e+00 1.00e-01
55 2.1e-31 3.6e-86 1.6e-87 +1.03e+00 +1.03e+00 9.9e-01 1.0e+00 1.00e-01
56 2.1e-32 3.5e-86 1.4e-87 +1.03e+00 +1.03e+00 9.9e-01 1.0e+00 1.00e-01

phase.value = pdOPT     
   Iteration = 56
          mu = 2.1070972774624678e-32
relative gap = 2.4493909847143330e-31
         gap = 2.5285167329549613e-31
      digits = 3.0610941884964777e+01
objValPrimal = 1.0323042538877706e+00
objValDual   = 1.0323042538877706e+00
p.feas.error = 3.5408291075887223e-76
d.feas.error = 1.7382075364508649e-76
relative eps = 8.6361685550944446e-78
total time   = 0.110


Parameters are
maxIteration =    200
epsilonStar  = 1.000e-30
lambdaStar   = 1.000e+10
omegaStar    = 2.000e+00
lowerBound   = -1.000e+05
upperBound   = 1.000e+05
betaStar     = 1.000e-01
betaBar      = 3.000e-01
gammaStar    = 9.000e-01
epsilonDash  = 1.000e-30
precision    =    200

                         Time(sec)  Ratio(% : MainLoop) 
 Predictor time  =       0.030000,  27.272727
 Corrector time  =       0.020000,  18.181818
 Make bMat time  =       0.010000,  9.090909
 Make bDia time  =       0.000000,  0.000000
 Make bF1  time  =       0.010000,  9.090909
 Make bF2  time  =       0.000000,  0.000000
 Make bF3  time  =       0.000000,  0.000000
 Make bPRE time  =       0.010000,  9.090909
 Make rMat time  =       0.020000,  18.181818
 Make gVec Mul   =       0.000000,  0.000000
 Make gVec time  =       0.000000,  0.000000
 Cholesky bMat   =       0.000000,  0.000000
 Ste Pre time    =       0.000000,  0.000000
 Ste Cor time    =       0.060000,  54.545455
 solve           =       0.000000,  0.000000
 sumDz           =       0.000000,  0.000000
 makedX          =       0.020000,  18.181818
 symmetriseDx    =       0.000000,  0.000000
 makedXdZ        =       0.020000,  18.181818
 xMatTime        =       0.000000,  0.000000
 zMatTime        =       0.000000,  0.000000
 invzMatTime     =       0.000000,  0.000000
 xMatzMatTime    =       0.000000,  0.000000
 EigxMatTime     =       0.040000,  36.363636
 EigzMatTime     =       0.020000,  18.181818
 EigxMatzMatTime =       0.000000,  0.000000
 updateRes       =       0.000000,  0.000000
 EigTime         =       0.060000,  54.545455
 sub_total_bMat  =       0.100000,  90.909091
 Main Loop       =       0.110000,  100.000000
 File Check      =       0.000000,  0.000000
 File Change     =       0.000000,  0.000000
 File Read       =       0.000000,  0.000000
 Total           =       0.110000,  100.000000

xVec = 
{-1.032304253888e+00,+5.037823488122e-02,-1.475038875110e-01,-3.984187406641e-02,+7.755081579336e-01,-1.717003397663e-02,-2.205265082415e-02,+1.878975332775e-02}
xMat = 
{
{ {+2.032304253888e+00,+5.037823488122e-02,-1.475038875110e-01,-3.984187406641e-02,+7.755081579336e-01,-1.717003397663e-02 },
  {+5.037823488122e-02,+8.848003663768e-01,-3.984187406641e-02,+7.755081579336e-01,-1.717003397663e-02,-2.205265082415e-02 },
  {-1.475038875110e-01,-3.984187406641e-02,+1.807812411821e+00,-1.717003397663e-02,-2.205265082415e-02,+1.878975332775e-02 },
  {-3.984187406641e-02,+7.755081579336e-01,-1.717003397663e-02,+1.010251603064e+00,+1.878975332775e-02,-6.686801127617e-01 },
  {+7.755081579336e-01,-1.717003397663e-02,-2.205265082415e-02,+1.878975332775e-02,+3.636241411260e-01,-1.479356423096e-01 },
  {-1.717003397663e-02,-2.205265082415e-02,+1.878975332775e-02,-6.686801127617e-01,-1.479356423096e-01,+1.296091026554e+00 }   }
{ {+1.082682488769e+00,-1.475038875110e-01,-3.984187406641e-02,+7.755081579336e-01,-1.717003397663e-02,-2.205265082415e-02 },
  {-1.475038875110e-01,+9.924623798214e-01,+7.755081579336e-01,-1.717003397663e-02,-2.205265082415e-02,+1.878975332775e-02 },
  {-3.984187406641e-02,+7.755081579336e-01,+1.015134219911e+00,-2.205265082415e-02,+1.878975332775e-02,-6.686801127617e-01 },
  {+7.755081579336e-01,-1.717003397663e-02,-2.205265082415e-02,+1.051094007216e+00,-6.686801127617e-01,-1.479356423096e-01 },
  {-1.717003397663e-02,-2.205265082415e-02,+1.878975332775e-02,-6.686801127617e-01,+8.843686115781e-01,+2.637867726663e-01 },
  {-2.205265082415e-02,+1.878975332775e-02,-6.686801127617e-01,-1.479356423096e-01,+2.637867726663e-01,+1.274177429792e+00 }   }
}
yMat = 
{
{ {+6.945897133390e-32,+7.465084274315e-23,+1.163219589661e-24,-8.660199495937e-23,-1.006429354452e-23,-4.457519259087e-23 },
  {+7.465084274315e-23,+1.945976391864e-01,+3.032246883301e-03,-2.257515541289e-01,-2.623530641443e-02,-1.161973116656e-01 },
  {+1.163219589661e-24,+3.032246883301e-03,+4.724888338690e-05,-3.517691423542e-03,-4.088021131200e-04,-1.810602315726e-03 },
  {-8.660199495937e-23,-2.257515541289e-01,-3.517691423542e-03,+2.618930240093e-01,+3.043542162621e-02,+1.347998043746e-01 },
  {-1.006429354452e-23,-2.623530641443e-02,-4.088021131200e-04,+3.043542162621e-02,+3.536997188334e-03,+1.566551418005e-02 },
  {-4.457519259087e-23,-1.161973116656e-01,-1.810602315726e-03,+1.347998043746e-01,+1.566551418005e-02,+6.938324275027e-02 }   }
{ {+6.080240992196e-02,-3.483955171317e-02,+5.109479766841e-02,-8.965704835381e-02,-7.879012772802e-02,+3.428241265200e-02 },
  {-3.483955171317e-02,+4.878332669641e-02,-6.528684649660e-02,+5.463244040608e-02,+5.537695397332e-02,-4.070592416308e-02 },
  {+5.109479766841e-02,-6.528684649660e-02,+8.792952841169e-02,-7.941488043446e-02,-7.899316165838e-02,+5.512520048998e-02 },
  {-8.965704835381e-02,+5.463244040608e-02,-7.941488043446e-02,+1.325736531781e-01,+1.173380555169e-01,-5.293353478611e-02 },
  {-7.879012772802e-02,+5.537695397332e-02,-7.899316165838e-02,+1.173380555169e-01,+1.057308823658e-01,-5.190104046693e-02 },
  {+3.428241265200e-02,-4.070592416308e-02,+5.512520048998e-02,-5.293353478611e-02,-5.190104046693e-02,+3.472204740825e-02 }   }
}
    main loop time = 0.110000
        total time = 0.110000
  file   read time = 0.000000
