SDPA-GMP start at Wed Jun  5 23:35:10 2024
*SDP Scan Problem: V = x^2 - 2*x^4 + x^8
* K = 6; eval = -8.090452261306533; Domain = R+ with BCs: Neumann
data      is /Users/gorg/qmBoot/data/K=6_BC-Neumann_V_0.0_0.0_1.0_0.0_-2.0_0.0_0.0_0.0_1.0/e=-8.090452261306533_K=6_D=R+.dat
parameter is ./param.sdpa
out       is /Users/gorg/qmBoot/data/K=6_BC-Neumann_V_0.0_0.0_1.0_0.0_-2.0_0.0_0.0_0.0_1.0/e=-8.090452261306533_K=6_D=R+.out
DENSE computation
   mu      thetaP  thetaD  objP      objD      alphaP  alphaD  beta 
 0 1.0e+20 1.0e+00 1.0e+00 +0.00e+00 +4.04e+09 1.0e+00 9.0e-01 3.00e-01
 1 1.6e+19 8.6e-88 1.0e-01 +1.60e+10 +4.04e+08 9.0e-01 9.0e-01 3.00e-01
 2 2.5e+18 1.7e-87 1.0e-02 +2.46e+10 +4.04e+07 9.0e-01 9.0e-01 3.00e-01
 3 3.8e+17 5.2e-87 1.0e-03 +3.79e+10 +4.04e+06 9.0e-01 9.0e-01 3.00e-01
 4 5.8e+16 5.2e-87 1.0e-04 +5.84e+10 +4.04e+05 9.0e-01 9.0e-01 3.00e-01
 5 9.0e+15 5.2e-87 1.0e-05 +9.00e+10 +4.04e+04 9.0e-01 9.0e-01 3.00e-01
 6 1.4e+15 6.9e-87 1.0e-06 +1.39e+11 +4.04e+03 9.0e-01 9.0e-01 3.00e-01
 7 2.1e+14 6.9e-87 1.0e-07 +2.13e+11 +4.04e+02 9.0e-01 9.0e-01 3.00e-01
 8 3.3e+13 6.9e-87 1.0e-08 +3.29e+11 +4.03e+01 9.0e-01 9.0e-01 3.00e-01
 9 5.1e+12 1.0e-86 1.0e-09 +5.05e+11 +3.94e+00 9.0e-01 9.0e-01 3.00e-01
10 8.3e+11 1.1e-86 9.9e-11 +7.69e+11 +3.10e-01 9.1e-01 9.1e-01 3.00e-01
11 1.8e+11 1.5e-86 8.7e-12 +1.05e+12 -4.87e-02 1.7e+00 1.0e+00 3.00e-01
12 4.0e+10 1.3e-86 7.2e-89 +4.80e+11 -5.47e-02 9.6e-01 9.0e+01 1.00e-01
13 5.4e+09 1.6e-86 6.4e-87 +6.48e+10 +1.25e-02 9.9e-01 9.9e-01 1.00e-01
14 6.0e+08 1.8e-86 7.9e-89 +7.20e+09 +8.31e-03 1.0e+00 1.0e+00 1.00e-01
15 6.2e+07 1.9e-86 2.7e-91 +7.42e+08 +4.10e-03 1.0e+00 1.0e+00 1.00e-01
16 6.3e+06 2.1e-86 1.5e-92 +7.52e+07 -1.06e-05 1.0e+00 1.0e+00 1.00e-01
17 6.3e+05 2.2e-86 4.6e-92 +7.56e+06 -3.80e-03 1.0e+00 1.0e+00 1.00e-01
18 6.3e+04 2.2e-86 1.4e-91 +7.57e+05 -7.25e-03 1.0e+00 1.0e+00 1.00e-01
19 6.3e+03 2.2e-86 4.4e-91 +7.58e+04 -1.04e-02 1.0e+00 1.0e+00 1.00e-01
20 6.3e+02 2.4e-86 1.2e-90 +7.58e+03 -1.31e-02 1.0e+00 1.0e+00 1.00e-01
21 6.3e+01 2.4e-86 4.3e-90 +7.59e+02 -1.55e-02 1.0e+00 1.0e+00 1.00e-01
22 6.4e+00 2.8e-86 1.3e-89 +7.70e+01 -1.57e-02 9.8e-01 1.8e+01 1.00e-01
23 7.1e-01 2.8e-86 5.4e-88 +8.79e+00 +3.15e-01 9.1e-01 4.2e+00 1.00e-01
24 1.0e-01 2.8e-86 1.2e-87 +1.90e+00 +6.97e-01 8.7e-01 1.1e+00 1.00e-01
25 1.8e-02 2.9e-86 1.3e-88 +1.12e+00 +9.07e-01 8.9e-01 9.3e-01 1.00e-01
26 3.3e-03 2.8e-86 1.4e-89 +1.02e+00 +9.83e-01 9.0e-01 9.4e-01 1.00e-01
27 5.6e-04 2.8e-86 2.4e-89 +1.01e+00 +1.00e+00 9.4e-01 8.9e-01 1.00e-01
28 1.0e-04 2.9e-86 5.9e-90 +1.01e+00 +1.01e+00 9.9e-01 9.1e-01 1.00e-01
29 1.7e-05 2.8e-86 2.7e-90 +1.01e+00 +1.01e+00 9.7e-01 9.9e-01 1.00e-01
30 1.9e-06 2.8e-86 2.7e-90 +1.01e+00 +1.01e+00 9.8e-01 1.0e+00 1.00e-01
31 2.0e-07 2.9e-86 3.6e-91 +1.01e+00 +1.01e+00 9.8e-01 1.0e+00 1.00e-01
32 2.1e-08 2.8e-86 7.7e-91 +1.01e+00 +1.01e+00 9.9e-01 1.0e+00 1.00e-01
33 2.1e-09 2.8e-86 4.5e-92 +1.01e+00 +1.01e+00 9.9e-01 1.0e+00 1.00e-01
34 2.1e-10 2.9e-86 1.2e-88 +1.01e+00 +1.01e+00 9.9e-01 1.0e+00 1.00e-01
35 2.1e-11 2.8e-86 2.3e-88 +1.01e+00 +1.01e+00 9.9e-01 1.0e+00 1.00e-01
36 2.1e-12 2.8e-86 4.7e-88 +1.01e+00 +1.01e+00 9.9e-01 1.0e+00 1.00e-01
37 2.1e-13 2.9e-86 4.7e-88 +1.01e+00 +1.01e+00 9.9e-01 1.0e+00 1.00e-01
38 2.1e-14 2.9e-86 6.8e-88 +1.01e+00 +1.01e+00 9.9e-01 1.0e+00 1.00e-01
39 2.1e-15 2.9e-86 8.7e-88 +1.01e+00 +1.01e+00 9.9e-01 1.0e+00 1.00e-01
40 2.1e-16 2.8e-86 1.0e-87 +1.01e+00 +1.01e+00 9.9e-01 1.0e+00 1.00e-01
41 2.1e-17 2.8e-86 8.3e-88 +1.01e+00 +1.01e+00 9.9e-01 1.0e+00 1.00e-01
42 2.1e-18 2.8e-86 1.0e-87 +1.01e+00 +1.01e+00 9.9e-01 1.0e+00 1.00e-01
43 2.1e-19 2.8e-86 1.1e-87 +1.01e+00 +1.01e+00 9.9e-01 1.0e+00 1.00e-01
44 2.1e-20 2.8e-86 7.0e-88 +1.01e+00 +1.01e+00 9.9e-01 1.0e+00 1.00e-01
45 2.1e-21 2.8e-86 1.9e-86 +1.01e+00 +1.01e+00 9.9e-01 1.0e+00 1.00e-01
46 2.1e-22 2.8e-86 8.9e-86 +1.01e+00 +1.01e+00 9.9e-01 1.0e+00 1.00e-01
47 2.1e-23 2.9e-86 1.2e-85 +1.01e+00 +1.01e+00 9.9e-01 1.0e+00 1.00e-01
48 2.1e-24 2.8e-86 2.2e-85 +1.01e+00 +1.01e+00 9.9e-01 1.0e+00 1.00e-01
49 2.1e-25 2.8e-86 4.7e-85 +1.01e+00 +1.01e+00 9.9e-01 1.0e+00 1.00e-01
50 2.1e-26 2.8e-86 3.5e-85 +1.01e+00 +1.01e+00 9.9e-01 1.0e+00 1.00e-01
51 2.1e-27 2.8e-86 2.2e-87 +1.01e+00 +1.01e+00 9.9e-01 1.0e+00 1.00e-01
52 2.1e-28 2.8e-86 1.1e-87 +1.01e+00 +1.01e+00 9.9e-01 1.0e+00 1.00e-01
53 2.1e-29 2.9e-86 1.3e-87 +1.01e+00 +1.01e+00 9.9e-01 1.0e+00 1.00e-01
54 2.1e-30 2.9e-86 8.6e-88 +1.01e+00 +1.01e+00 9.9e-01 1.0e+00 1.00e-01
55 2.1e-31 2.9e-86 8.4e-88 +1.01e+00 +1.01e+00 9.9e-01 1.0e+00 1.00e-01
56 2.1e-32 2.8e-86 9.7e-88 +1.01e+00 +1.01e+00 9.9e-01 1.0e+00 1.00e-01

phase.value = pdOPT     
   Iteration = 56
          mu = 2.0587108305127887e-32
relative gap = 2.4531236418844494e-31
         gap = 2.4704529966153464e-31
      digits = 3.0610280562011749e+01
objValPrimal = 1.0070641994700214e+00
objValDual   = 1.0070641994700214e+00
p.feas.error = 2.8499356231811667e-76
d.feas.error = 1.1626549907163689e-76
relative eps = 8.6361685550944446e-78
total time   = 0.100


Parameters are
maxIteration =    200
epsilonStar  = 1.000e-30
lambdaStar   = 1.000e+10
omegaStar    = 2.000e+00
lowerBound   = -1.000e+05
upperBound   = 1.000e+05
betaStar     = 1.000e-01
betaBar      = 3.000e-01
gammaStar    = 9.000e-01
epsilonDash  = 1.000e-30
precision    =    200

                         Time(sec)  Ratio(% : MainLoop) 
 Predictor time  =       0.030000,  30.000000
 Corrector time  =       0.010000,  10.000000
 Make bMat time  =       0.030000,  30.000000
 Make bDia time  =       0.000000,  0.000000
 Make bF1  time  =       0.020000,  20.000000
 Make bF2  time  =       0.010000,  10.000000
 Make bF3  time  =       0.000000,  0.000000
 Make bPRE time  =       0.030000,  30.000000
 Make rMat time  =       0.010000,  10.000000
 Make gVec Mul   =       0.000000,  0.000000
 Make gVec time  =       0.000000,  0.000000
 Cholesky bMat   =       0.000000,  0.000000
 Ste Pre time    =       0.000000,  0.000000
 Ste Cor time    =       0.050000,  50.000000
 solve           =       0.000000,  0.000000
 sumDz           =       0.000000,  0.000000
 makedX          =       0.000000,  0.000000
 symmetriseDx    =       0.000000,  0.000000
 makedXdZ        =       0.000000,  0.000000
 xMatTime        =       0.000000,  0.000000
 zMatTime        =       0.010000,  10.000000
 invzMatTime     =       0.000000,  0.000000
 xMatzMatTime    =       0.000000,  0.000000
 EigxMatTime     =       0.030000,  30.000000
 EigzMatTime     =       0.020000,  20.000000
 EigxMatzMatTime =       0.000000,  0.000000
 updateRes       =       0.000000,  0.000000
 EigTime         =       0.050000,  50.000000
 sub_total_bMat  =       0.070000,  70.000000
 Main Loop       =       0.100000,  100.000000
 File Check      =       0.000000,  0.000000
 File Change     =       0.000000,  0.000000
 File Read       =       0.000000,  0.000000
 Total           =       0.100000,  100.000000

xVec = 
{-1.007064199470e+00,+5.050000023225e-02,-1.463927662506e-01,-3.925029848261e-02,+7.553398045710e-01,-1.674009099784e-02,-2.111258932588e-02,+1.777630048818e-02}
xMat = 
{
{ {+2.007064199470e+00,+5.050000023225e-02,-1.463927662506e-01,-3.925029848261e-02,+7.553398045710e-01,-1.674009099784e-02 },
  {+5.050000023225e-02,+8.606714332194e-01,-3.925029848261e-02,+7.553398045710e-01,-1.674009099784e-02,-2.111258932588e-02 },
  {-1.463927662506e-01,-3.925029848261e-02,+1.762404004041e+00,-1.674009099784e-02,-2.111258932588e-02,+1.777630048818e-02 },
  {-3.925029848261e-02,+7.553398045710e-01,-1.674009099784e-02,+9.859516101441e-01,+1.777630048818e-02,-6.531255802759e-01 },
  {+7.553398045710e-01,-1.674009099784e-02,-2.111258932588e-02,+1.777630048818e-02,+3.539386191942e-01,-1.446236595724e-01 },
  {-1.674009099784e-02,-2.111258932588e-02,+1.777630048818e-02,-6.531255802759e-01,-1.446236595724e-01,+1.267159335000e+00 }   }
{ {+1.057564199702e+00,-1.463927662506e-01,-3.925029848261e-02,+7.553398045710e-01,-1.674009099784e-02,-2.111258932588e-02 },
  {-1.463927662506e-01,+9.678139009874e-01,+7.553398045710e-01,-1.674009099784e-02,-2.111258932588e-02,+1.777630048818e-02 },
  {-3.925029848261e-02,+7.553398045710e-01,+9.903241084722e-01,-2.111258932588e-02,+1.777630048818e-02,-6.531255802759e-01 },
  {+7.553398045710e-01,-1.674009099784e-02,-2.111258932588e-02,+1.024840499958e+00,-6.531255802759e-01,-1.446236595724e-01 },
  {-1.674009099784e-02,-2.111258932588e-02,+1.777630048818e-02,-6.531255802759e-01,+8.624405398976e-01,+2.600951355300e-01 },
  {-2.111258932588e-02,+1.777630048818e-02,-6.531255802759e-01,-1.446236595724e-01,+2.600951355300e-01,+1.240842540308e+00 }   }
}
yMat = 
{
{ {+6.329553088565e-32,+6.736582201708e-23,+1.053504868340e-24,-7.803281116930e-23,-9.244803990654e-24,-4.016756341369e-23 },
  {+6.736582201708e-23,+1.962735243647e-01,+3.069436496607e-03,-2.273523042423e-01,-2.693517542015e-02,-1.170301051255e-01 },
  {+1.053504868340e-24,+3.069436496607e-03,+4.800158573196e-05,-3.555464051955e-03,-4.212275228905e-04,-1.830183041940e-03 },
  {-7.803281116930e-23,-2.273523042423e-01,-3.555464051955e-03,+2.633522295562e-01,+3.120020500352e-02,+1.355611468849e-01 },
  {-9.244803990654e-24,-2.693517542015e-02,-4.212275228905e-04,+3.120020500352e-02,+3.696390928234e-03,+1.606037503631e-02 },
  {-4.016756341369e-23,-1.170301051255e-01,-1.830183041940e-03,+1.355611468849e-01,+1.606037503631e-02,+6.978040237483e-02 }   }
{ {+5.935660435649e-02,-3.410330007680e-02,+5.028694362853e-02,-8.787089003060e-02,-7.750925895907e-02,+3.397261257360e-02 },
  {-3.410330007680e-02,+4.869665795529e-02,-6.531035348421e-02,+5.386848563851e-02,+5.500733324010e-02,-4.090607674050e-02 },
  {+5.028694362853e-02,-6.531035348421e-02,+8.817537384992e-02,-7.867677885999e-02,-7.877322884799e-02,+5.554473189138e-02 },
  {-8.787089003060e-02,+5.386848563851e-02,-7.867677885999e-02,+1.304762321119e-01,+1.159612318687e-01,-5.277831897772e-02 },
  {-7.750925895907e-02,+5.500733324010e-02,-7.877322884799e-02,+1.159612318687e-01,+1.049833190989e-01,-5.205976554579e-02 },
  {+3.397261257360e-02,-4.090607674050e-02,+5.554473189138e-02,-5.277831897772e-02,-5.205976554579e-02,+3.516126381771e-02 }   }
}
    main loop time = 0.100000
        total time = 0.100000
  file   read time = 0.000000
