SDPA-GMP start at Wed Jun  5 23:35:10 2024
*SDP Scan Problem: V = x^2 - 2*x^4 + x^8
* K = 6; eval = -8.894472361809045; Domain = R+ with BCs: Neumann
data      is /Users/gorg/qmBoot/data/K=6_BC-Neumann_V_0.0_0.0_1.0_0.0_-2.0_0.0_0.0_0.0_1.0/e=-8.894472361809045_K=6_D=R+.dat
parameter is ./param.sdpa
out       is /Users/gorg/qmBoot/data/K=6_BC-Neumann_V_0.0_0.0_1.0_0.0_-2.0_0.0_0.0_0.0_1.0/e=-8.894472361809045_K=6_D=R+.out
DENSE computation
   mu      thetaP  thetaD  objP      objD      alphaP  alphaD  beta 
 0 1.0e+20 1.0e+00 1.0e+00 +0.00e+00 +5.65e+09 1.0e+00 9.0e-01 3.00e-01
 1 1.6e+19 8.6e-88 1.0e-01 +1.60e+10 +5.65e+08 9.0e-01 9.0e-01 3.00e-01
 2 2.5e+18 1.7e-87 1.0e-02 +2.46e+10 +5.65e+07 9.0e-01 9.0e-01 3.00e-01
 3 3.8e+17 4.3e-87 1.0e-03 +3.79e+10 +5.65e+06 9.0e-01 9.0e-01 3.00e-01
 4 5.8e+16 5.2e-87 1.0e-04 +5.84e+10 +5.65e+05 9.0e-01 9.0e-01 3.00e-01
 5 9.0e+15 7.8e-87 1.0e-05 +9.00e+10 +5.65e+04 9.0e-01 9.0e-01 3.00e-01
 6 1.4e+15 9.5e-87 1.0e-06 +1.39e+11 +5.65e+03 9.0e-01 9.0e-01 3.00e-01
 7 2.1e+14 1.2e-86 1.0e-07 +2.13e+11 +5.65e+02 9.0e-01 9.0e-01 3.00e-01
 8 3.3e+13 1.2e-86 1.0e-08 +3.29e+11 +5.64e+01 9.0e-01 9.0e-01 3.00e-01
 9 5.1e+12 1.6e-86 1.0e-09 +5.05e+11 +5.55e+00 9.0e-01 9.0e-01 3.00e-01
10 8.3e+11 1.7e-86 9.9e-11 +7.68e+11 +4.71e-01 9.1e-01 9.1e-01 3.00e-01
11 1.8e+11 1.7e-86 8.9e-12 +1.05e+12 -3.25e-02 1.8e+00 1.0e+00 3.00e-01
12 4.0e+10 1.4e-86 7.0e-94 +4.82e+11 -4.88e-02 9.6e-01 9.0e+01 1.00e-01
13 5.4e+09 1.6e-86 9.4e-92 +6.53e+10 +4.27e-02 9.9e-01 9.9e-01 1.00e-01
14 6.1e+08 1.5e-86 2.7e-93 +7.28e+09 +3.66e-02 1.0e+00 1.0e+00 1.00e-01
15 6.3e+07 2.1e-86 2.4e-93 +7.51e+08 +3.07e-02 1.0e+00 1.0e+00 1.00e-01
16 6.3e+06 2.1e-86 9.6e-93 +7.61e+07 +2.49e-02 1.0e+00 1.0e+00 1.00e-01
17 6.4e+05 2.1e-86 3.9e-92 +7.65e+06 +1.96e-02 1.0e+00 1.0e+00 1.00e-01
18 6.4e+04 2.3e-86 1.2e-91 +7.67e+05 +1.48e-02 1.0e+00 1.0e+00 1.00e-01
19 6.4e+03 2.4e-86 5.1e-91 +7.67e+04 +1.05e-02 1.0e+00 1.0e+00 1.00e-01
20 6.4e+02 2.8e-86 1.6e-90 +7.67e+03 +6.65e-03 1.0e+00 1.0e+00 1.00e-01
21 6.4e+01 2.8e-86 5.6e-90 +7.68e+02 +3.37e-03 1.0e+00 1.0e+00 1.00e-01
22 6.5e+00 3.1e-86 9.0e-90 +7.81e+01 +2.57e-03 9.8e-01 1.8e+01 1.00e-01
23 7.2e-01 3.1e-86 6.8e-88 +9.01e+00 +3.63e-01 9.1e-01 4.0e+00 1.00e-01
24 1.0e-01 2.9e-86 1.4e-87 +2.02e+00 +7.87e-01 8.7e-01 1.1e+00 1.00e-01
25 1.8e-02 3.0e-86 1.3e-88 +1.23e+00 +1.01e+00 8.9e-01 9.3e-01 1.00e-01
26 3.4e-03 3.0e-86 2.2e-89 +1.12e+00 +1.08e+00 8.9e-01 9.3e-01 1.00e-01
27 5.9e-04 3.1e-86 3.7e-89 +1.11e+00 +1.10e+00 9.4e-01 8.9e-01 1.00e-01
28 1.1e-04 3.1e-86 8.4e-90 +1.11e+00 +1.11e+00 1.0e+00 8.9e-01 1.00e-01
29 1.9e-05 3.0e-86 3.0e-90 +1.11e+00 +1.11e+00 9.7e-01 9.9e-01 1.00e-01
30 2.1e-06 3.1e-86 9.4e-91 +1.11e+00 +1.11e+00 9.9e-01 1.0e+00 1.00e-01
31 2.2e-07 3.0e-86 3.6e-91 +1.11e+00 +1.11e+00 9.9e-01 1.0e+00 1.00e-01
32 2.2e-08 3.0e-86 2.8e-89 +1.11e+00 +1.11e+00 9.9e-01 1.0e+00 1.00e-01
33 2.2e-09 3.1e-86 1.6e-88 +1.11e+00 +1.11e+00 9.9e-01 1.0e+00 1.00e-01
34 2.2e-10 3.0e-86 2.6e-88 +1.11e+00 +1.11e+00 9.9e-01 1.0e+00 1.00e-01
35 2.2e-11 3.0e-86 8.1e-88 +1.11e+00 +1.11e+00 9.9e-01 1.0e+00 1.00e-01
36 2.2e-12 3.0e-86 7.0e-88 +1.11e+00 +1.11e+00 9.9e-01 1.0e+00 1.00e-01
37 2.2e-13 3.0e-86 6.9e-88 +1.11e+00 +1.11e+00 9.9e-01 1.0e+00 1.00e-01
38 2.2e-14 3.1e-86 1.5e-87 +1.11e+00 +1.11e+00 9.9e-01 1.0e+00 1.00e-01
39 2.2e-15 3.0e-86 1.5e-87 +1.11e+00 +1.11e+00 9.9e-01 1.0e+00 1.00e-01
40 2.2e-16 3.1e-86 1.4e-87 +1.11e+00 +1.11e+00 9.9e-01 1.0e+00 1.00e-01
41 2.2e-17 3.1e-86 1.8e-87 +1.11e+00 +1.11e+00 9.9e-01 1.0e+00 1.00e-01
42 2.2e-18 3.0e-86 1.1e-87 +1.11e+00 +1.11e+00 9.9e-01 1.0e+00 1.00e-01
43 2.2e-19 3.1e-86 1.5e-87 +1.11e+00 +1.11e+00 9.9e-01 1.0e+00 1.00e-01
44 2.2e-20 3.1e-86 1.8e-87 +1.11e+00 +1.11e+00 9.9e-01 1.0e+00 1.00e-01
45 2.2e-21 3.1e-86 1.6e-85 +1.11e+00 +1.11e+00 9.9e-01 1.0e+00 1.00e-01
46 2.2e-22 3.0e-86 4.0e-85 +1.11e+00 +1.11e+00 9.9e-01 1.0e+00 1.00e-01
47 2.2e-23 3.0e-86 5.0e-85 +1.11e+00 +1.11e+00 9.9e-01 1.0e+00 1.00e-01
48 2.2e-24 3.1e-86 3.7e-85 +1.11e+00 +1.11e+00 9.9e-01 1.0e+00 1.00e-01
49 2.2e-25 3.1e-86 2.5e-84 +1.11e+00 +1.11e+00 9.9e-01 1.0e+00 1.00e-01
50 2.2e-26 3.2e-86 5.0e-84 +1.11e+00 +1.11e+00 9.9e-01 1.0e+00 1.00e-01
51 2.2e-27 3.1e-86 6.9e-84 +1.11e+00 +1.11e+00 9.9e-01 1.0e+00 1.00e-01
52 2.2e-28 3.1e-86 2.4e-86 +1.11e+00 +1.11e+00 9.9e-01 1.0e+00 1.00e-01
53 2.2e-29 3.1e-86 1.4e-87 +1.11e+00 +1.11e+00 9.9e-01 1.0e+00 1.00e-01
54 2.2e-30 3.1e-86 1.3e-87 +1.11e+00 +1.11e+00 9.9e-01 1.0e+00 1.00e-01
55 2.2e-31 3.1e-86 1.6e-87 +1.11e+00 +1.11e+00 9.9e-01 1.0e+00 1.00e-01
56 2.2e-32 3.1e-86 1.2e-87 +1.11e+00 +1.11e+00 9.9e-01 1.0e+00 1.00e-01

phase.value = pdOPT     
   Iteration = 56
          mu = 2.2443932974132866e-32
relative gap = 2.4305448788175452e-31
         gap = 2.6932719568959439e-31
      digits = 3.0614296355481077e+01
objValPrimal = 1.1080939012351070e+00
objValDual   = 1.1080939012351070e+00
p.feas.error = 3.1090206798340001e-76
d.feas.error = 1.4543350725601622e-76
relative eps = 8.6361685550944446e-78
total time   = 0.110


Parameters are
maxIteration =    200
epsilonStar  = 1.000e-30
lambdaStar   = 1.000e+10
omegaStar    = 2.000e+00
lowerBound   = -1.000e+05
upperBound   = 1.000e+05
betaStar     = 1.000e-01
betaBar      = 3.000e-01
gammaStar    = 9.000e-01
epsilonDash  = 1.000e-30
precision    =    200

                         Time(sec)  Ratio(% : MainLoop) 
 Predictor time  =       0.020000,  18.181818
 Corrector time  =       0.030000,  27.272727
 Make bMat time  =       0.020000,  18.181818
 Make bDia time  =       0.000000,  0.000000
 Make bF1  time  =       0.000000,  0.000000
 Make bF2  time  =       0.020000,  18.181818
 Make bF3  time  =       0.000000,  0.000000
 Make bPRE time  =       0.020000,  18.181818
 Make rMat time  =       0.010000,  9.090909
 Make gVec Mul   =       0.000000,  0.000000
 Make gVec time  =       0.000000,  0.000000
 Cholesky bMat   =       0.000000,  0.000000
 Ste Pre time    =       0.000000,  0.000000
 Ste Cor time    =       0.050000,  45.454545
 solve           =       0.000000,  0.000000
 sumDz           =       0.000000,  0.000000
 makedX          =       0.010000,  9.090909
 symmetriseDx    =       0.000000,  0.000000
 makedXdZ        =       0.010000,  9.090909
 xMatTime        =       0.000000,  0.000000
 zMatTime        =       0.000000,  0.000000
 invzMatTime     =       0.000000,  0.000000
 xMatzMatTime    =       0.000000,  0.000000
 EigxMatTime     =       0.020000,  18.181818
 EigzMatTime     =       0.030000,  27.272727
 EigxMatzMatTime =       0.000000,  0.000000
 updateRes       =       0.010000,  9.090909
 EigTime         =       0.050000,  45.454545
 sub_total_bMat  =       0.090000,  81.818182
 Main Loop       =       0.110000,  100.000000
 File Check      =       0.000000,  0.000000
 File Change     =       0.000000,  0.000000
 File Read       =       0.000000,  0.000000
 Total           =       0.110000,  100.000000

xVec = 
{-1.108093901235e+00,+5.001886514919e-02,-1.503332531996e-01,-4.138655855487e-02,+8.361627774047e-01,-1.825419894922e-02,-2.489087064765e-02,+2.209491839605e-02}
xMat = 
{
{ {+2.108093901235e+00,+5.001886514919e-02,-1.503332531996e-01,-4.138655855487e-02,+8.361627774047e-01,-1.825419894922e-02 },
  {+5.001886514919e-02,+9.577606480355e-01,-4.138655855487e-02,+8.361627774047e-01,-1.825419894922e-02,-2.489087064765e-02 },
  {-1.503332531996e-01,-4.138655855487e-02,+1.944256678640e+00,-1.825419894922e-02,-2.489087064765e-02,+2.209491839605e-02 },
  {-4.138655855487e-02,+8.361627774047e-01,-1.825419894922e-02,+1.083203030587e+00,+2.209491839605e-02,-7.153658381963e-01 },
  {+8.361627774047e-01,-1.825419894922e-02,-2.489087064765e-02,+2.209491839605e-02,+3.927280630388e-01,-1.576381775229e-01 },
  {-1.825419894922e-02,-2.489087064765e-02,+2.209491839605e-02,-7.153658381963e-01,-1.576381775229e-01,+1.382071769927e+00 }   }
{ {+1.158112766384e+00,-1.503332531996e-01,-4.138655855487e-02,+8.361627774047e-01,-1.825419894922e-02,-2.489087064765e-02 },
  {-1.503332531996e-01,+1.066707342680e+00,+8.361627774047e-01,-1.825419894922e-02,-2.489087064765e-02,+2.209491839605e-02 },
  {-4.138655855487e-02,+8.361627774047e-01,+1.089839702286e+00,-2.489087064765e-02,+2.209491839605e-02,-7.153658381963e-01 },
  {+8.361627774047e-01,-1.825419894922e-02,-2.489087064765e-02,+1.130188819631e+00,-7.153658381963e-01,-1.576381775229e-01 },
  {-1.825419894922e-02,-2.489087064765e-02,+2.209491839605e-02,-7.153658381963e-01,+9.504557237122e-01,+2.739778686914e-01 },
  {-2.489087064765e-02,+2.209491839605e-02,-7.153658381963e-01,-1.576381775229e-01,+2.739778686914e-01,+1.374215102643e+00 }   }
}
yMat = 
{
{ {+9.198352957092e-32,+9.819160917800e-23,+1.524711204875e-24,-1.144232168836e-22,-1.254924943299e-23,-5.891323212146e-23 },
  {+9.819160917800e-23,+1.898095515912e-01,+2.947347045597e-03,-2.211861040684e-01,-2.425835963477e-02,-1.138823801757e-01 },
  {+1.524711204875e-24,+2.947347045597e-03,+4.576616157809e-05,-3.434559561877e-03,-3.766818055318e-04,-1.768356196739e-03 },
  {-1.144232168836e-22,-2.211861040684e-01,-3.434559561877e-03,+2.577493715297e-01,+2.826839858017e-02,+1.327077577600e-01 },
  {-1.254924943299e-23,-2.425835963477e-02,-3.766818055318e-04,+2.826839858017e-02,+3.100307688608e-03,+1.455458753896e-02 },
  {-5.891323212146e-23,-1.138823801757e-01,-1.768356196739e-03,+1.327077577600e-01,+1.455458753896e-02,+6.832741769719e-02 }   }
{ {+6.499326724606e-02,-3.699565120090e-02,+5.342951365249e-02,-9.477793288534e-02,-8.242936667634e-02,+3.514733990186e-02 },
  {-3.699565120090e-02,+4.899940826872e-02,-6.517895180843e-02,+5.686175805963e-02,+5.645001183962e-02,-4.011945240818e-02 },
  {+5.342951365249e-02,-6.517895180843e-02,+8.718101198919e-02,-8.153812580156e-02,-7.962039142915e-02,+5.391954425951e-02 },
  {-9.477793288534e-02,+5.686175805963e-02,-8.153812580156e-02,+1.385155998254e-01,+1.211976822962e-01,-5.335059024658e-02 },
  {-8.242936667634e-02,+5.645001183962e-02,-7.962039142915e-02,+1.211976822962e-01,+1.077931849069e-01,-5.143610365506e-02 },
  {+3.514733990186e-02,-4.011945240818e-02,+5.391954425951e-02,-5.335059024658e-02,-5.143610365506e-02,+3.348511309547e-02 }   }
}
    main loop time = 0.110000
        total time = 0.110000
  file   read time = 0.000000
