SDPA-GMP start at Wed Jun  5 23:35:10 2024
*SDP Scan Problem: V = x^2 - 2*x^4 + x^8
* K = 6; eval = -8.793969849246231; Domain = R+ with BCs: Neumann
data      is /Users/gorg/qmBoot/data/K=6_BC-Neumann_V_0.0_0.0_1.0_0.0_-2.0_0.0_0.0_0.0_1.0/e=-8.793969849246231_K=6_D=R+.dat
parameter is ./param.sdpa
out       is /Users/gorg/qmBoot/data/K=6_BC-Neumann_V_0.0_0.0_1.0_0.0_-2.0_0.0_0.0_0.0_1.0/e=-8.793969849246231_K=6_D=R+.out
DENSE computation
   mu      thetaP  thetaD  objP      objD      alphaP  alphaD  beta 
 0 1.0e+20 1.0e+00 1.0e+00 +0.00e+00 +5.45e+09 1.0e+00 9.0e-01 3.00e-01
 1 1.6e+19 8.6e-88 1.0e-01 +1.60e+10 +5.45e+08 9.0e-01 9.0e-01 3.00e-01
 2 2.5e+18 2.6e-87 1.0e-02 +2.46e+10 +5.45e+07 9.0e-01 9.0e-01 3.00e-01
 3 3.8e+17 6.9e-87 1.0e-03 +3.79e+10 +5.45e+06 9.0e-01 9.0e-01 3.00e-01
 4 5.8e+16 7.8e-87 1.0e-04 +5.84e+10 +5.45e+05 9.0e-01 9.0e-01 3.00e-01
 5 9.0e+15 8.6e-87 1.0e-05 +9.00e+10 +5.45e+04 9.0e-01 9.0e-01 3.00e-01
 6 1.4e+15 7.8e-87 1.0e-06 +1.39e+11 +5.44e+03 9.0e-01 9.0e-01 3.00e-01
 7 2.1e+14 9.5e-87 1.0e-07 +2.13e+11 +5.44e+02 9.0e-01 9.0e-01 3.00e-01
 8 3.3e+13 1.4e-86 1.0e-08 +3.29e+11 +5.44e+01 9.0e-01 9.0e-01 3.00e-01
 9 5.1e+12 1.6e-86 1.0e-09 +5.05e+11 +5.35e+00 9.0e-01 9.0e-01 3.00e-01
10 8.3e+11 1.7e-86 9.9e-11 +7.68e+11 +4.51e-01 9.1e-01 9.1e-01 3.00e-01
11 1.8e+11 1.8e-86 8.9e-12 +1.05e+12 -3.45e-02 1.7e+00 1.0e+00 3.00e-01
12 4.0e+10 1.6e-86 7.7e-94 +4.82e+11 -4.95e-02 9.6e-01 9.0e+01 1.00e-01
13 5.4e+09 1.9e-86 1.1e-91 +6.53e+10 +3.86e-02 9.9e-01 9.9e-01 1.00e-01
14 6.1e+08 2.1e-86 2.4e-93 +7.27e+09 +3.28e-02 1.0e+00 1.0e+00 1.00e-01
15 6.2e+07 2.2e-86 2.8e-93 +7.50e+08 +2.71e-02 1.0e+00 1.0e+00 1.00e-01
16 6.3e+06 2.3e-86 7.0e-93 +7.60e+07 +2.16e-02 1.0e+00 1.0e+00 1.00e-01
17 6.4e+05 2.7e-86 4.5e-92 +7.64e+06 +1.65e-02 1.0e+00 1.0e+00 1.00e-01
18 6.4e+04 2.7e-86 9.2e-92 +7.66e+05 +1.19e-02 1.0e+00 1.0e+00 1.00e-01
19 6.4e+03 2.8e-86 4.8e-91 +7.66e+04 +7.75e-03 1.0e+00 1.0e+00 1.00e-01
20 6.4e+02 2.9e-86 1.3e-90 +7.66e+03 +4.03e-03 1.0e+00 1.0e+00 1.00e-01
21 6.4e+01 3.1e-86 4.1e-90 +7.67e+02 +8.85e-04 1.0e+00 1.0e+00 1.00e-01
22 6.5e+00 3.2e-86 7.7e-90 +7.79e+01 +1.61e-04 9.8e-01 1.8e+01 1.00e-01
23 7.2e-01 3.5e-86 7.6e-88 +8.98e+00 +3.57e-01 9.1e-01 4.0e+00 1.00e-01
24 1.0e-01 3.4e-86 1.9e-87 +2.01e+00 +7.75e-01 8.7e-01 1.1e+00 1.00e-01
25 1.8e-02 3.5e-86 1.9e-88 +1.22e+00 +9.97e-01 8.9e-01 9.3e-01 1.00e-01
26 3.4e-03 3.5e-86 1.6e-89 +1.11e+00 +1.07e+00 8.9e-01 9.4e-01 1.00e-01
27 5.9e-04 3.4e-86 1.6e-89 +1.10e+00 +1.09e+00 9.4e-01 8.9e-01 1.00e-01
28 1.1e-04 3.5e-86 8.0e-90 +1.10e+00 +1.09e+00 1.0e+00 8.9e-01 1.00e-01
29 1.8e-05 3.5e-86 3.0e-90 +1.10e+00 +1.10e+00 9.7e-01 9.9e-01 1.00e-01
30 2.1e-06 3.4e-86 9.6e-91 +1.10e+00 +1.10e+00 9.9e-01 1.0e+00 1.00e-01
31 2.2e-07 3.5e-86 2.2e-91 +1.10e+00 +1.10e+00 9.9e-01 1.0e+00 1.00e-01
32 2.2e-08 3.5e-86 1.1e-88 +1.10e+00 +1.10e+00 9.9e-01 1.0e+00 1.00e-01
33 2.2e-09 3.5e-86 1.3e-88 +1.10e+00 +1.10e+00 9.9e-01 1.0e+00 1.00e-01
34 2.2e-10 3.5e-86 3.3e-88 +1.10e+00 +1.10e+00 9.9e-01 1.0e+00 1.00e-01
35 2.2e-11 3.5e-86 7.0e-88 +1.10e+00 +1.10e+00 9.9e-01 1.0e+00 1.00e-01
36 2.2e-12 3.5e-86 8.3e-88 +1.10e+00 +1.10e+00 9.9e-01 1.0e+00 1.00e-01
37 2.2e-13 3.5e-86 8.4e-88 +1.10e+00 +1.10e+00 9.9e-01 1.0e+00 1.00e-01
38 2.2e-14 3.5e-86 1.3e-87 +1.10e+00 +1.10e+00 9.9e-01 1.0e+00 1.00e-01
39 2.2e-15 3.4e-86 1.6e-87 +1.10e+00 +1.10e+00 9.9e-01 1.0e+00 1.00e-01
40 2.2e-16 3.5e-86 1.6e-87 +1.10e+00 +1.10e+00 9.9e-01 1.0e+00 1.00e-01
41 2.2e-17 3.5e-86 1.1e-87 +1.10e+00 +1.10e+00 9.9e-01 1.0e+00 1.00e-01
42 2.2e-18 3.5e-86 1.1e-87 +1.10e+00 +1.10e+00 9.9e-01 1.0e+00 1.00e-01
43 2.2e-19 3.4e-86 1.7e-87 +1.10e+00 +1.10e+00 9.9e-01 1.0e+00 1.00e-01
44 2.2e-20 3.5e-86 1.3e-87 +1.10e+00 +1.10e+00 9.9e-01 1.0e+00 1.00e-01
45 2.2e-21 3.5e-86 3.1e-86 +1.10e+00 +1.10e+00 9.9e-01 1.0e+00 1.00e-01
46 2.2e-22 3.5e-86 1.1e-85 +1.10e+00 +1.10e+00 9.9e-01 1.0e+00 1.00e-01
47 2.2e-23 3.5e-86 4.4e-85 +1.10e+00 +1.10e+00 9.9e-01 1.0e+00 1.00e-01
48 2.2e-24 3.4e-86 2.2e-85 +1.10e+00 +1.10e+00 9.9e-01 1.0e+00 1.00e-01
49 2.2e-25 3.5e-86 1.9e-84 +1.10e+00 +1.10e+00 9.9e-01 1.0e+00 1.00e-01
50 2.2e-26 3.5e-86 5.4e-84 +1.10e+00 +1.10e+00 9.9e-01 1.0e+00 1.00e-01
51 2.2e-27 3.5e-86 2.4e-84 +1.10e+00 +1.10e+00 9.9e-01 1.0e+00 1.00e-01
52 2.2e-28 3.5e-86 8.8e-87 +1.10e+00 +1.10e+00 9.9e-01 1.0e+00 1.00e-01
53 2.2e-29 3.5e-86 1.3e-87 +1.10e+00 +1.10e+00 9.9e-01 1.0e+00 1.00e-01
54 2.2e-30 3.5e-86 1.4e-87 +1.10e+00 +1.10e+00 9.9e-01 1.0e+00 1.00e-01
55 2.2e-31 3.5e-86 1.5e-87 +1.10e+00 +1.10e+00 9.9e-01 1.0e+00 1.00e-01
56 2.2e-32 3.5e-86 1.1e-87 +1.10e+00 +1.10e+00 9.9e-01 1.0e+00 1.00e-01

phase.value = pdOPT     
   Iteration = 56
          mu = 2.2226709973967061e-32
relative gap = 2.4347913563535723e-31
         gap = 2.6672051968760473e-31
      digits = 3.0613538248686158e+01
objValPrimal = 1.0954553415494895e+00
objValDual   = 1.0954553415494895e+00
p.feas.error = 3.4544674220377779e-76
d.feas.error = 1.3063326205259881e-76
relative eps = 8.6361685550944446e-78
total time   = 0.110


Parameters are
maxIteration =    200
epsilonStar  = 1.000e-30
lambdaStar   = 1.000e+10
omegaStar    = 2.000e+00
lowerBound   = -1.000e+05
upperBound   = 1.000e+05
betaStar     = 1.000e-01
betaBar      = 3.000e-01
gammaStar    = 9.000e-01
epsilonDash  = 1.000e-30
precision    =    200

                         Time(sec)  Ratio(% : MainLoop) 
 Predictor time  =       0.040000,  36.363636
 Corrector time  =       0.020000,  18.181818
 Make bMat time  =       0.040000,  36.363636
 Make bDia time  =       0.000000,  0.000000
 Make bF1  time  =       0.030000,  27.272727
 Make bF2  time  =       0.010000,  9.090909
 Make bF3  time  =       0.000000,  0.000000
 Make bPRE time  =       0.030000,  27.272727
 Make rMat time  =       0.010000,  9.090909
 Make gVec Mul   =       0.000000,  0.000000
 Make gVec time  =       0.000000,  0.000000
 Cholesky bMat   =       0.000000,  0.000000
 Ste Pre time    =       0.000000,  0.000000
 Ste Cor time    =       0.040000,  36.363636
 solve           =       0.000000,  0.000000
 sumDz           =       0.000000,  0.000000
 makedX          =       0.010000,  9.090909
 symmetriseDx    =       0.000000,  0.000000
 makedXdZ        =       0.010000,  9.090909
 xMatTime        =       0.000000,  0.000000
 zMatTime        =       0.010000,  9.090909
 invzMatTime     =       0.000000,  0.000000
 xMatzMatTime    =       0.000000,  0.000000
 EigxMatTime     =       0.030000,  27.272727
 EigzMatTime     =       0.010000,  9.090909
 EigxMatzMatTime =       0.000000,  0.000000
 updateRes       =       0.000000,  0.000000
 EigTime         =       0.040000,  36.363636
 sub_total_bMat  =       0.070000,  63.636364
 Main Loop       =       0.110000,  100.000000
 File Check      =       0.000000,  0.000000
 File Change     =       0.000000,  0.000000
 File Read       =       0.000000,  0.000000
 Total           =       0.110000,  100.000000

xVec = 
{-1.095455341549e+00,+5.007834976438e-02,-1.499097214804e-01,-4.115165782245e-02,+8.260407416284e-01,-1.809290044762e-02,-2.441712334828e-02,+2.151862955922e-02}
xMat = 
{
{ {+2.095455341549e+00,+5.007834976438e-02,-1.499097214804e-01,-4.115165782245e-02,+8.260407416284e-01,-1.809290044762e-02 },
  {+5.007834976438e-02,+9.455456200691e-01,-4.115165782245e-02,+8.260407416284e-01,-1.809290044762e-02,-2.441712334828e-02 },
  {-1.499097214804e-01,-4.115165782245e-02,+1.921496083178e+00,-1.809290044762e-02,-2.441712334828e-02,+2.151862955922e-02 },
  {-4.115165782245e-02,+8.260407416284e-01,-1.809290044762e-02,+1.071038218201e+00,+2.151862955922e-02,-7.075811913030e-01 },
  {+8.260407416284e-01,-1.809290044762e-02,-2.441712334828e-02,+2.151862955922e-02,+3.878741502465e-01,-1.560439796005e-01 },
  {-1.809290044762e-02,-2.441712334828e-02,+2.151862955922e-02,-7.075811913030e-01,-1.560439796005e-01,+1.367822557610e+00 }   }
{ {+1.145533691314e+00,-1.499097214804e-01,-4.115165782245e-02,+8.260407416284e-01,-1.809290044762e-02,-2.441712334828e-02 },
  {-1.499097214804e-01,+1.054303683727e+00,+8.260407416284e-01,-1.809290044762e-02,-2.441712334828e-02,+2.151862955922e-02 },
  {-4.115165782245e-02,+8.260407416284e-01,+1.077362441102e+00,-2.441712334828e-02,+2.151862955922e-02,-7.075811913030e-01 },
  {+8.260407416284e-01,-1.809290044762e-02,-2.441712334828e-02,+1.116973971109e+00,-7.075811913030e-01,-1.560439796005e-01 },
  {-1.809290044762e-02,-2.441712334828e-02,+2.151862955922e-02,-7.075811913030e-01,+9.394113619490e-01,+2.723672160608e-01 },
  {-2.441712334828e-02,+2.151862955922e-02,-7.075811913030e-01,-1.560439796005e-01,+2.723672160608e-01,+1.357543330060e+00 }   }
}
yMat = 
{
{ {+8.779083005013e-32,+9.355308077831e-23,+1.452589556948e-24,-1.089372077466e-22,-1.206341682006e-23,-5.608278866141e-23 },
  {+9.355308077831e-23,+1.905800490793e-01,+2.959117817231e-03,-2.219195586531e-01,-2.457478164258e-02,-1.142480880543e-01 },
  {+1.452589556948e-24,+2.959117817231e-03,+4.594593347288e-05,-3.445723322956e-03,-3.815702355229e-04,-1.773918910083e-03 },
  {-1.089372077466e-22,-2.219195586531e-01,-3.445723322956e-03,+2.584126237281e-01,+2.861592660127e-02,+1.330353591600e-01 },
  {-1.206341682006e-23,-2.457478164258e-02,-3.815702355229e-04,+2.861592660127e-02,+3.168851596473e-03,+1.473198181332e-02 },
  {-5.608278866141e-23,-1.142480880543e-01,-1.773918910083e-03,+1.330353591600e-01,+1.473198181332e-02,+6.848894040658e-02 }   }
{ {+6.431174051253e-02,-3.664161140449e-02,+5.304912172744e-02,-9.395071665517e-02,-8.184465529329e-02,+3.500934508586e-02 },
  {-3.664161140449e-02,+4.896908927891e-02,-6.520207837967e-02,+5.649620861813e-02,+5.627471983193e-02,-4.021653605739e-02 },
  {+5.304912172744e-02,-6.520207837967e-02,+8.730833099263e-02,-8.119268747430e-02,-7.951875772399e-02,+5.411596826822e-02 },
  {-9.395071665517e-02,+5.649620861813e-02,-8.119268747430e-02,+1.375627623230e-01,+1.205827203687e-01,-5.328528609181e-02 },
  {-8.184465529329e-02,+5.627471983193e-02,-7.951875772399e-02,+1.205827203687e-01,+1.074680042764e-01,-5.151209191566e-02 },
  {+3.500934508586e-02,-4.021653605739e-02,+5.411596826822e-02,-5.328528609181e-02,-5.151209191566e-02,+3.368366187267e-02 }   }
}
    main loop time = 0.110000
        total time = 0.110000
  file   read time = 0.000000
