SDPA-GMP start at Wed Jun  5 23:35:10 2024
*SDP Scan Problem: V = x^2 - 2*x^4 + x^8
* K = 6; eval = -9.597989949748744; Domain = R+ with BCs: Neumann
data      is /Users/gorg/qmBoot/data/K=6_BC-Neumann_V_0.0_0.0_1.0_0.0_-2.0_0.0_0.0_0.0_1.0/e=-9.597989949748744_K=6_D=R+.dat
parameter is ./param.sdpa
out       is /Users/gorg/qmBoot/data/K=6_BC-Neumann_V_0.0_0.0_1.0_0.0_-2.0_0.0_0.0_0.0_1.0/e=-9.597989949748744_K=6_D=R+.out
DENSE computation
   mu      thetaP  thetaD  objP      objD      alphaP  alphaD  beta 
 0 1.0e+20 1.0e+00 1.0e+00 +0.00e+00 +7.05e+09 1.0e+00 9.0e-01 3.00e-01
 1 1.6e+19 8.6e-88 1.0e-01 +1.60e+10 +7.05e+08 9.0e-01 9.0e-01 3.00e-01
 2 2.5e+18 2.6e-87 1.0e-02 +2.46e+10 +7.05e+07 9.0e-01 9.0e-01 3.00e-01
 3 3.8e+17 2.6e-87 1.0e-03 +3.79e+10 +7.05e+06 9.0e-01 9.0e-01 3.00e-01
 4 5.8e+16 4.3e-87 1.0e-04 +5.84e+10 +7.05e+05 9.0e-01 9.0e-01 3.00e-01
 5 9.0e+15 6.0e-87 1.0e-05 +9.00e+10 +7.05e+04 9.0e-01 9.0e-01 3.00e-01
 6 1.4e+15 1.0e-86 1.0e-06 +1.39e+11 +7.05e+03 9.0e-01 9.0e-01 3.00e-01
 7 2.1e+14 1.0e-86 1.0e-07 +2.13e+11 +7.05e+02 9.0e-01 9.0e-01 3.00e-01
 8 3.3e+13 1.1e-86 1.0e-08 +3.29e+11 +7.04e+01 9.0e-01 9.0e-01 3.00e-01
 9 5.1e+12 1.5e-86 1.0e-09 +5.05e+11 +6.96e+00 9.0e-01 9.0e-01 3.00e-01
10 8.3e+11 1.6e-86 9.9e-11 +7.68e+11 +6.12e-01 9.1e-01 9.1e-01 3.00e-01
11 1.9e+11 1.7e-86 9.1e-12 +1.05e+12 -1.77e-02 1.8e+00 1.0e+00 3.00e-01
12 4.0e+10 1.8e-86 6.2e-94 +4.84e+11 -4.34e-02 9.6e-01 9.0e+01 1.00e-01
13 5.5e+09 2.2e-86 1.0e-91 +6.57e+10 +7.28e-02 9.9e-01 9.9e-01 1.00e-01
14 6.1e+08 2.5e-86 2.9e-93 +7.34e+09 +6.48e-02 1.0e+00 1.0e+00 1.00e-01
15 6.3e+07 2.5e-86 3.1e-93 +7.57e+08 +5.70e-02 1.0e+00 1.0e+00 1.00e-01
16 6.4e+06 2.4e-86 1.3e-92 +7.68e+07 +4.96e-02 1.0e+00 1.0e+00 1.00e-01
17 6.4e+05 2.7e-86 3.6e-92 +7.72e+06 +4.28e-02 1.0e+00 1.0e+00 1.00e-01
18 6.4e+04 2.7e-86 7.4e-92 +7.73e+05 +3.66e-02 1.0e+00 1.0e+00 1.00e-01
19 6.4e+03 2.8e-86 6.5e-91 +7.74e+04 +3.10e-02 1.0e+00 1.0e+00 1.00e-01
20 6.4e+02 3.1e-86 1.9e-90 +7.74e+03 +2.61e-02 1.0e+00 1.0e+00 1.00e-01
21 6.5e+01 3.4e-86 6.9e-90 +7.75e+02 +2.18e-02 1.0e+00 1.0e+00 1.00e-01
22 6.6e+00 3.3e-86 9.5e-90 +7.88e+01 +2.04e-02 9.8e-01 1.7e+01 1.00e-01
23 7.3e-01 3.3e-86 7.1e-88 +9.18e+00 +4.05e-01 9.1e-01 3.8e+00 1.00e-01
24 1.1e-01 3.5e-86 1.7e-87 +2.13e+00 +8.65e-01 8.7e-01 1.1e+00 1.00e-01
25 1.9e-02 3.5e-86 1.2e-88 +1.32e+00 +1.10e+00 8.9e-01 9.4e-01 1.00e-01
26 3.4e-03 3.5e-86 1.6e-89 +1.21e+00 +1.17e+00 8.9e-01 9.3e-01 1.00e-01
27 6.1e-04 3.5e-86 3.5e-89 +1.20e+00 +1.19e+00 9.4e-01 9.2e-01 1.00e-01
28 1.0e-04 3.5e-86 9.7e-90 +1.20e+00 +1.20e+00 9.9e-01 8.8e-01 1.00e-01
29 1.9e-05 3.5e-86 2.4e-90 +1.20e+00 +1.20e+00 9.7e-01 9.9e-01 1.00e-01
30 2.1e-06 3.5e-86 7.1e-91 +1.20e+00 +1.20e+00 9.9e-01 1.0e+00 1.00e-01
31 2.2e-07 3.5e-86 3.0e-91 +1.20e+00 +1.20e+00 9.9e-01 1.0e+00 1.00e-01
32 2.2e-08 3.5e-86 1.7e-88 +1.20e+00 +1.20e+00 9.9e-01 1.0e+00 1.00e-01
33 2.2e-09 3.5e-86 1.1e-88 +1.20e+00 +1.20e+00 9.9e-01 1.0e+00 1.00e-01
34 2.2e-10 3.5e-86 2.7e-88 +1.20e+00 +1.20e+00 9.9e-01 1.0e+00 1.00e-01
35 2.2e-11 3.5e-86 7.7e-88 +1.20e+00 +1.20e+00 9.9e-01 1.0e+00 1.00e-01
36 2.2e-12 3.4e-86 1.1e-87 +1.20e+00 +1.20e+00 9.9e-01 1.0e+00 1.00e-01
37 2.2e-13 3.4e-86 1.5e-87 +1.20e+00 +1.20e+00 9.9e-01 1.0e+00 1.00e-01
38 2.2e-14 3.5e-86 1.5e-87 +1.20e+00 +1.20e+00 9.9e-01 1.0e+00 1.00e-01
39 2.2e-15 3.5e-86 1.1e-87 +1.20e+00 +1.20e+00 9.9e-01 1.0e+00 1.00e-01
40 2.2e-16 3.5e-86 1.5e-87 +1.20e+00 +1.20e+00 9.9e-01 1.0e+00 1.00e-01
41 2.2e-17 3.5e-86 1.8e-87 +1.20e+00 +1.20e+00 9.9e-01 1.0e+00 1.00e-01
42 2.2e-18 3.5e-86 1.5e-87 +1.20e+00 +1.20e+00 9.9e-01 1.0e+00 1.00e-01
43 2.2e-19 3.5e-86 1.2e-87 +1.20e+00 +1.20e+00 9.9e-01 1.0e+00 1.00e-01
44 2.2e-20 3.5e-86 1.4e-87 +1.20e+00 +1.20e+00 9.9e-01 1.0e+00 1.00e-01
45 2.2e-21 3.4e-86 8.6e-86 +1.20e+00 +1.20e+00 9.9e-01 1.0e+00 1.00e-01
46 2.2e-22 3.5e-86 5.7e-85 +1.20e+00 +1.20e+00 9.9e-01 1.0e+00 1.00e-01
47 2.2e-23 3.5e-86 5.5e-85 +1.20e+00 +1.20e+00 9.9e-01 1.0e+00 1.00e-01
48 2.2e-24 3.5e-86 2.5e-85 +1.20e+00 +1.20e+00 9.9e-01 1.0e+00 1.00e-01
49 2.2e-25 3.5e-86 2.1e-84 +1.20e+00 +1.20e+00 9.9e-01 1.0e+00 1.00e-01
50 2.2e-26 3.5e-86 4.6e-84 +1.20e+00 +1.20e+00 9.9e-01 1.0e+00 1.00e-01
51 2.2e-27 3.5e-86 1.4e-84 +1.20e+00 +1.20e+00 9.9e-01 1.0e+00 1.00e-01
52 2.2e-28 3.5e-86 6.9e-87 +1.20e+00 +1.20e+00 9.9e-01 1.0e+00 1.00e-01
53 2.2e-29 3.5e-86 1.3e-87 +1.20e+00 +1.20e+00 9.9e-01 1.0e+00 1.00e-01
54 2.2e-30 3.5e-86 1.5e-87 +1.20e+00 +1.20e+00 9.9e-01 1.0e+00 1.00e-01
55 2.2e-31 3.5e-86 1.3e-87 +1.20e+00 +1.20e+00 9.9e-01 1.0e+00 1.00e-01
56 2.2e-32 3.5e-86 1.5e-87 +1.20e+00 +1.20e+00 9.9e-01 1.0e+00 1.00e-01

phase.value = pdOPT     
   Iteration = 56
          mu = 2.2369214097003204e-32
relative gap = 2.2432103660730533e-31
         gap = 2.6843056916403845e-31
      digits = 3.0649129996795672e+01
objValPrimal = 1.1966357378864602e+00
objValDual   = 1.1966357378864602e+00
p.feas.error = 3.4544674220377779e-76
d.feas.error = 1.7892960348988408e-76
relative eps = 8.6361685550944446e-78
total time   = 0.110


Parameters are
maxIteration =    200
epsilonStar  = 1.000e-30
lambdaStar   = 1.000e+10
omegaStar    = 2.000e+00
lowerBound   = -1.000e+05
upperBound   = 1.000e+05
betaStar     = 1.000e-01
betaBar      = 3.000e-01
gammaStar    = 9.000e-01
epsilonDash  = 1.000e-30
precision    =    200

                         Time(sec)  Ratio(% : MainLoop) 
 Predictor time  =       0.050000,  45.454545
 Corrector time  =       0.020000,  18.181818
 Make bMat time  =       0.040000,  36.363636
 Make bDia time  =       0.000000,  0.000000
 Make bF1  time  =       0.020000,  18.181818
 Make bF2  time  =       0.020000,  18.181818
 Make bF3  time  =       0.000000,  0.000000
 Make bPRE time  =       0.030000,  27.272727
 Make rMat time  =       0.010000,  9.090909
 Make gVec Mul   =       0.000000,  0.000000
 Make gVec time  =       0.000000,  0.000000
 Cholesky bMat   =       0.000000,  0.000000
 Ste Pre time    =       0.000000,  0.000000
 Ste Cor time    =       0.040000,  36.363636
 solve           =       0.000000,  0.000000
 sumDz           =       0.000000,  0.000000
 makedX          =       0.020000,  18.181818
 symmetriseDx    =       0.000000,  0.000000
 makedXdZ        =       0.020000,  18.181818
 xMatTime        =       0.000000,  0.000000
 zMatTime        =       0.000000,  0.000000
 invzMatTime     =       0.000000,  0.000000
 xMatzMatTime    =       0.000000,  0.000000
 EigxMatTime     =       0.010000,  9.090909
 EigzMatTime     =       0.030000,  27.272727
 EigxMatzMatTime =       0.000000,  0.000000
 updateRes       =       0.000000,  0.000000
 EigTime         =       0.040000,  36.363636
 sub_total_bMat  =       0.070000,  63.636364
 Main Loop       =       0.110000,  100.000000
 File Check      =       0.000000,  0.000000
 File Change     =       0.000000,  0.000000
 File Read       =       0.000000,  0.000000
 Total           =       0.110000,  100.000000

xVec = 
{-1.196635737886e+00,+4.960521774288e-02,-1.528418733418e-01,-4.280679870878e-02,+9.071177549472e-01,-1.920454740144e-02,-2.819349193471e-02,+2.637201799407e-02}
xMat = 
{
{ {+2.196635737886e+00,+4.960521774288e-02,-1.528418733418e-01,-4.280679870878e-02,+9.071177549472e-01,-1.920454740144e-02 },
  {+4.960521774288e-02,+1.043793864545e+00,-4.280679870878e-02,+9.071177549472e-01,-1.920454740144e-02,-2.819349193471e-02 },
  {-1.528418733418e-01,-4.280679870878e-02,+2.103753492834e+00,-1.920454740144e-02,-2.819349193471e-02,+2.637201799407e-02 },
  {-4.280679870878e-02,+9.071177549472e-01,-1.920454740144e-02,+1.168442245952e+00,+2.637201799407e-02,-7.699199346764e-01 },
  {+9.071177549472e-01,-1.920454740144e-02,-2.819349193471e-02,+2.637201799407e-02,+4.267158032100e-01,-1.685725969355e-01 },
  {-1.920454740144e-02,-2.819349193471e-02,+2.637201799407e-02,-7.699199346764e-01,-1.685725969355e-01,+1.480995502682e+00 }   }
{ {+1.246240955629e+00,-1.528418733418e-01,-4.280679870878e-02,+9.071177549472e-01,-1.920454740144e-02,-2.819349193471e-02 },
  {-1.528418733418e-01,+1.153828939178e+00,+9.071177549472e-01,-1.920454740144e-02,-2.819349193471e-02,+2.637201799407e-02 },
  {-4.280679870878e-02,+9.071177549472e-01,+1.177431190485e+00,-2.819349193471e-02,+2.637201799407e-02,-7.699199346764e-01 },
  {+9.071177549472e-01,-1.920454740144e-02,-2.819349193471e-02,+1.223007755881e+00,-7.699199346764e-01,-1.685725969355e-01 },
  {-1.920454740144e-02,-2.819349193471e-02,+2.637201799407e-02,-7.699199346764e-01,+1.028063140951e+00,+2.843597647957e-01 },
  {-2.819349193471e-02,+2.637201799407e-02,-7.699199346764e-01,-1.685725969355e-01,+2.843597647957e-01,+1.490830132205e+00 }   }
}
yMat = 
{
{ {+1.239009108195e-31,+1.203804032758e-22,+1.879782161665e-24,-1.409947048546e-22,-1.445856373238e-23,-7.268596097053e-23 },
  {+1.203804032758e-22,+1.847537798828e-01,+2.884994976196e-03,-2.163915716678e-01,-2.219027497333e-02,-1.115547519484e-01 },
  {+1.879782161665e-24,+2.884994976196e-03,+4.505020691839e-05,-3.379030174910e-03,-3.465089150494e-04,-1.741966519689e-03 },
  {-1.409947048546e-22,-2.163915716678e-01,-3.379030174910e-03,+2.534471138754e-01,+2.599020426140e-02,+1.306577224912e-01 },
  {-1.445856373238e-23,-2.219027497333e-02,-3.465089150494e-04,+2.599020426140e-02,+2.665213689834e-03,+1.339853843254e-02 },
  {-7.268596097053e-23,-1.115547519484e-01,-1.741966519689e-03,+1.306577224912e-01,+1.339853843254e-02,+6.735701261515e-02 }   }
{ {+6.955193344059e-02,-3.941511020722e-02,+5.600173242901e-02,-1.002580740218e-01,-8.627408832816e-02,+3.605329168355e-02 },
  {-3.941511020722e-02,+4.913503901399e-02,-6.494489130421e-02,+5.935901188546e-02,+5.763942383236e-02,-3.943671055749e-02 },
  {+5.600173242901e-02,-6.494489130421e-02,+8.624361577589e-02,-8.387659956700e-02,-8.030640777023e-02,+5.258070961860e-02 },
  {-1.002580740218e-01,+5.935901188546e-02,-8.387659956700e-02,+1.447617780522e-01,+1.251928336129e-01,-5.377356032431e-02 },
  {-8.627408832816e-02,+5.763942383236e-02,-8.030640777023e-02,+1.251928336129e-01,+1.098722742665e-01,-5.092539472379e-02 },
  {+3.605329168355e-02,-3.943671055749e-02,+5.258070961860e-02,-5.377356032431e-02,-5.092539472379e-02,+3.216718918075e-02 }   }
}
    main loop time = 0.110000
        total time = 0.110000
  file   read time = 0.000000
