SDPA-GMP start at Wed Jun  5 23:35:12 2024
*SDP Scan Problem: V = x^2 - 2*x^4 + x^8
* K = 6; eval = 0.05025125628140792; Domain = R+ with BCs: Neumann
data      is /Users/gorg/qmBoot/data/K=6_BC-Neumann_V_0.0_0.0_1.0_0.0_-2.0_0.0_0.0_0.0_1.0/e=0.05025125628140792_K=6_D=R+.dat
parameter is ./param.sdpa
out       is /Users/gorg/qmBoot/data/K=6_BC-Neumann_V_0.0_0.0_1.0_0.0_-2.0_0.0_0.0_0.0_1.0/e=0.05025125628140792_K=6_D=R+.out
DENSE computation
   mu      thetaP  thetaD  objP      objD      alphaP  alphaD  beta 
 0 1.0e+20 1.0e+00 1.0e+00 +0.00e+00 -1.22e+10 1.0e+00 9.0e-01 3.00e-01
 1 1.6e+19 8.6e-88 1.0e-01 +1.60e+10 -1.22e+09 9.0e-01 9.0e-01 3.00e-01
 2 2.5e+18 9.5e-87 1.0e-02 +2.46e+10 -1.22e+08 9.0e-01 9.0e-01 3.00e-01
 3 3.8e+17 8.6e-87 1.0e-03 +3.79e+10 -1.22e+07 9.0e-01 9.0e-01 3.00e-01
 4 5.8e+16 1.5e-86 1.0e-04 +5.84e+10 -1.22e+06 9.0e-01 9.0e-01 3.00e-01
 5 9.0e+15 1.7e-86 1.0e-05 +9.00e+10 -1.22e+05 9.0e-01 9.0e-01 3.00e-01
 6 1.4e+15 1.9e-86 1.0e-06 +1.39e+11 -1.22e+04 9.0e-01 9.0e-01 3.00e-01
 7 2.1e+14 1.9e-86 1.0e-07 +2.13e+11 -1.22e+03 9.0e-01 9.0e-01 3.00e-01
 8 3.3e+13 1.8e-86 1.0e-08 +3.29e+11 -1.23e+02 9.0e-01 9.0e-01 3.00e-01
 9 5.1e+12 1.6e-86 1.0e-09 +5.05e+11 -1.24e+01 9.0e-01 9.0e-01 3.00e-01
10 8.3e+11 1.9e-86 1.0e-10 +7.67e+11 -1.34e+00 9.0e-01 9.0e-01 3.00e-01
11 1.9e+11 1.2e-86 9.6e-12 +1.04e+12 -2.37e-01 1.5e+00 1.0e+00 3.00e-01
12 4.6e+10 7.8e-87 8.4e-89 +5.47e+11 -1.48e-01 9.7e-01 9.7e-01 1.00e-01
13 6.0e+09 6.0e-87 7.7e-89 +7.15e+10 -1.54e-01 9.9e-01 9.9e-01 1.00e-01
14 6.6e+08 8.6e-87 8.7e-91 +7.86e+09 -1.59e-01 1.0e+00 1.0e+00 1.00e-01
15 6.6e+07 7.8e-87 2.1e-92 +7.94e+08 -1.64e-01 1.0e+00 1.0e+00 1.00e-01
16 6.6e+06 4.3e-87 8.3e-92 +7.98e+07 -1.68e-01 1.0e+00 1.0e+00 1.00e-01
17 6.7e+05 7.8e-87 1.8e-91 +7.98e+06 -1.72e-01 1.0e+00 1.0e+00 1.00e-01
18 6.7e+04 1.0e-86 4.1e-91 +7.99e+05 -1.76e-01 1.0e+00 1.0e+00 1.00e-01
19 6.7e+03 6.9e-87 2.4e-90 +7.99e+04 -1.79e-01 1.0e+00 1.0e+00 1.00e-01
20 6.7e+02 6.9e-87 8.1e-90 +7.99e+03 -1.82e-01 1.0e+00 1.0e+00 1.00e-01
21 6.7e+01 7.8e-87 1.4e-89 +7.99e+02 -1.84e-01 1.0e+00 1.0e+00 1.00e-01
22 6.7e+00 9.5e-87 3.7e-89 +7.99e+01 -1.86e-01 1.0e+00 9.0e+01 1.00e-01
23 6.8e-01 1.5e-86 1.2e-86 +8.02e+00 -1.73e-01 9.8e-01 6.7e+00 1.00e-01
24 7.7e-02 1.0e-86 6.3e-86 +8.42e-01 -7.76e-02 9.2e-01 1.9e+00 1.00e-01
25 1.1e-02 1.0e-86 6.0e-86 +1.03e-01 -2.87e-02 8.7e-01 1.0e+00 1.00e-01
26 2.1e-03 1.0e-86 6.6e-89 +1.92e-02 -6.58e-03 8.9e-01 8.9e-01 1.00e-01
27 4.2e-04 1.0e-86 6.0e-87 +4.34e-03 -7.46e-04 7.8e-01 9.9e-01 1.00e-01
28 1.0e-04 1.0e-86 1.6e-86 +1.80e-03 +5.70e-04 8.4e-01 8.0e-01 1.00e-01
29 2.7e-05 1.0e-86 1.0e-86 +1.43e-03 +1.10e-03 9.6e-01 8.8e-01 1.00e-01
30 5.1e-06 1.0e-86 1.3e-87 +1.34e-03 +1.28e-03 9.2e-01 9.3e-01 1.00e-01
31 8.5e-07 1.0e-86 8.7e-89 +1.33e-03 +1.32e-03 9.3e-01 9.6e-01 1.00e-01
32 1.2e-07 1.0e-86 9.8e-90 +1.33e-03 +1.33e-03 9.6e-01 1.0e+00 1.00e-01
33 1.3e-08 1.0e-86 1.5e-87 +1.33e-03 +1.33e-03 9.6e-01 1.0e+00 1.00e-01
34 1.4e-09 1.0e-86 1.8e-87 +1.33e-03 +1.33e-03 9.6e-01 1.0e+00 1.00e-01
35 1.4e-10 1.0e-86 6.1e-88 +1.33e-03 +1.33e-03 9.6e-01 1.0e+00 1.00e-01
36 1.4e-11 1.0e-86 1.3e-88 +1.33e-03 +1.33e-03 9.6e-01 1.0e+00 1.00e-01
37 1.4e-12 1.0e-86 1.7e-87 +1.33e-03 +1.33e-03 9.6e-01 1.0e+00 1.00e-01
38 1.4e-13 1.0e-86 2.3e-87 +1.33e-03 +1.33e-03 9.6e-01 1.0e+00 1.00e-01
39 1.4e-14 1.0e-86 1.6e-87 +1.33e-03 +1.33e-03 9.6e-01 1.0e+00 1.00e-01
40 1.4e-15 1.0e-86 1.2e-87 +1.33e-03 +1.33e-03 9.6e-01 1.0e+00 1.00e-01
41 1.4e-16 1.0e-86 1.2e-87 +1.33e-03 +1.33e-03 9.6e-01 1.0e+00 1.00e-01
42 1.4e-17 1.0e-86 1.4e-87 +1.33e-03 +1.33e-03 9.6e-01 1.0e+00 1.00e-01
43 1.4e-18 1.0e-86 1.0e-87 +1.33e-03 +1.33e-03 9.6e-01 1.0e+00 1.00e-01
44 1.4e-19 1.0e-86 5.3e-88 +1.33e-03 +1.33e-03 9.6e-01 1.0e+00 1.00e-01
45 1.4e-20 1.0e-86 4.4e-88 +1.33e-03 +1.33e-03 9.6e-01 1.0e+00 1.00e-01
46 1.4e-21 1.0e-86 5.2e-86 +1.33e-03 +1.33e-03 9.6e-01 1.0e+00 1.00e-01
47 1.4e-22 1.0e-86 4.1e-86 +1.33e-03 +1.33e-03 9.6e-01 1.0e+00 1.00e-01
48 1.4e-23 1.0e-86 9.8e-87 +1.33e-03 +1.33e-03 9.6e-01 1.0e+00 1.00e-01
49 1.4e-24 1.0e-86 1.9e-87 +1.33e-03 +1.33e-03 9.6e-01 1.0e+00 1.00e-01
50 1.4e-25 1.0e-86 5.8e-88 +1.33e-03 +1.33e-03 9.6e-01 1.0e+00 1.00e-01
51 1.4e-26 1.0e-86 1.9e-87 +1.33e-03 +1.33e-03 9.6e-01 1.0e+00 1.00e-01
52 1.4e-27 1.0e-86 1.4e-87 +1.33e-03 +1.33e-03 9.6e-01 1.0e+00 1.00e-01
53 1.4e-28 1.0e-86 1.1e-87 +1.33e-03 +1.33e-03 9.6e-01 1.0e+00 1.00e-01
54 1.4e-29 1.0e-86 4.2e-88 +1.33e-03 +1.33e-03 9.6e-01 1.0e+00 1.00e-01
55 1.4e-30 1.0e-86 1.1e-87 +1.33e-03 +1.33e-03 9.6e-01 1.0e+00 1.00e-01
56 1.4e-31 1.0e-86 3.0e-87 +1.33e-03 +1.33e-03 9.6e-01 1.0e+00 1.00e-01
57 1.4e-32 1.0e-86 7.1e-88 +1.33e-03 +1.33e-03 9.6e-01 1.0e+00 1.00e-01

phase.value = pdOPT     
   Iteration = 57
          mu = 1.4319186165949129e-32
relative gap = 1.7183023399138955e-31
         gap = 1.7183023399138955e-31
      digits = 2.7888043083899522e+01
objValPrimal = 1.3278305774046925e-03
objValDual   = 1.3278305774046925e-03
p.feas.error = 1.0215577879035749e-76
d.feas.error = 1.1187007240508950e-76
relative eps = 8.6361685550944446e-78
total time   = 0.110


Parameters are
maxIteration =    200
epsilonStar  = 1.000e-30
lambdaStar   = 1.000e+10
omegaStar    = 2.000e+00
lowerBound   = -1.000e+05
upperBound   = 1.000e+05
betaStar     = 1.000e-01
betaBar      = 3.000e-01
gammaStar    = 9.000e-01
epsilonDash  = 1.000e-30
precision    =    200

                         Time(sec)  Ratio(% : MainLoop) 
 Predictor time  =       0.030000,  27.272727
 Corrector time  =       0.020000,  18.181818
 Make bMat time  =       0.020000,  18.181818
 Make bDia time  =       0.000000,  0.000000
 Make bF1  time  =       0.000000,  0.000000
 Make bF2  time  =       0.020000,  18.181818
 Make bF3  time  =       0.000000,  0.000000
 Make bPRE time  =       0.010000,  9.090909
 Make rMat time  =       0.000000,  0.000000
 Make gVec Mul   =       0.000000,  0.000000
 Make gVec time  =       0.000000,  0.000000
 Cholesky bMat   =       0.000000,  0.000000
 Ste Pre time    =       0.000000,  0.000000
 Ste Cor time    =       0.050000,  45.454545
 solve           =       0.010000,  9.090909
 sumDz           =       0.000000,  0.000000
 makedX          =       0.020000,  18.181818
 symmetriseDx    =       0.000000,  0.000000
 makedXdZ        =       0.020000,  18.181818
 xMatTime        =       0.000000,  0.000000
 zMatTime        =       0.010000,  9.090909
 invzMatTime     =       0.000000,  0.000000
 xMatzMatTime    =       0.000000,  0.000000
 EigxMatTime     =       0.020000,  18.181818
 EigzMatTime     =       0.030000,  27.272727
 EigxMatzMatTime =       0.000000,  0.000000
 updateRes       =       0.000000,  0.000000
 EigTime         =       0.050000,  45.454545
 sub_total_bMat  =       0.090000,  81.818182
 Main Loop       =       0.110000,  100.000000
 File Check      =       0.000000,  0.000000
 File Change     =       0.000000,  0.000000
 File Read       =       0.000000,  0.000000
 Total           =       0.110000,  100.000000

xVec = 
{-1.327830577405e-03,+9.039217518001e-01,+8.198947536366e-01,+7.463070022154e-01,+6.804276324650e-01,+6.200017598812e-01,+5.664949750117e-01,+5.241212957312e-01}
xMat = 
{
{ {+1.001327830577e+00,+9.039217518001e-01,+8.198947536366e-01,+7.463070022154e-01,+6.804276324650e-01,+6.200017598812e-01 },
  {+9.039217518001e-01,+8.212225842140e-01,+7.463070022154e-01,+6.804276324650e-01,+6.200017598812e-01,+5.664949750117e-01 },
  {+8.198947536366e-01,+7.463070022154e-01,+6.817554630425e-01,+6.200017598812e-01,+5.664949750117e-01,+5.241212957312e-01 },
  {+7.463070022154e-01,+6.804276324650e-01,+6.200017598812e-01,+5.678228055891e-01,+5.241212957312e-01,+4.986055087597e-01 },
  {+6.804276324650e-01,+6.200017598812e-01,+5.664949750117e-01,+5.241212957312e-01,+4.999333393371e-01,+5.190000173834e-01 },
  {+6.200017598812e-01,+5.664949750117e-01,+5.241212957312e-01,+4.986055087597e-01,+5.190000173834e-01,+6.537337512093e-01 }   }
{ {+9.052495823775e-01,+8.198947536366e-01,+7.463070022154e-01,+6.804276324650e-01,+6.200017598812e-01,+5.664949750117e-01 },
  {+8.198947536366e-01,+7.476348327928e-01,+6.804276324650e-01,+6.200017598812e-01,+5.664949750117e-01,+5.241212957312e-01 },
  {+7.463070022154e-01,+6.804276324650e-01,+6.213295904586e-01,+5.664949750117e-01,+5.241212957312e-01,+4.986055087597e-01 },
  {+6.804276324650e-01,+6.200017598812e-01,+5.664949750117e-01,+5.254491263086e-01,+4.986055087597e-01,+5.190000173834e-01 },
  {+6.200017598812e-01,+5.664949750117e-01,+5.241212957312e-01,+4.986055087597e-01,+5.203278479608e-01,+6.524059206319e-01 },
  {+5.664949750117e-01,+5.241212957312e-01,+4.986055087597e-01,+5.190000173834e-01,+6.524059206319e-01,+1.096701420315e+00 }   }
}
yMat = 
{
{ {+2.451268273778e-02,-6.441580576177e-02,-8.595349257000e-03,+8.990904425077e-02,-4.421719068023e-02,+5.993123962258e-03 },
  {-6.441580576177e-02,+1.701525294603e-01,+2.219419327631e-02,-2.350346956537e-01,+1.133703082252e-01,-1.489090512014e-02 },
  {-8.595349257000e-03,+2.219419327631e-02,+3.190184290941e-03,-3.207938246673e-02,+1.677155113683e-02,-2.486164033230e-03 },
  {+8.990904425077e-02,-2.350346956537e-01,-3.207938246673e-02,+3.315080005692e-01,-1.661565672987e-01,+2.318870929928e-02 },
  {-4.421719068023e-02,+1.133703082252e-01,+1.677155113683e-02,-1.661565672987e-01,+8.886767485058e-02,-1.357593363313e-02 },
  {+5.993123962258e-03,-1.489090512014e-02,-2.486164033230e-03,+2.318870929928e-02,-1.357593363313e-02,+2.304942380288e-03 }   }
{ {+3.296177598930e-02,+1.818630719997e-02,+3.157659898583e-02,-5.985995039154e-02,-7.396020268029e-02,+3.225181548641e-02 },
  {+1.818630719997e-02,+1.003410039796e-02,+1.742205061017e-02,-3.302708710686e-02,-4.080675042972e-02,+1.779459408932e-02 },
  {+3.157659898583e-02,+1.742205061017e-02,+3.024963229639e-02,-5.734441158265e-02,-7.085211857834e-02,+3.089647367636e-02 },
  {-5.985995039154e-02,-3.302708710686e-02,-5.734441158265e-02,+1.087081491616e-01,+1.343147913155e-01,-5.857063271350e-02 },
  {-7.396020268029e-02,-4.080675042972e-02,-7.085211857834e-02,+1.343147913155e-01,+1.659531811115e-01,-7.236718103287e-02 },
  {+3.225181548641e-02,+1.779459408932e-02,+3.089647367636e-02,-5.857063271350e-02,-7.236718103287e-02,+3.155714675409e-02 }   }
}
    main loop time = 0.110000
        total time = 0.110000
  file   read time = 0.000000
