SDPA-GMP start at Wed Jun  5 23:35:12 2024
*SDP Scan Problem: V = x^2 - 2*x^4 + x^8
* K = 6; eval = 0.25125628140703604; Domain = R+ with BCs: Neumann
data      is /Users/gorg/qmBoot/data/K=6_BC-Neumann_V_0.0_0.0_1.0_0.0_-2.0_0.0_0.0_0.0_1.0/e=0.25125628140703604_K=6_D=R+.dat
parameter is ./param.sdpa
out       is /Users/gorg/qmBoot/data/K=6_BC-Neumann_V_0.0_0.0_1.0_0.0_-2.0_0.0_0.0_0.0_1.0/e=0.25125628140703604_K=6_D=R+.out
DENSE computation
   mu      thetaP  thetaD  objP      objD      alphaP  alphaD  beta 
 0 1.0e+20 1.0e+00 1.0e+00 +0.00e+00 -1.26e+10 1.0e+00 9.0e-01 3.00e-01
 1 1.6e+19 8.6e-88 1.0e-01 +1.60e+10 -1.26e+09 9.0e-01 9.0e-01 3.00e-01
 2 2.5e+18 1.7e-87 1.0e-02 +2.46e+10 -1.26e+08 9.0e-01 9.0e-01 3.00e-01
 3 3.8e+17 1.7e-87 1.0e-03 +3.79e+10 -1.26e+07 9.0e-01 9.0e-01 3.00e-01
 4 5.8e+16 2.6e-87 1.0e-04 +5.84e+10 -1.26e+06 9.0e-01 9.0e-01 3.00e-01
 5 9.0e+15 4.3e-87 1.0e-05 +9.00e+10 -1.26e+05 9.0e-01 9.0e-01 3.00e-01
 6 1.4e+15 6.0e-87 1.0e-06 +1.39e+11 -1.26e+04 9.0e-01 9.0e-01 3.00e-01
 7 2.1e+14 6.9e-87 1.0e-07 +2.13e+11 -1.26e+03 9.0e-01 9.0e-01 3.00e-01
 8 3.3e+13 8.6e-87 1.0e-08 +3.29e+11 -1.27e+02 9.0e-01 9.0e-01 3.00e-01
 9 5.1e+12 8.6e-87 1.0e-09 +5.05e+11 -1.28e+01 9.0e-01 9.0e-01 3.00e-01
10 8.3e+11 9.5e-87 1.0e-10 +7.67e+11 -1.38e+00 9.0e-01 9.0e-01 3.00e-01
11 1.9e+11 1.0e-86 9.9e-12 +1.03e+12 -2.46e-01 1.5e+00 9.9e-01 3.00e-01
12 4.7e+10 1.0e-86 1.4e-13 +5.48e+11 -1.51e-01 1.1e+00 1.0e+00 3.00e-01
13 1.0e+10 7.8e-87 4.8e-94 +1.22e+11 -1.86e-01 9.7e-01 9.7e-01 1.00e-01
14 1.3e+09 6.9e-87 1.7e-93 +1.59e+10 -1.89e-01 9.9e-01 9.9e-01 1.00e-01
15 1.4e+08 6.0e-87 3.1e-93 +1.71e+09 -1.91e-01 1.0e+00 1.0e+00 1.00e-01
16 1.4e+07 6.0e-87 1.6e-92 +1.72e+08 -1.93e-01 1.0e+00 1.0e+00 1.00e-01
17 1.4e+06 6.0e-87 3.1e-92 +1.72e+07 -1.95e-01 1.0e+00 1.0e+00 1.00e-01
18 1.4e+05 6.0e-87 9.1e-92 +1.72e+06 -1.97e-01 1.0e+00 1.0e+00 1.00e-01
19 1.4e+04 6.9e-87 3.9e-91 +1.72e+05 -1.98e-01 1.0e+00 1.0e+00 1.00e-01
20 1.4e+03 6.9e-87 1.0e-90 +1.72e+04 -2.00e-01 1.0e+00 1.0e+00 1.00e-01
21 1.4e+02 8.6e-87 3.0e-90 +1.72e+03 -2.01e-01 1.0e+00 1.0e+00 1.00e-01
22 1.4e+01 8.6e-87 1.1e-89 +1.72e+02 -2.02e-01 1.0e+00 9.0e+01 1.00e-01
23 1.5e+00 1.0e-86 2.9e-87 +1.72e+01 -1.94e-01 9.9e-01 1.3e+01 1.00e-01
24 1.5e-01 1.3e-86 3.2e-86 +1.76e+00 -9.08e-02 9.5e-01 3.2e+00 1.00e-01
25 1.9e-02 1.1e-86 7.2e-86 +1.94e-01 -3.79e-02 8.9e-01 1.1e+00 1.00e-01
26 3.3e-03 1.1e-86 9.4e-87 +2.73e-02 -1.26e-02 9.5e-01 8.9e-01 1.00e-01
27 5.3e-04 1.1e-86 1.2e-87 +2.96e-03 -3.40e-03 8.7e-01 9.6e-01 1.00e-01
28 9.7e-05 1.2e-86 8.7e-89 +3.40e-04 -8.19e-04 8.9e-01 9.2e-01 1.00e-01
29 1.7e-05 1.1e-86 4.3e-89 +3.15e-05 -1.77e-04 1.1e+00 9.1e-01 1.00e-01
30 2.7e-06 1.1e-86 3.2e-89 -2.35e-06 -3.53e-05 1.0e+00 9.5e-01 1.00e-01
31 3.7e-07 1.1e-86 7.2e-89 -6.10e-06 -1.06e-05 1.1e+00 9.7e-01 1.00e-01
32 4.6e-08 1.0e-86 1.4e-85 -6.52e-06 -7.07e-06 1.1e+00 9.7e-01 1.00e-01
33 5.2e-09 1.0e-86 3.7e-87 -6.57e-06 -6.63e-06 1.1e+00 9.8e-01 1.00e-01
34 5.6e-10 1.0e-86 1.2e-84 -6.57e-06 -6.58e-06 1.1e+00 9.9e-01 1.00e-01
35 5.8e-11 9.5e-87 1.8e-86 -6.57e-06 -6.57e-06 1.1e+00 9.9e-01 1.00e-01
36 5.9e-12 9.5e-87 6.5e-84 -6.57e-06 -6.57e-06 1.1e+00 9.9e-01 1.00e-01
37 5.9e-13 9.5e-87 6.6e-86 -6.57e-06 -6.57e-06 1.1e+00 9.9e-01 1.00e-01
38 6.0e-14 8.9e-87 2.5e-83 -6.57e-06 -6.57e-06 1.1e+00 9.9e-01 1.00e-01
39 6.0e-15 8.9e-87 2.1e-85 -6.57e-06 -6.57e-06 1.1e+00 9.9e-01 1.00e-01
40 6.0e-16 8.9e-87 9.2e-82 -6.57e-06 -6.57e-06 1.1e+00 9.9e-01 1.00e-01
41 6.1e-17 8.9e-87 6.8e-84 -6.57e-06 -6.57e-06 1.1e+00 9.9e-01 1.00e-01
42 6.1e-18 8.9e-87 4.7e-86 -6.57e-06 -6.57e-06 1.1e+00 9.9e-01 1.00e-01
43 6.1e-19 8.9e-87 5.8e-88 -6.57e-06 -6.57e-06 1.1e+00 9.9e-01 1.00e-01
44 6.1e-20 8.9e-87 6.9e-88 -6.57e-06 -6.57e-06 1.1e+00 9.9e-01 1.00e-01
45 6.1e-21 8.9e-87 7.5e-88 -6.57e-06 -6.57e-06 1.1e+00 9.9e-01 1.00e-01
46 6.1e-22 8.9e-87 4.4e-79 -6.57e-06 -6.57e-06 1.1e+00 9.9e-01 1.00e-01
47 6.1e-23 8.9e-87 2.7e-79 -6.57e-06 -6.57e-06 1.1e+00 9.9e-01 1.00e-01
48 6.1e-24 8.9e-87 9.1e-80 -6.57e-06 -6.57e-06 1.1e+00 9.9e-01 1.00e-01
49 6.1e-25 8.9e-87 3.8e-80 -6.57e-06 -6.57e-06 1.1e+00 9.9e-01 1.00e-01
50 6.1e-26 8.9e-87 2.4e-80 -6.57e-06 -6.57e-06 1.1e+00 9.9e-01 1.00e-01
51 6.1e-27 8.9e-87 5.4e-81 -6.57e-06 -6.57e-06 1.1e+00 9.9e-01 1.00e-01
52 6.1e-28 8.9e-87 1.7e-81 -6.57e-06 -6.57e-06 1.1e+00 9.9e-01 1.00e-01
53 6.1e-29 8.9e-87 6.8e-81 -6.57e-06 -6.57e-06 1.1e+00 9.9e-01 1.00e-01
54 6.1e-30 8.9e-87 7.8e-80 -6.57e-06 -6.57e-06 1.1e+00 9.9e-01 1.00e-01
55 6.1e-31 8.9e-87 3.9e-79 -6.57e-06 -6.57e-06 1.1e+00 9.9e-01 1.00e-01
56 6.1e-32 8.9e-87 1.7e-78 -6.57e-06 -6.57e-06 1.1e+00 9.9e-01 1.00e-01

phase.value = pdOPT     
   Iteration = 56
          mu = 6.0893823086541042e-32
relative gap = 7.3072587703849250e-31
         gap = 7.3072587703849250e-31
      digits = 2.4954087618857447e+01
objValPrimal = -6.5741877993566191e-06
objValDual   = -6.5741877993566191e-06
p.feas.error = 8.8797055693197857e-77
d.feas.error = 2.0215830451098054e-67
relative eps = 8.6361685550944446e-78
total time   = 0.120


Parameters are
maxIteration =    200
epsilonStar  = 1.000e-30
lambdaStar   = 1.000e+10
omegaStar    = 2.000e+00
lowerBound   = -1.000e+05
upperBound   = 1.000e+05
betaStar     = 1.000e-01
betaBar      = 3.000e-01
gammaStar    = 9.000e-01
epsilonDash  = 1.000e-30
precision    =    200

                         Time(sec)  Ratio(% : MainLoop) 
 Predictor time  =       0.070000,  58.333333
 Corrector time  =       0.010000,  8.333333
 Make bMat time  =       0.030000,  25.000000
 Make bDia time  =       0.000000,  0.000000
 Make bF1  time  =       0.020000,  16.666667
 Make bF2  time  =       0.010000,  8.333333
 Make bF3  time  =       0.000000,  0.000000
 Make bPRE time  =       0.030000,  25.000000
 Make rMat time  =       0.010000,  8.333333
 Make gVec Mul   =       0.000000,  0.000000
 Make gVec time  =       0.000000,  0.000000
 Cholesky bMat   =       0.010000,  8.333333
 Ste Pre time    =       0.000000,  0.000000
 Ste Cor time    =       0.040000,  33.333333
 solve           =       0.000000,  0.000000
 sumDz           =       0.000000,  0.000000
 makedX          =       0.030000,  25.000000
 symmetriseDx    =       0.000000,  0.000000
 makedXdZ        =       0.030000,  25.000000
 xMatTime        =       0.000000,  0.000000
 zMatTime        =       0.000000,  0.000000
 invzMatTime     =       0.000000,  0.000000
 xMatzMatTime    =       0.000000,  0.000000
 EigxMatTime     =       0.030000,  25.000000
 EigzMatTime     =       0.010000,  8.333333
 EigxMatzMatTime =       0.000000,  0.000000
 updateRes       =       0.000000,  0.000000
 EigTime         =       0.040000,  33.333333
 sub_total_bMat  =       0.090000,  75.000000
 Main Loop       =       0.120000,  100.000000
 File Check      =       0.000000,  0.000000
 File Change     =       0.000000,  0.000000
 File Read       =       0.000000,  0.000000
 Total           =       0.120000,  100.000000

xVec = 
{+6.574187799357e-06,+8.267741680079e-01,+7.316559353578e-01,+6.559689413991e-01,+5.922761960281e-01,+5.389538168131e-01,+4.968809121880e-01,+4.700215895767e-01}
xMat = 
{
{ {+9.999934258122e-01,+8.267741680079e-01,+7.316559353578e-01,+6.559689413991e-01,+5.922761960281e-01,+5.389538168131e-01 },
  {+8.267741680079e-01,+7.316493611700e-01,+6.559689413991e-01,+5.922761960281e-01,+5.389538168131e-01,+4.968809121880e-01 },
  {+7.316559353578e-01,+6.559689413991e-01,+5.922696218403e-01,+5.389538168131e-01,+4.968809121880e-01,+4.700215895767e-01 },
  {+6.559689413991e-01,+5.922761960281e-01,+5.389538168131e-01,+4.968743380002e-01,+4.700215895767e-01,+4.683203173720e-01 },
  {+5.922761960281e-01,+5.389538168131e-01,+4.968809121880e-01,+4.700215895767e-01,+4.683137431842e-01,+5.149112440000e-01 },
  {+5.389538168131e-01,+4.968809121880e-01,+4.700215895767e-01,+4.683203173720e-01,+5.149112440000e-01,+6.644511096021e-01 }   }
{ {+8.267675938201e-01,+7.316559353578e-01,+6.559689413991e-01,+5.922761960281e-01,+5.389538168131e-01,+4.968809121880e-01 },
  {+7.316559353578e-01,+6.559623672113e-01,+5.922761960281e-01,+5.389538168131e-01,+4.968809121880e-01,+4.700215895767e-01 },
  {+6.559689413991e-01,+5.922761960281e-01,+5.389472426253e-01,+4.968809121880e-01,+4.700215895767e-01,+4.683203173720e-01 },
  {+5.922761960281e-01,+5.389538168131e-01,+4.968809121880e-01,+4.700150153889e-01,+4.683203173720e-01,+5.149112440000e-01 },
  {+5.389538168131e-01,+4.968809121880e-01,+4.700215895767e-01,+4.683203173720e-01,+5.149046698122e-01,+6.644576837899e-01 },
  {+4.968809121880e-01,+4.700215895767e-01,+4.683203173720e-01,+5.149112440000e-01,+6.644576837899e-01,+1.070668459142e+00 }   }
}
yMat = 
{
{ {+3.617441969174e-05,-7.028544333862e-04,+2.459122938815e-03,-3.050908367954e-03,+1.478260155814e-03,-2.385016152076e-04 },
  {-7.028544333862e-04,+1.365617911055e-02,-4.777977019441e-02,+5.927792319945e-02,-2.872200060336e-02,+4.633990511718e-03 },
  {+2.459122938815e-03,-4.777977019441e-02,+1.671702180640e-01,-2.073995606783e-01,+1.004915487153e-01,-1.621324676109e-02 },
  {-3.050908367954e-03,+5.927792319945e-02,-2.073995606783e-01,+2.573100535951e-01,-1.246747375029e-01,+2.011494807127e-02 },
  {+1.478260155814e-03,-2.872200060336e-02,+1.004915487153e-01,-1.246747375029e-01,+6.040879458164e-02,-9.746319024968e-03 },
  {-2.385016152076e-04,+4.633990511718e-03,-1.621324676109e-02,+2.011494807127e-02,-9.746319024968e-03,+1.572465320560e-03 }   }
{ {+1.301556366143e-03,-9.202821725433e-03,+1.841642850274e-02,-1.440643352150e-02,+4.171726369095e-03,-2.800888469743e-04 },
  {-9.202821725433e-03,+6.506973490597e-02,-1.302157269087e-01,+1.018625415283e-01,-2.949672796410e-02,+1.980404224540e-03 },
  {+1.841642850274e-02,-1.302157269087e-01,+2.605840573786e-01,-2.038444587032e-01,+5.902802399338e-02,-3.963129341838e-03 },
  {-1.440643352150e-02,+1.018625415283e-01,-2.038444587032e-01,+1.594593459094e-01,-4.617525615455e-02,+3.100197163190e-03 },
  {+4.171726369095e-03,-2.949672796410e-02,+5.902802399338e-02,-4.617525615455e-02,+1.337114653757e-02,-8.977360174378e-04 },
  {-2.800888469743e-04,+1.980404224540e-03,-3.963129341838e-03,+3.100197163190e-03,-8.977360174378e-04,+6.027381083146e-05 }   }
}
    main loop time = 0.120000
        total time = 0.120000
  file   read time = 0.000000
