SDPA-GMP start at Wed Jun  5 23:35:12 2024
*SDP Scan Problem: V = x^2 - 2*x^4 + x^8
* K = 6; eval = 0.8542713567839204; Domain = R+ with BCs: Neumann
data      is /Users/gorg/qmBoot/data/K=6_BC-Neumann_V_0.0_0.0_1.0_0.0_-2.0_0.0_0.0_0.0_1.0/e=0.8542713567839204_K=6_D=R+.dat
parameter is ./param.sdpa
out       is /Users/gorg/qmBoot/data/K=6_BC-Neumann_V_0.0_0.0_1.0_0.0_-2.0_0.0_0.0_0.0_1.0/e=0.8542713567839204_K=6_D=R+.out
DENSE computation
   mu      thetaP  thetaD  objP      objD      alphaP  alphaD  beta 
 0 1.0e+20 1.0e+00 1.0e+00 +0.00e+00 -1.39e+10 1.0e+00 9.0e-01 3.00e-01
 1 1.6e+19 8.6e-88 1.0e-01 +1.60e+10 -1.39e+09 9.0e-01 9.0e-01 3.00e-01
 2 2.5e+18 1.7e-87 1.0e-02 +2.46e+10 -1.39e+08 9.0e-01 9.0e-01 3.00e-01
 3 3.8e+17 4.3e-87 1.0e-03 +3.79e+10 -1.39e+07 9.0e-01 9.0e-01 3.00e-01
 4 5.8e+16 4.3e-87 1.0e-04 +5.84e+10 -1.39e+06 9.0e-01 9.0e-01 3.00e-01
 5 9.0e+15 5.2e-87 1.0e-05 +9.00e+10 -1.39e+05 9.0e-01 9.0e-01 3.00e-01
 6 1.4e+15 5.2e-87 1.0e-06 +1.39e+11 -1.39e+04 9.0e-01 9.0e-01 3.00e-01
 7 2.1e+14 6.0e-87 1.0e-07 +2.13e+11 -1.39e+03 9.0e-01 9.0e-01 3.00e-01
 8 3.3e+13 6.9e-87 1.0e-08 +3.29e+11 -1.39e+02 9.0e-01 9.0e-01 3.00e-01
 9 5.1e+12 8.6e-87 1.0e-09 +5.05e+11 -1.40e+01 9.0e-01 9.0e-01 3.00e-01
10 8.4e+11 1.0e-86 1.0e-10 +7.67e+11 -1.51e+00 9.0e-01 9.0e-01 3.00e-01
11 2.0e+11 1.0e-86 1.0e-11 +1.03e+12 -2.68e-01 1.5e+00 9.7e-01 3.00e-01
12 4.9e+10 1.0e-86 3.5e-13 +5.50e+11 -1.61e-01 1.1e+00 1.0e+00 3.00e-01
13 1.2e+10 8.6e-87 2.6e-94 +1.38e+11 -2.07e-01 9.7e-01 9.7e-01 1.00e-01
14 1.5e+09 6.9e-87 5.2e-94 +1.74e+10 -2.09e-01 9.9e-01 9.9e-01 1.00e-01
15 1.5e+08 5.2e-87 2.4e-93 +1.85e+09 -2.12e-01 1.0e+00 1.0e+00 1.00e-01
16 1.5e+07 5.2e-87 5.2e-93 +1.85e+08 -2.14e-01 1.0e+00 1.0e+00 1.00e-01
17 1.5e+06 7.8e-87 1.2e-92 +1.85e+07 -2.16e-01 1.0e+00 1.0e+00 1.00e-01
18 1.5e+05 8.6e-87 3.7e-92 +1.85e+06 -2.18e-01 1.0e+00 1.0e+00 1.00e-01
19 1.5e+04 8.6e-87 1.6e-91 +1.85e+05 -2.19e-01 1.0e+00 1.0e+00 1.00e-01
20 1.5e+03 1.0e-86 4.2e-91 +1.85e+04 -2.21e-01 1.0e+00 1.0e+00 1.00e-01
21 1.5e+02 1.1e-86 1.6e-90 +1.85e+03 -2.22e-01 1.0e+00 1.0e+00 1.00e-01
22 1.5e+01 1.0e-86 5.2e-90 +1.85e+02 -2.23e-01 1.0e+00 9.0e+01 1.00e-01
23 1.6e+00 1.3e-86 3.0e-87 +1.86e+01 -2.13e-01 9.9e-01 1.3e+01 1.00e-01
24 1.7e-01 1.6e-86 3.4e-86 +1.91e+00 -1.01e-01 9.5e-01 2.9e+00 1.00e-01
25 2.1e-02 1.4e-86 6.5e-86 +2.06e-01 -4.00e-02 9.2e-01 1.2e+00 1.00e-01
26 3.0e-03 1.4e-86 1.0e-86 +2.26e-02 -1.34e-02 8.9e-01 1.0e+00 1.00e-01
27 4.9e-04 1.4e-86 1.1e-88 +2.52e-03 -3.42e-03 8.9e-01 9.6e-01 1.00e-01
28 8.1e-05 1.4e-86 6.3e-90 +2.73e-04 -7.00e-04 8.8e-01 9.6e-01 1.00e-01
29 1.3e-05 1.4e-86 2.9e-90 +1.82e-05 -1.34e-04 1.0e+00 9.4e-01 1.00e-01
30 1.8e-06 1.4e-86 4.3e-90 -9.60e-06 -3.13e-05 1.0e+00 9.8e-01 1.00e-01
31 2.1e-07 1.4e-86 5.3e-90 -1.24e-05 -1.49e-05 1.0e+00 9.9e-01 1.00e-01
32 2.2e-08 1.4e-86 1.8e-90 -1.27e-05 -1.30e-05 1.0e+00 9.9e-01 1.00e-01
33 2.2e-09 1.4e-86 2.0e-91 -1.27e-05 -1.28e-05 1.0e+00 9.9e-01 1.00e-01
34 2.2e-10 1.4e-86 1.6e-91 -1.27e-05 -1.27e-05 1.0e+00 9.9e-01 1.00e-01
35 2.2e-11 1.4e-86 1.4e-91 -1.27e-05 -1.27e-05 1.0e+00 9.9e-01 1.00e-01
36 2.2e-12 1.4e-86 1.0e-91 -1.27e-05 -1.27e-05 1.0e+00 9.9e-01 1.00e-01
37 2.2e-13 1.4e-86 7.3e-92 -1.27e-05 -1.27e-05 1.0e+00 9.9e-01 1.00e-01
38 2.2e-14 1.4e-86 1.1e-91 -1.27e-05 -1.27e-05 1.0e+00 9.9e-01 1.00e-01
39 2.2e-15 1.4e-86 1.2e-91 -1.27e-05 -1.27e-05 1.0e+00 9.9e-01 1.00e-01
40 2.2e-16 1.4e-86 5.8e-92 -1.27e-05 -1.27e-05 1.0e+00 9.9e-01 1.00e-01
41 2.2e-17 1.4e-86 5.7e-92 -1.27e-05 -1.27e-05 1.0e+00 9.9e-01 1.00e-01
42 2.2e-18 1.4e-86 2.9e-91 -1.27e-05 -1.27e-05 1.0e+00 9.9e-01 1.00e-01
43 2.2e-19 1.4e-86 4.5e-90 -1.27e-05 -1.27e-05 1.0e+00 9.9e-01 1.00e-01
44 2.2e-20 1.4e-86 4.0e-89 -1.27e-05 -1.27e-05 1.0e+00 9.9e-01 1.00e-01
45 2.2e-21 1.4e-86 8.1e-81 -1.27e-05 -1.27e-05 1.0e+00 9.9e-01 1.00e-01
46 2.2e-22 1.4e-86 2.6e-81 -1.27e-05 -1.27e-05 1.0e+00 9.9e-01 1.00e-01
47 2.2e-23 1.4e-86 1.1e-81 -1.27e-05 -1.27e-05 1.0e+00 9.9e-01 1.00e-01
48 2.2e-24 1.4e-86 7.9e-82 -1.27e-05 -1.27e-05 1.0e+00 9.9e-01 1.00e-01
49 2.2e-25 1.4e-86 2.3e-82 -1.27e-05 -1.27e-05 1.0e+00 9.9e-01 1.00e-01
50 2.2e-26 1.4e-86 1.2e-82 -1.27e-05 -1.27e-05 1.0e+00 9.9e-01 1.00e-01
51 2.2e-27 1.4e-86 4.8e-82 -1.27e-05 -1.27e-05 1.0e+00 9.9e-01 1.00e-01
52 2.2e-28 1.4e-86 3.6e-81 -1.27e-05 -1.27e-05 1.0e+00 9.9e-01 1.00e-01
53 2.2e-29 1.4e-86 3.6e-80 -1.27e-05 -1.27e-05 1.0e+00 9.9e-01 1.00e-01
54 2.2e-30 1.4e-86 2.6e-79 -1.27e-05 -1.27e-05 1.0e+00 9.9e-01 1.00e-01
55 2.2e-31 1.4e-86 1.4e-78 -1.27e-05 -1.27e-05 1.0e+00 9.9e-01 1.00e-01
56 2.2e-32 1.4e-86 1.3e-77 -1.27e-05 -1.27e-05 1.0e+00 9.9e-01 1.00e-01

phase.value = pdOPT     
   Iteration = 56
          mu = 2.1749578818359790e-32
relative gap = 2.6099494582031748e-31
         gap = 2.6099494582031748e-31
      digits = 2.5688419775262592e+01
objValPrimal = -1.2736551985284104e-05
objValDual   = -1.2736551985284104e-05
p.feas.error = 1.3947914634234494e-76
d.feas.error = 1.5278435967321095e-66
relative eps = 8.6361685550944446e-78
total time   = 0.100


Parameters are
maxIteration =    200
epsilonStar  = 1.000e-30
lambdaStar   = 1.000e+10
omegaStar    = 2.000e+00
lowerBound   = -1.000e+05
upperBound   = 1.000e+05
betaStar     = 1.000e-01
betaBar      = 3.000e-01
gammaStar    = 9.000e-01
epsilonDash  = 1.000e-30
precision    =    200

                         Time(sec)  Ratio(% : MainLoop) 
 Predictor time  =       0.040000,  40.000000
 Corrector time  =       0.010000,  10.000000
 Make bMat time  =       0.030000,  30.000000
 Make bDia time  =       0.000000,  0.000000
 Make bF1  time  =       0.020000,  20.000000
 Make bF2  time  =       0.010000,  10.000000
 Make bF3  time  =       0.000000,  0.000000
 Make bPRE time  =       0.020000,  20.000000
 Make rMat time  =       0.010000,  10.000000
 Make gVec Mul   =       0.000000,  0.000000
 Make gVec time  =       0.000000,  0.000000
 Cholesky bMat   =       0.000000,  0.000000
 Ste Pre time    =       0.010000,  10.000000
 Ste Cor time    =       0.040000,  40.000000
 solve           =       0.000000,  0.000000
 sumDz           =       0.000000,  0.000000
 makedX          =       0.010000,  10.000000
 symmetriseDx    =       0.000000,  0.000000
 makedXdZ        =       0.010000,  10.000000
 xMatTime        =       0.000000,  0.000000
 zMatTime        =       0.000000,  0.000000
 invzMatTime     =       0.000000,  0.000000
 xMatzMatTime    =       0.000000,  0.000000
 EigxMatTime     =       0.020000,  20.000000
 EigzMatTime     =       0.020000,  20.000000
 EigxMatzMatTime =       0.000000,  0.000000
 updateRes       =       0.000000,  0.000000
 EigTime         =       0.040000,  40.000000
 sub_total_bMat  =       0.070000,  70.000000
 Main Loop       =       0.100000,  100.000000
 File Check      =       0.000000,  0.000000
 File Change     =       0.000000,  0.000000
 File Read       =       0.000000,  0.000000
 Total           =       0.100000,  100.000000

xVec = 
{+1.273655198528e-05,+6.532181852042e-01,+5.166987841908e-01,+4.331554979025e-01,+3.808406922321e-01,+3.530490724627e-01,+3.483517100373e-01,+3.689673204552e-01}
xMat = 
{
{ {+9.999872634480e-01,+6.532181852042e-01,+5.166987841908e-01,+4.331554979025e-01,+3.808406922321e-01,+3.530490724627e-01 },
  {+6.532181852042e-01,+5.166860476388e-01,+4.331554979025e-01,+3.808406922321e-01,+3.530490724627e-01,+3.483517100373e-01 },
  {+5.166987841908e-01,+4.331554979025e-01,+3.808279556801e-01,+3.530490724627e-01,+3.483517100373e-01,+3.689673204552e-01 },
  {+4.331554979025e-01,+3.808406922321e-01,+3.530490724627e-01,+3.483389734853e-01,+3.689673204552e-01,+4.211835883590e-01 },
  {+3.808406922321e-01,+3.530490724627e-01,+3.483517100373e-01,+3.689673204552e-01,+4.211708518070e-01,+5.175125129859e-01 },
  {+3.530490724627e-01,+3.483517100373e-01,+3.689673204552e-01,+4.211835883590e-01,+5.175125129859e-01,+6.834668699769e-01 }   }
{ {+6.532054486522e-01,+5.166987841908e-01,+4.331554979025e-01,+3.808406922321e-01,+3.530490724627e-01,+3.483517100373e-01 },
  {+5.166987841908e-01,+4.331427613506e-01,+3.808406922321e-01,+3.530490724627e-01,+3.483517100373e-01,+3.689673204552e-01 },
  {+4.331554979025e-01,+3.808406922321e-01,+3.530363359107e-01,+3.483517100373e-01,+3.689673204552e-01,+4.211835883590e-01 },
  {+3.808406922321e-01,+3.530490724627e-01,+3.483517100373e-01,+3.689545839032e-01,+4.211835883590e-01,+5.175125129859e-01 },
  {+3.530490724627e-01,+3.483517100373e-01,+3.689673204552e-01,+4.211835883590e-01,+5.174997764339e-01,+6.834796065289e-01 },
  {+3.483517100373e-01,+3.689673204552e-01,+4.211835883590e-01,+5.175125129859e-01,+6.834796065289e-01,+1.007712380191e+00 }   }
}
yMat = 
{
{ {+2.447713919705e-05,-5.213297968123e-04,+1.908188214719e-03,-2.542831901340e-03,+1.344804592774e-03,-2.283193874090e-04 },
  {-5.213297968123e-04,+1.110361610711e-02,-4.064181546098e-02,+5.415886341053e-02,-2.864251003597e-02,+4.862892631694e-03 },
  {+1.908188214719e-03,-4.064181546098e-02,+1.487584898496e-01,-1.982340267417e-01,+1.048382433246e-01,-1.779931718075e-02 },
  {-2.542831901340e-03,+5.415886341053e-02,-1.982340267417e-01,+2.641646160697e-01,-1.397063599649e-01,+2.371918618938e-02 },
  {+1.344804592774e-03,-2.864251003597e-02,+1.048382433246e-01,-1.397063599649e-01,+7.388524362211e-02,-1.254415225306e-02 },
  {-2.283193874090e-04,+4.862892631694e-03,-1.779931718075e-02,+2.371918618938e-02,-1.254415225306e-02,+2.129731838642e-03 }   }
{ {+1.006420837959e-03,-7.415339843712e-03,+1.582797143490e-02,-1.336043944321e-02,+4.248023576297e-03,-2.682263806924e-04 },
  {-7.415339843712e-03,+5.463645318516e-02,-1.166209827932e-01,+9.844013080416e-02,-3.129956902146e-02,+1.976300264128e-03 },
  {+1.582797143490e-02,-1.166209827932e-01,+2.489263638977e-01,-2.101195105357e-01,+6.680862844291e-02,-4.218393868210e-03 },
  {-1.336043944321e-02,+9.844013080416e-02,-2.101195105357e-01,+1.773625260758e-01,-5.639336905975e-02,+3.560759258104e-03 },
  {+4.248023576297e-03,-3.129956902146e-02,+6.680862844291e-02,-5.639336905975e-02,+1.793057498826e-02,-1.132162556646e-03 },
  {-2.682263806924e-04,+1.976300264128e-03,-4.218393868210e-03,+3.560759258104e-03,-1.132162556646e-03,+7.148638878066e-05 }   }
}
    main loop time = 0.100000
        total time = 0.100000
  file   read time = 0.000000
