SDPA-GMP start at Wed Jun  5 23:35:12 2024
*SDP Scan Problem: V = x^2 - 2*x^4 + x^8
* K = 6; eval = 2.2613065326633173; Domain = R+ with BCs: Neumann
data      is /Users/gorg/qmBoot/data/K=6_BC-Neumann_V_0.0_0.0_1.0_0.0_-2.0_0.0_0.0_0.0_1.0/e=2.2613065326633173_K=6_D=R+.dat
parameter is ./param.sdpa
out       is /Users/gorg/qmBoot/data/K=6_BC-Neumann_V_0.0_0.0_1.0_0.0_-2.0_0.0_0.0_0.0_1.0/e=2.2613065326633173_K=6_D=R+.out
DENSE computation
   mu      thetaP  thetaD  objP      objD      alphaP  alphaD  beta 
 0 1.0e+20 1.0e+00 1.0e+00 +0.00e+00 -1.67e+10 1.0e+00 9.0e-01 3.00e-01
 1 1.6e+19 8.6e-88 1.0e-01 +1.60e+10 -1.67e+09 9.0e-01 9.0e-01 3.00e-01
 2 2.5e+18 2.6e-87 1.0e-02 +2.46e+10 -1.67e+08 9.0e-01 9.0e-01 3.00e-01
 3 3.8e+17 2.6e-87 1.0e-03 +3.79e+10 -1.67e+07 9.0e-01 9.0e-01 3.00e-01
 4 5.8e+16 4.3e-87 1.0e-04 +5.84e+10 -1.67e+06 9.0e-01 9.0e-01 3.00e-01
 5 9.0e+15 3.5e-87 1.0e-05 +9.00e+10 -1.67e+05 9.0e-01 9.0e-01 3.00e-01
 6 1.4e+15 6.0e-87 1.0e-06 +1.39e+11 -1.67e+04 9.0e-01 9.0e-01 3.00e-01
 7 2.1e+14 6.0e-87 1.0e-07 +2.13e+11 -1.67e+03 9.0e-01 9.0e-01 3.00e-01
 8 3.3e+13 6.9e-87 1.0e-08 +3.29e+11 -1.67e+02 9.0e-01 9.0e-01 3.00e-01
 9 5.1e+12 7.8e-87 1.0e-09 +5.05e+11 -1.68e+01 9.0e-01 9.0e-01 3.00e-01
10 8.4e+11 8.6e-87 1.0e-10 +7.66e+11 -1.81e+00 8.9e-01 8.9e-01 3.00e-01
11 2.0e+11 7.8e-87 1.1e-11 +1.03e+12 -3.12e-01 1.6e+00 9.4e-01 3.00e-01
12 5.0e+10 7.8e-87 5.9e-13 +5.33e+11 -1.77e-01 1.1e+00 1.0e+00 3.00e-01
13 1.2e+10 6.9e-87 2.5e-94 +1.46e+11 -2.48e-01 9.7e-01 9.7e-01 1.00e-01
14 1.5e+09 6.0e-87 5.2e-94 +1.83e+10 -2.51e-01 9.9e-01 9.9e-01 1.00e-01
15 1.6e+08 6.9e-87 1.4e-93 +1.94e+09 -2.53e-01 1.0e+00 1.0e+00 1.00e-01
16 1.6e+07 6.0e-87 4.2e-93 +1.94e+08 -2.55e-01 1.0e+00 1.0e+00 1.00e-01
17 1.6e+06 8.6e-87 1.6e-92 +1.94e+07 -2.57e-01 1.0e+00 1.0e+00 1.00e-01
18 1.6e+05 1.0e-86 3.6e-92 +1.94e+06 -2.59e-01 1.0e+00 1.0e+00 1.00e-01
19 1.6e+04 1.0e-86 1.3e-91 +1.94e+05 -2.61e-01 1.0e+00 1.0e+00 1.00e-01
20 1.6e+03 1.2e-86 4.8e-91 +1.94e+04 -2.62e-01 1.0e+00 1.0e+00 1.00e-01
21 1.6e+02 1.5e-86 1.2e-90 +1.94e+03 -2.63e-01 1.0e+00 1.0e+00 1.00e-01
22 1.6e+01 1.5e-86 4.5e-90 +1.94e+02 -2.64e-01 1.0e+00 9.0e+01 1.00e-01
23 1.6e+00 1.6e-86 2.8e-87 +1.95e+01 -2.25e-01 9.9e-01 1.5e+01 1.00e-01
24 1.8e-01 1.7e-86 3.8e-86 +2.02e+00 -1.10e-01 9.5e-01 2.1e+00 1.00e-01
25 2.2e-02 1.7e-86 4.2e-86 +2.18e-01 -4.95e-02 9.0e-01 1.1e+00 1.00e-01
26 3.8e-03 1.6e-86 4.1e-87 +2.68e-02 -1.84e-02 9.1e-01 9.3e-01 1.00e-01
27 6.7e-04 1.6e-86 2.9e-88 +2.87e-03 -5.17e-03 9.2e-01 9.5e-01 1.00e-01
28 1.0e-04 1.6e-86 7.2e-89 +2.75e-04 -9.58e-04 9.4e-01 9.7e-01 1.00e-01
29 1.3e-05 1.6e-86 1.4e-89 +1.24e-05 -1.48e-04 1.0e+00 9.5e-01 1.00e-01
30 1.8e-06 1.6e-86 6.0e-89 -1.48e-05 -3.65e-05 1.0e+00 9.8e-01 1.00e-01
31 2.1e-07 1.6e-86 7.1e-89 -1.77e-05 -2.02e-05 1.0e+00 9.8e-01 1.00e-01
32 2.3e-08 1.6e-86 1.5e-85 -1.80e-05 -1.82e-05 1.1e+00 9.9e-01 1.00e-01
33 2.3e-09 1.6e-86 1.3e-87 -1.80e-05 -1.80e-05 1.1e+00 9.9e-01 1.00e-01
34 2.4e-10 1.6e-86 1.0e-89 -1.80e-05 -1.80e-05 1.1e+00 9.9e-01 1.00e-01
35 2.4e-11 1.6e-86 3.2e-89 -1.80e-05 -1.80e-05 1.1e+00 9.9e-01 1.00e-01
36 2.4e-12 1.6e-86 1.2e-89 -1.80e-05 -1.80e-05 1.1e+00 9.9e-01 1.00e-01
37 2.4e-13 1.6e-86 2.0e-89 -1.80e-05 -1.80e-05 1.1e+00 9.9e-01 1.00e-01
38 2.4e-14 1.6e-86 2.3e-89 -1.80e-05 -1.80e-05 1.1e+00 9.9e-01 1.00e-01
39 2.4e-15 1.6e-86 3.0e-89 -1.80e-05 -1.80e-05 1.1e+00 9.9e-01 1.00e-01
40 2.4e-16 1.6e-86 5.6e-90 -1.80e-05 -1.80e-05 1.1e+00 9.9e-01 1.00e-01
41 2.4e-17 1.6e-86 2.5e-90 -1.80e-05 -1.80e-05 1.1e+00 9.9e-01 1.00e-01
42 2.4e-18 1.6e-86 9.7e-90 -1.80e-05 -1.80e-05 1.1e+00 9.9e-01 1.00e-01
43 2.4e-19 1.6e-86 1.9e-89 -1.80e-05 -1.80e-05 1.1e+00 9.9e-01 1.00e-01
44 2.4e-20 1.6e-86 2.5e-89 -1.80e-05 -1.80e-05 1.1e+00 9.9e-01 1.00e-01
45 2.4e-21 1.6e-86 8.3e-80 -1.80e-05 -1.80e-05 1.1e+00 9.9e-01 1.00e-01
46 2.4e-22 1.6e-86 6.5e-80 -1.80e-05 -1.80e-05 1.1e+00 9.9e-01 1.00e-01
47 2.4e-23 1.6e-86 4.3e-80 -1.80e-05 -1.80e-05 1.1e+00 9.9e-01 1.00e-01
48 2.4e-24 1.6e-86 1.1e-80 -1.80e-05 -1.80e-05 1.1e+00 9.9e-01 1.00e-01
49 2.4e-25 1.6e-86 3.9e-81 -1.80e-05 -1.80e-05 1.1e+00 9.9e-01 1.00e-01
50 2.4e-26 1.6e-86 1.4e-81 -1.80e-05 -1.80e-05 1.1e+00 9.9e-01 1.00e-01
51 2.4e-27 1.6e-86 3.2e-82 -1.80e-05 -1.80e-05 1.1e+00 9.9e-01 1.00e-01
52 2.4e-28 1.6e-86 4.6e-82 -1.80e-05 -1.80e-05 1.1e+00 9.9e-01 1.00e-01
53 2.4e-29 1.6e-86 9.0e-81 -1.80e-05 -1.80e-05 1.1e+00 9.9e-01 1.00e-01
54 2.4e-30 1.6e-86 9.9e-80 -1.80e-05 -1.80e-05 1.1e+00 9.9e-01 1.00e-01
55 2.4e-31 1.6e-86 6.5e-79 -1.80e-05 -1.80e-05 1.1e+00 9.9e-01 1.00e-01
56 2.4e-32 1.6e-86 1.4e-78 -1.80e-05 -1.80e-05 1.1e+00 9.9e-01 1.00e-01

phase.value = pdOPT     
   Iteration = 56
          mu = 2.3535117766739109e-32
relative gap = 2.8242141320086931e-31
         gap = 2.8242141320086931e-31
      digits = 2.5804436642356048e+01
objValPrimal = -1.8002559882622022e-05
objValDual   = -1.8002559882622022e-05
p.feas.error = 1.6408720254679445e-76
d.feas.error = 1.6712330048561081e-67
relative eps = 8.6361685550944446e-78
total time   = 0.100


Parameters are
maxIteration =    200
epsilonStar  = 1.000e-30
lambdaStar   = 1.000e+10
omegaStar    = 2.000e+00
lowerBound   = -1.000e+05
upperBound   = 1.000e+05
betaStar     = 1.000e-01
betaBar      = 3.000e-01
gammaStar    = 9.000e-01
epsilonDash  = 1.000e-30
precision    =    200

                         Time(sec)  Ratio(% : MainLoop) 
 Predictor time  =       0.040000,  40.000000
 Corrector time  =       0.010000,  10.000000
 Make bMat time  =       0.020000,  20.000000
 Make bDia time  =       0.000000,  0.000000
 Make bF1  time  =       0.010000,  10.000000
 Make bF2  time  =       0.010000,  10.000000
 Make bF3  time  =       0.000000,  0.000000
 Make bPRE time  =       0.010000,  10.000000
 Make rMat time  =       0.000000,  0.000000
 Make gVec Mul   =       0.000000,  0.000000
 Make gVec time  =       0.010000,  10.000000
 Cholesky bMat   =       0.010000,  10.000000
 Ste Pre time    =       0.000000,  0.000000
 Ste Cor time    =       0.050000,  50.000000
 solve           =       0.000000,  0.000000
 sumDz           =       0.000000,  0.000000
 makedX          =       0.010000,  10.000000
 symmetriseDx    =       0.000000,  0.000000
 makedXdZ        =       0.010000,  10.000000
 xMatTime        =       0.000000,  0.000000
 zMatTime        =       0.000000,  0.000000
 invzMatTime     =       0.000000,  0.000000
 xMatzMatTime    =       0.000000,  0.000000
 EigxMatTime     =       0.020000,  20.000000
 EigzMatTime     =       0.030000,  30.000000
 EigxMatzMatTime =       0.000000,  0.000000
 updateRes       =       0.000000,  0.000000
 EigTime         =       0.050000,  50.000000
 sub_total_bMat  =       0.080000,  80.000000
 Main Loop       =       0.100000,  100.000000
 File Check      =       0.000000,  0.000000
 File Change     =       0.000000,  0.000000
 File Read       =       0.000000,  0.000000
 Total           =       0.100000,  100.000000

xVec = 
{+1.800255988262e-05,+5.688363879060e-01,+4.855281644241e-01,+4.752071580188e-01,+4.994659430339e-01,+5.488384615591e-01,+6.222665413193e-01,+7.228689755762e-01}
xMat = 
{
{ {+9.999819974401e-01,+5.688363879060e-01,+4.855281644241e-01,+4.752071580188e-01,+4.994659430339e-01,+5.488384615591e-01 },
  {+5.688363879060e-01,+4.855101618643e-01,+4.752071580188e-01,+4.994659430339e-01,+5.488384615591e-01,+6.222665413193e-01 },
  {+4.855281644241e-01,+4.752071580188e-01,+4.994479404740e-01,+5.488384615591e-01,+6.222665413193e-01,+7.228689755762e-01 },
  {+4.752071580188e-01,+4.994659430339e-01,+5.488384615591e-01,+6.222485387594e-01,+7.228689755762e-01,+8.574091724037e-01 },
  {+4.994659430339e-01,+5.488384615591e-01,+6.222665413193e-01,+7.228689755762e-01,+8.573911698438e-01,+1.037891904536e+00 },
  {+5.488384615591e-01,+6.222665413193e-01,+7.228689755762e-01,+8.574091724037e-01,+1.037891904536e+00,+1.288351379022e+00 }   }
{ {+5.688183853461e-01,+4.855281644241e-01,+4.752071580188e-01,+4.994659430339e-01,+5.488384615591e-01,+6.222665413193e-01 },
  {+4.855281644241e-01,+4.751891554589e-01,+4.994659430339e-01,+5.488384615591e-01,+6.222665413193e-01,+7.228689755762e-01 },
  {+4.752071580188e-01,+4.994659430339e-01,+5.488204589993e-01,+6.222665413193e-01,+7.228689755762e-01,+8.574091724037e-01 },
  {+4.994659430339e-01,+5.488384615591e-01,+6.222665413193e-01,+7.228509730163e-01,+8.574091724037e-01,+1.037891904536e+00 },
  {+5.488384615591e-01,+6.222665413193e-01,+7.228689755762e-01,+8.574091724037e-01,+1.037873901976e+00,+1.288369381581e+00 },
  {+6.222665413193e-01,+7.228689755762e-01,+8.574091724037e-01,+1.037891904536e+00,+1.288369381581e+00,+1.705183238658e+00 }   }
}
yMat = 
{
{ {+2.429666377164e-05,-4.862938460235e-04,+1.856867974780e-03,-2.547367111871e-03,+1.385602548424e-03,-2.382677197849e-04 },
  {-4.862938460235e-04,+9.733093683270e-03,-3.716491603541e-02,+5.098514601462e-02,-2.773261377225e-02,+4.768890368096e-03 },
  {+1.856867974780e-03,-3.716491603541e-02,+1.419107869365e-01,-1.946820540671e-01,+1.058944150574e-01,-1.820956582561e-02 },
  {-2.547367111871e-03,+5.098514601462e-02,-1.946820540671e-01,+2.670769642956e-01,-1.452725524440e-01,+2.498101627883e-02 },
  {+1.385602548424e-03,-2.773261377225e-02,+1.058944150574e-01,-1.452725524440e-01,+7.901884967603e-02,-1.358805319299e-02 },
  {-2.382677197849e-04,+4.768890368096e-03,-1.820956582561e-02,+2.498101627883e-02,-1.358805319299e-02,+2.336596778269e-03 }   }
{ {+8.790024104721e-04,-6.631116349643e-03,+1.467086184700e-02,-1.273566014588e-02,+4.143289342872e-03,-2.652650903882e-04 },
  {-6.631116349643e-03,+5.002455456167e-02,-1.106756826807e-01,+9.607669240804e-02,-3.125660791768e-02,+2.001136352877e-03 },
  {+1.467086184700e-02,-1.106756826807e-01,+2.448618852116e-01,-2.125626827693e-01,+6.915296797512e-02,-4.427368398031e-03 },
  {-1.273566014588e-02,+9.607669240804e-02,-2.125626827693e-01,+1.845239983634e-01,-6.003114932135e-02,+3.843363794573e-03 },
  {+4.143289342872e-03,-3.125660791768e-02,+6.915296797512e-02,-6.003114932135e-02,+1.952991979799e-02,-1.250360646282e-03 },
  {-2.652650903882e-04,+2.001136352877e-03,-4.427368398031e-03,+3.843363794573e-03,-1.250360646282e-03,+8.005162140666e-05 }   }
}
    main loop time = 0.100000
        total time = 0.100000
  file   read time = 0.000000
