SDPA-GMP start at Wed Jun  5 23:35:12 2024
*SDP Scan Problem: V = x^2 - 2*x^4 + x^8
* K = 6; eval = 3.9698492462311563; Domain = R+ with BCs: Neumann
data      is /Users/gorg/qmBoot/data/K=6_BC-Neumann_V_0.0_0.0_1.0_0.0_-2.0_0.0_0.0_0.0_1.0/e=3.9698492462311563_K=6_D=R+.dat
parameter is ./param.sdpa
out       is /Users/gorg/qmBoot/data/K=6_BC-Neumann_V_0.0_0.0_1.0_0.0_-2.0_0.0_0.0_0.0_1.0/e=3.9698492462311563_K=6_D=R+.out
DENSE computation
   mu      thetaP  thetaD  objP      objD      alphaP  alphaD  beta 
 0 1.0e+20 1.0e+00 1.0e+00 +0.00e+00 -2.01e+10 1.0e+00 9.0e-01 3.00e-01
 1 1.6e+19 8.6e-88 1.0e-01 +1.60e+10 -2.01e+09 9.0e-01 9.0e-01 3.00e-01
 2 2.5e+18 8.6e-88 1.0e-02 +2.46e+10 -2.01e+08 9.0e-01 9.0e-01 3.00e-01
 3 3.8e+17 1.7e-87 1.0e-03 +3.79e+10 -2.01e+07 9.0e-01 9.0e-01 3.00e-01
 4 5.8e+16 1.7e-87 1.0e-04 +5.84e+10 -2.01e+06 9.0e-01 9.0e-01 3.00e-01
 5 9.0e+15 1.7e-87 1.0e-05 +9.00e+10 -2.01e+05 9.0e-01 9.0e-01 3.00e-01
 6 1.4e+15 2.6e-87 1.0e-06 +1.39e+11 -2.01e+04 9.0e-01 9.0e-01 3.00e-01
 7 2.1e+14 3.5e-87 1.0e-07 +2.13e+11 -2.01e+03 9.0e-01 9.0e-01 3.00e-01
 8 3.3e+13 4.3e-87 1.0e-08 +3.29e+11 -2.01e+02 9.0e-01 9.0e-01 3.00e-01
 9 5.1e+12 5.2e-87 1.0e-09 +5.05e+11 -2.02e+01 9.0e-01 9.0e-01 3.00e-01
10 8.5e+11 5.2e-87 1.0e-10 +7.66e+11 -2.17e+00 8.9e-01 8.9e-01 3.00e-01
11 2.1e+11 5.2e-87 1.1e-11 +1.03e+12 -3.63e-01 1.7e+00 9.3e-01 3.00e-01
12 5.0e+10 6.0e-87 7.7e-13 +5.02e+11 -1.95e-01 1.2e+00 1.0e+00 3.00e-01
13 1.2e+10 6.0e-87 4.6e-94 +1.40e+11 -2.96e-01 9.7e-01 9.7e-01 1.00e-01
14 1.5e+09 6.0e-87 4.3e-94 +1.76e+10 -2.98e-01 9.9e-01 9.9e-01 1.00e-01
15 1.6e+08 6.9e-87 1.6e-93 +1.89e+09 -3.00e-01 1.0e+00 1.0e+00 1.00e-01
16 1.6e+07 8.6e-87 4.5e-93 +1.90e+08 -3.02e-01 1.0e+00 1.0e+00 1.00e-01
17 1.6e+06 8.6e-87 1.2e-92 +1.90e+07 -3.04e-01 1.0e+00 1.0e+00 1.00e-01
18 1.6e+05 1.2e-86 4.1e-92 +1.90e+06 -3.05e-01 1.0e+00 1.0e+00 1.00e-01
19 1.6e+04 1.5e-86 1.4e-91 +1.90e+05 -3.07e-01 1.0e+00 1.0e+00 1.00e-01
20 1.6e+03 1.5e-86 3.3e-91 +1.90e+04 -3.08e-01 1.0e+00 1.0e+00 1.00e-01
21 1.6e+02 1.8e-86 1.0e-90 +1.90e+03 -3.09e-01 1.0e+00 1.0e+00 1.00e-01
22 1.6e+01 1.9e-86 3.0e-90 +1.90e+02 -3.10e-01 1.0e+00 9.0e+01 1.00e-01
23 1.6e+00 1.9e-86 3.1e-87 +1.91e+01 -2.07e-01 9.8e-01 1.9e+01 1.00e-01
24 1.8e-01 2.2e-86 5.3e-86 +1.99e+00 -1.55e-01 9.4e-01 1.8e+00 1.00e-01
25 2.3e-02 2.2e-86 4.2e-86 +2.24e-01 -5.68e-02 8.9e-01 1.0e+00 1.00e-01
26 4.2e-03 2.2e-86 1.3e-87 +2.87e-02 -2.19e-02 9.0e-01 8.9e-01 1.00e-01
27 8.2e-04 2.1e-86 1.4e-88 +3.26e-03 -6.60e-03 9.3e-01 9.3e-01 1.00e-01
28 1.3e-04 2.2e-86 2.1e-89 +3.33e-04 -1.25e-03 9.5e-01 9.8e-01 1.00e-01
29 1.7e-05 2.2e-86 2.1e-89 +1.57e-05 -1.85e-04 1.0e+00 9.4e-01 1.00e-01
30 2.3e-06 2.2e-86 3.0e-89 -1.71e-05 -4.53e-05 1.0e+00 9.7e-01 1.00e-01
31 2.9e-07 2.1e-86 3.6e-88 -2.06e-05 -2.41e-05 1.0e+00 9.7e-01 1.00e-01
32 3.4e-08 2.1e-86 7.2e-88 -2.10e-05 -2.14e-05 1.1e+00 9.9e-01 1.00e-01
33 3.6e-09 2.1e-86 1.4e-88 -2.11e-05 -2.11e-05 1.1e+00 9.9e-01 1.00e-01
34 3.6e-10 2.1e-86 7.0e-89 -2.11e-05 -2.11e-05 1.1e+00 9.9e-01 1.00e-01
35 3.6e-11 2.2e-86 7.2e-89 -2.11e-05 -2.11e-05 1.1e+00 9.9e-01 1.00e-01
36 3.6e-12 2.1e-86 1.7e-89 -2.11e-05 -2.11e-05 1.1e+00 9.9e-01 1.00e-01
37 3.6e-13 2.2e-86 2.6e-89 -2.11e-05 -2.11e-05 1.1e+00 9.9e-01 1.00e-01
38 3.6e-14 2.2e-86 4.8e-89 -2.11e-05 -2.11e-05 1.1e+00 9.9e-01 1.00e-01
39 3.6e-15 2.1e-86 4.6e-90 -2.11e-05 -2.11e-05 1.1e+00 9.9e-01 1.00e-01
40 3.6e-16 2.1e-86 2.5e-90 -2.11e-05 -2.11e-05 1.1e+00 9.9e-01 1.00e-01
41 3.6e-17 2.1e-86 5.7e-89 -2.11e-05 -2.11e-05 1.1e+00 9.9e-01 1.00e-01
42 3.6e-18 2.1e-86 3.0e-89 -2.11e-05 -2.11e-05 1.1e+00 9.9e-01 1.00e-01
43 3.6e-19 2.0e-86 5.8e-89 -2.11e-05 -2.11e-05 1.1e+00 9.9e-01 1.00e-01
44 3.6e-20 2.1e-86 3.0e-89 -2.11e-05 -2.11e-05 1.1e+00 9.9e-01 1.00e-01
45 3.6e-21 2.2e-86 2.6e-79 -2.11e-05 -2.11e-05 1.1e+00 9.9e-01 1.00e-01
46 3.6e-22 2.0e-86 8.1e-80 -2.11e-05 -2.11e-05 1.1e+00 9.9e-01 1.00e-01
47 3.6e-23 2.0e-86 1.1e-79 -2.11e-05 -2.11e-05 1.1e+00 9.9e-01 1.00e-01
48 3.6e-24 2.2e-86 2.9e-80 -2.11e-05 -2.11e-05 1.1e+00 9.9e-01 1.00e-01
49 3.6e-25 2.1e-86 1.6e-80 -2.11e-05 -2.11e-05 1.1e+00 9.9e-01 1.00e-01
50 3.6e-26 2.0e-86 4.8e-81 -2.11e-05 -2.11e-05 1.1e+00 9.9e-01 1.00e-01
51 3.6e-27 2.2e-86 1.1e-81 -2.11e-05 -2.11e-05 1.1e+00 9.9e-01 1.00e-01
52 3.6e-28 2.1e-86 5.2e-82 -2.11e-05 -2.11e-05 1.1e+00 9.9e-01 1.00e-01
53 3.6e-29 2.2e-86 6.3e-81 -2.11e-05 -2.11e-05 1.1e+00 9.9e-01 1.00e-01
54 3.6e-30 2.2e-86 3.7e-80 -2.11e-05 -2.11e-05 1.1e+00 9.9e-01 1.00e-01
55 3.6e-31 2.1e-86 8.0e-79 -2.11e-05 -2.11e-05 1.1e+00 9.9e-01 1.00e-01
56 3.6e-32 2.1e-86 5.5e-78 -2.11e-05 -2.11e-05 1.1e+00 9.9e-01 1.00e-01

phase.value = pdOPT     
   Iteration = 56
          mu = 3.6450961835135986e-32
relative gap = 4.3741154202163183e-31
         gap = 4.3741154202163183e-31
      digits = 2.5682574464796097e+01
objValPrimal = -2.1060307278038999e-05
objValDual   = -2.1060307278038999e-05
p.feas.error = 2.0726804532226667e-76
d.feas.error = 6.6442538018398659e-67
relative eps = 8.6361685550944446e-78
total time   = 0.110


Parameters are
maxIteration =    200
epsilonStar  = 1.000e-30
lambdaStar   = 1.000e+10
omegaStar    = 2.000e+00
lowerBound   = -1.000e+05
upperBound   = 1.000e+05
betaStar     = 1.000e-01
betaBar      = 3.000e-01
gammaStar    = 9.000e-01
epsilonDash  = 1.000e-30
precision    =    200

                         Time(sec)  Ratio(% : MainLoop) 
 Predictor time  =       0.020000,  18.181818
 Corrector time  =       0.000000,  0.000000
 Make bMat time  =       0.010000,  9.090909
 Make bDia time  =       0.000000,  0.000000
 Make bF1  time  =       0.010000,  9.090909
 Make bF2  time  =       0.000000,  0.000000
 Make bF3  time  =       0.000000,  0.000000
 Make bPRE time  =       0.010000,  9.090909
 Make rMat time  =       0.000000,  0.000000
 Make gVec Mul   =       0.000000,  0.000000
 Make gVec time  =       0.000000,  0.000000
 Cholesky bMat   =       0.010000,  9.090909
 Ste Pre time    =       0.000000,  0.000000
 Ste Cor time    =       0.070000,  63.636364
 solve           =       0.000000,  0.000000
 sumDz           =       0.000000,  0.000000
 makedX          =       0.000000,  0.000000
 symmetriseDx    =       0.000000,  0.000000
 makedXdZ        =       0.000000,  0.000000
 xMatTime        =       0.010000,  9.090909
 zMatTime        =       0.010000,  9.090909
 invzMatTime     =       0.000000,  0.000000
 xMatzMatTime    =       0.000000,  0.000000
 EigxMatTime     =       0.050000,  45.454545
 EigzMatTime     =       0.010000,  9.090909
 EigxMatzMatTime =       0.000000,  0.000000
 updateRes       =       0.000000,  0.000000
 EigTime         =       0.060000,  54.545455
 sub_total_bMat  =       0.100000,  90.909091
 Main Loop       =       0.110000,  100.000000
 File Check      =       0.000000,  0.000000
 File Change     =       0.000000,  0.000000
 File Read       =       0.000000,  0.000000
 Total           =       0.110000,  100.000000

xVec = 
{+2.106030727804e-05,+6.432624971752e-01,+5.920087777575e-01,+6.189636503370e-01,+6.894559091779e-01,+7.963584522122e-01,+9.418097558594e-01,+1.133446207028e+00}
xMat = 
{
{ {+9.999789396927e-01,+6.432624971752e-01,+5.920087777575e-01,+6.189636503370e-01,+6.894559091779e-01,+7.963584522122e-01 },
  {+6.432624971752e-01,+5.919877174503e-01,+6.189636503370e-01,+6.894559091779e-01,+7.963584522122e-01,+9.418097558594e-01 },
  {+5.920087777575e-01,+6.189636503370e-01,+6.894348488707e-01,+7.963584522122e-01,+9.418097558594e-01,+1.133446207028e+00 },
  {+6.189636503370e-01,+6.894559091779e-01,+7.963584522122e-01,+9.417886955521e-01,+1.133446207028e+00,+1.384513429157e+00 },
  {+6.894559091779e-01,+7.963584522122e-01,+9.418097558594e-01,+1.133446207028e+00,+1.384492368849e+00,+1.716952328949e+00 },
  {+7.963584522122e-01,+9.418097558594e-01,+1.133446207028e+00,+1.384513429157e+00,+1.716952328949e+00,+2.172954757166e+00 }   }
{ {+6.432414368679e-01,+5.920087777575e-01,+6.189636503370e-01,+6.894559091779e-01,+7.963584522122e-01,+9.418097558594e-01 },
  {+5.920087777575e-01,+6.189425900297e-01,+6.894559091779e-01,+7.963584522122e-01,+9.418097558594e-01,+1.133446207028e+00 },
  {+6.189636503370e-01,+6.894559091779e-01,+7.963373919049e-01,+9.418097558594e-01,+1.133446207028e+00,+1.384513429157e+00 },
  {+6.894559091779e-01,+7.963584522122e-01,+9.418097558594e-01,+1.133425146721e+00,+1.384513429157e+00,+1.716952328949e+00 },
  {+7.963584522122e-01,+9.418097558594e-01,+1.133446207028e+00,+1.384513429157e+00,+1.716931268642e+00,+2.172975817473e+00 },
  {+9.418097558594e-01,+1.133446207028e+00,+1.384513429157e+00,+1.716952328949e+00,+2.172975817473e+00,+2.913467280851e+00 }   }
}
yMat = 
{
{ {+3.853537800634e-05,-6.848630132127e-04,+2.448243096030e-03,-3.172686912486e-03,+1.634302393919e-03,-2.641660257753e-04 },
  {-6.848630132127e-04,+1.217160363107e-02,-4.351095618028e-02,+5.638600245490e-02,-2.904534274494e-02,+4.694842759064e-03 },
  {+2.448243096030e-03,-4.351095618028e-02,+1.555426355562e-01,-2.015682531538e-01,+1.038310705575e-01,-1.678308822360e-02 },
  {-3.172686912486e-03,+5.638600245490e-02,-2.015682531538e-01,+2.612130142594e-01,-1.345550526422e-01,+2.174926356147e-02 },
  {+1.634302393919e-03,-2.904534274494e-02,+1.038310705575e-01,-1.345550526422e-01,+6.931148604093e-02,-1.120339777763e-02 },
  {-2.641660257753e-04,+4.694842759064e-03,-1.678308822360e-02,+2.174926356147e-02,-1.120339777763e-02,+1.810899303036e-03 }   }
{ {+1.216136932394e-03,-8.413078513117e-03,+1.755170338116e-02,-1.442003105269e-02,+4.430709581106e-03,-2.675456878290e-04 },
  {-8.413078513117e-03,+5.820059253404e-02,-1.214204212135e-01,+9.975591578246e-02,-3.065107767206e-02,+1.850846576232e-03 },
  {+1.755170338116e-02,-1.214204212135e-01,+2.533121751132e-01,-2.081148109577e-01,+6.394551325940e-02,-3.861310703260e-03 },
  {-1.442003105269e-02,+9.975591578246e-02,-2.081148109577e-01,+1.709818113583e-01,-5.253599988878e-02,+3.172354217474e-03 },
  {+4.430709581106e-03,-3.065107767206e-02,+6.394551325940e-02,-5.253599988878e-02,+1.614225081830e-02,-9.747399415902e-04 },
  {-2.675456878290e-04,+1.850846576232e-03,-3.861310703260e-03,+3.172354217474e-03,-9.747399415902e-04,+5.885907513306e-05 }   }
}
    main loop time = 0.110000
        total time = 0.110000
  file   read time = 0.000000
