SDPA-GMP start at Wed Jun  5 23:35:13 2024
*SDP Scan Problem: V = x^2 - 2*x^4 + x^8
* K = 6; eval = 6.48241206030151; Domain = R+ with BCs: Neumann
data      is /Users/gorg/qmBoot/data/K=6_BC-Neumann_V_0.0_0.0_1.0_0.0_-2.0_0.0_0.0_0.0_1.0/e=6.48241206030151_K=6_D=R+.dat
parameter is ./param.sdpa
out       is /Users/gorg/qmBoot/data/K=6_BC-Neumann_V_0.0_0.0_1.0_0.0_-2.0_0.0_0.0_0.0_1.0/e=6.48241206030151_K=6_D=R+.out
DENSE computation
   mu      thetaP  thetaD  objP      objD      alphaP  alphaD  beta 
 0 1.0e+20 1.0e+00 1.0e+00 +0.00e+00 -2.51e+10 1.0e+00 9.0e-01 3.00e-01
 1 1.6e+19 8.6e-88 1.0e-01 +1.60e+10 -2.51e+09 9.0e-01 9.0e-01 3.00e-01
 2 2.5e+18 1.7e-87 1.0e-02 +2.46e+10 -2.51e+08 9.0e-01 9.0e-01 3.00e-01
 3 3.8e+17 1.7e-87 1.0e-03 +3.79e+10 -2.51e+07 9.0e-01 9.0e-01 3.00e-01
 4 5.8e+16 2.6e-87 1.0e-04 +5.84e+10 -2.51e+06 9.0e-01 9.0e-01 3.00e-01
 5 9.0e+15 1.7e-87 1.0e-05 +9.00e+10 -2.51e+05 9.0e-01 9.0e-01 3.00e-01
 6 1.4e+15 2.6e-87 1.0e-06 +1.39e+11 -2.51e+04 9.0e-01 9.0e-01 3.00e-01
 7 2.1e+14 3.5e-87 1.0e-07 +2.13e+11 -2.51e+03 9.0e-01 9.0e-01 3.00e-01
 8 3.3e+13 3.5e-87 1.0e-08 +3.29e+11 -2.51e+02 9.0e-01 9.0e-01 3.00e-01
 9 5.1e+12 5.2e-87 1.0e-09 +5.05e+11 -2.53e+01 9.0e-01 9.0e-01 3.00e-01
10 8.5e+11 5.2e-87 1.0e-10 +7.66e+11 -2.70e+00 8.8e-01 8.8e-01 3.00e-01
11 2.1e+11 5.2e-87 1.2e-11 +1.03e+12 -4.39e-01 1.9e+00 9.2e-01 3.00e-01
12 4.9e+10 6.0e-87 9.1e-13 +4.78e+11 -2.26e-01 1.2e+00 1.0e+00 3.00e-01
13 1.1e+10 6.0e-87 4.6e-94 +1.29e+11 -3.68e-01 9.7e-01 9.7e-01 1.00e-01
14 1.4e+09 6.9e-87 6.4e-94 +1.66e+10 -3.70e-01 9.9e-01 9.9e-01 1.00e-01
15 1.5e+08 9.5e-87 2.8e-93 +1.82e+09 -3.72e-01 1.0e+00 1.0e+00 1.00e-01
16 1.5e+07 1.2e-86 8.9e-93 +1.84e+08 -3.74e-01 1.0e+00 1.0e+00 1.00e-01
17 1.5e+06 1.3e-86 1.3e-92 +1.84e+07 -3.76e-01 1.0e+00 1.0e+00 1.00e-01
18 1.5e+05 1.3e-86 7.1e-92 +1.84e+06 -3.77e-01 1.0e+00 1.0e+00 1.00e-01
19 1.5e+04 1.3e-86 1.5e-91 +1.84e+05 -3.78e-01 1.0e+00 1.0e+00 1.00e-01
20 1.5e+03 1.5e-86 6.7e-91 +1.84e+04 -3.80e-01 1.0e+00 1.0e+00 1.00e-01
21 1.5e+02 1.8e-86 1.3e-90 +1.84e+03 -3.81e-01 1.0e+00 1.0e+00 1.00e-01
22 1.5e+01 2.0e-86 8.9e-90 +1.84e+02 -3.81e-01 1.0e+00 8.5e+01 1.00e-01
23 1.6e+00 2.1e-86 3.1e-87 +1.85e+01 -1.82e-01 9.8e-01 9.8e-01 1.00e-01
24 1.8e-01 2.2e-86 1.3e-88 +1.94e+00 -1.87e-01 9.2e-01 1.7e+00 1.00e-01
25 2.6e-02 2.0e-86 1.6e-88 +2.46e-01 -6.28e-02 8.9e-01 1.2e+00 1.00e-01
26 4.4e-03 2.1e-86 7.2e-89 +3.08e-02 -2.19e-02 8.9e-01 9.2e-01 1.00e-01
27 8.3e-04 2.1e-86 7.2e-89 +3.48e-03 -6.45e-03 9.2e-01 9.5e-01 1.00e-01
28 1.3e-04 2.2e-86 1.3e-89 +3.65e-04 -1.20e-03 9.3e-01 9.8e-01 1.00e-01
29 1.7e-05 2.2e-86 1.1e-89 +1.77e-05 -1.89e-04 1.0e+00 9.5e-01 1.00e-01
30 2.4e-06 2.1e-86 1.4e-89 -1.87e-05 -4.70e-05 1.0e+00 9.8e-01 1.00e-01
31 2.7e-07 2.2e-86 8.0e-89 -2.25e-05 -2.58e-05 1.0e+00 9.8e-01 1.00e-01
32 3.0e-08 2.1e-86 2.5e-88 -2.29e-05 -2.33e-05 1.0e+00 9.9e-01 1.00e-01
33 3.1e-09 2.2e-86 3.6e-90 -2.29e-05 -2.30e-05 1.0e+00 9.9e-01 1.00e-01
34 3.1e-10 2.2e-86 6.4e-90 -2.29e-05 -2.29e-05 1.0e+00 9.9e-01 1.00e-01
35 3.1e-11 2.2e-86 5.4e-90 -2.29e-05 -2.29e-05 1.0e+00 9.9e-01 1.00e-01
36 3.1e-12 2.0e-86 6.4e-90 -2.29e-05 -2.29e-05 1.0e+00 9.9e-01 1.00e-01
37 3.1e-13 2.2e-86 2.0e-90 -2.29e-05 -2.29e-05 1.0e+00 9.9e-01 1.00e-01
38 3.1e-14 2.1e-86 2.3e-90 -2.29e-05 -2.29e-05 1.0e+00 9.9e-01 1.00e-01
39 3.1e-15 2.2e-86 1.6e-89 -2.29e-05 -2.29e-05 1.0e+00 9.9e-01 1.00e-01
40 3.1e-16 2.2e-86 2.0e-89 -2.29e-05 -2.29e-05 1.0e+00 9.9e-01 1.00e-01
41 3.1e-17 2.0e-86 9.2e-91 -2.29e-05 -2.29e-05 1.0e+00 9.9e-01 1.00e-01
42 3.1e-18 2.2e-86 6.4e-90 -2.29e-05 -2.29e-05 1.0e+00 9.9e-01 1.00e-01
43 3.1e-19 2.1e-86 5.4e-90 -2.29e-05 -2.29e-05 1.0e+00 9.9e-01 1.00e-01
44 3.1e-20 2.2e-86 1.1e-89 -2.29e-05 -2.29e-05 1.0e+00 9.9e-01 1.00e-01
45 3.1e-21 2.1e-86 3.2e-80 -2.29e-05 -2.29e-05 1.0e+00 9.9e-01 1.00e-01
46 3.1e-22 2.1e-86 1.3e-80 -2.29e-05 -2.29e-05 1.0e+00 9.9e-01 1.00e-01
47 3.1e-23 2.2e-86 1.3e-80 -2.29e-05 -2.29e-05 1.0e+00 9.9e-01 1.00e-01
48 3.1e-24 2.2e-86 6.1e-81 -2.29e-05 -2.29e-05 1.0e+00 9.9e-01 1.00e-01
49 3.1e-25 2.1e-86 3.7e-81 -2.29e-05 -2.29e-05 1.0e+00 9.9e-01 1.00e-01
50 3.1e-26 2.2e-86 1.0e-81 -2.29e-05 -2.29e-05 1.0e+00 9.9e-01 1.00e-01
51 3.1e-27 2.1e-86 2.5e-82 -2.29e-05 -2.29e-05 1.0e+00 9.9e-01 1.00e-01
52 3.1e-28 2.2e-86 8.5e-82 -2.29e-05 -2.29e-05 1.0e+00 9.9e-01 1.00e-01
53 3.1e-29 2.1e-86 4.9e-81 -2.29e-05 -2.29e-05 1.0e+00 9.9e-01 1.00e-01
54 3.1e-30 2.2e-86 8.3e-80 -2.29e-05 -2.29e-05 1.0e+00 9.9e-01 1.00e-01
55 3.1e-31 2.2e-86 5.8e-79 -2.29e-05 -2.29e-05 1.0e+00 9.9e-01 1.00e-01
56 3.1e-32 2.2e-86 1.4e-78 -2.29e-05 -2.29e-05 1.0e+00 9.9e-01 1.00e-01

phase.value = pdOPT     
   Iteration = 56
          mu = 3.0987134869637090e-32
relative gap = 3.7184561843564508e-31
         gap = 3.7184561843564508e-31
      digits = 2.5790109150247002e+01
objValPrimal = -2.2933578099066762e-05
objValDual   = -2.2933578099066762e-05
p.feas.error = 2.2454038243245556e-76
d.feas.error = 1.6518001925706593e-67
relative eps = 8.6361685550944446e-78
total time   = 0.110


Parameters are
maxIteration =    200
epsilonStar  = 1.000e-30
lambdaStar   = 1.000e+10
omegaStar    = 2.000e+00
lowerBound   = -1.000e+05
upperBound   = 1.000e+05
betaStar     = 1.000e-01
betaBar      = 3.000e-01
gammaStar    = 9.000e-01
epsilonDash  = 1.000e-30
precision    =    200

                         Time(sec)  Ratio(% : MainLoop) 
 Predictor time  =       0.010000,  9.090909
 Corrector time  =       0.030000,  27.272727
 Make bMat time  =       0.010000,  9.090909
 Make bDia time  =       0.000000,  0.000000
 Make bF1  time  =       0.010000,  9.090909
 Make bF2  time  =       0.000000,  0.000000
 Make bF3  time  =       0.000000,  0.000000
 Make bPRE time  =       0.000000,  0.000000
 Make rMat time  =       0.010000,  9.090909
 Make gVec Mul   =       0.000000,  0.000000
 Make gVec time  =       0.000000,  0.000000
 Cholesky bMat   =       0.000000,  0.000000
 Ste Pre time    =       0.000000,  0.000000
 Ste Cor time    =       0.050000,  45.454545
 solve           =       0.000000,  0.000000
 sumDz           =       0.000000,  0.000000
 makedX          =       0.020000,  18.181818
 symmetriseDx    =       0.000000,  0.000000
 makedXdZ        =       0.020000,  18.181818
 xMatTime        =       0.000000,  0.000000
 zMatTime        =       0.000000,  0.000000
 invzMatTime     =       0.000000,  0.000000
 xMatzMatTime    =       0.000000,  0.000000
 EigxMatTime     =       0.010000,  9.090909
 EigzMatTime     =       0.040000,  36.363636
 EigxMatzMatTime =       0.000000,  0.000000
 updateRes       =       0.010000,  9.090909
 EigTime         =       0.050000,  45.454545
 sub_total_bMat  =       0.100000,  90.909091
 Main Loop       =       0.110000,  100.000000
 File Check      =       0.000000,  0.000000
 File Change     =       0.000000,  0.000000
 File Read       =       0.000000,  0.000000
 Total           =       0.110000,  100.000000

xVec = 
{+2.293357809907e-05,+7.015680138812e-01,+6.805497168734e-01,+7.477453838678e-01,+8.739202057314e-01,+1.056698082737e+00,+1.304713950215e+00,+1.634740951640e+00}
xMat = 
{
{ {+9.999770664219e-01,+7.015680138812e-01,+6.805497168734e-01,+7.477453838678e-01,+8.739202057314e-01,+1.056698082737e+00 },
  {+7.015680138812e-01,+6.805267832953e-01,+7.477453838678e-01,+8.739202057314e-01,+1.056698082737e+00,+1.304713950215e+00 },
  {+6.805497168734e-01,+7.477453838678e-01,+8.738972721533e-01,+1.056698082737e+00,+1.304713950215e+00,+1.634740951640e+00 },
  {+7.477453838678e-01,+8.739202057314e-01,+1.056698082737e+00,+1.304691016637e+00,+1.634740951640e+00,+2.072966772189e+00 },
  {+8.739202057314e-01,+1.056698082737e+00,+1.304713950215e+00,+1.634740951640e+00,+2.072943838611e+00,+2.660267533216e+00 },
  {+1.056698082737e+00,+1.304713950215e+00,+1.634740951640e+00,+2.072966772189e+00,+2.660267533216e+00,+3.469444174438e+00 }   }
{ {+7.015450803031e-01,+6.805497168734e-01,+7.477453838678e-01,+8.739202057314e-01,+1.056698082737e+00,+1.304713950215e+00 },
  {+6.805497168734e-01,+7.477224502897e-01,+8.739202057314e-01,+1.056698082737e+00,+1.304713950215e+00,+1.634740951640e+00 },
  {+7.477453838678e-01,+8.739202057314e-01,+1.056675149159e+00,+1.304713950215e+00,+1.634740951640e+00,+2.072966772189e+00 },
  {+8.739202057314e-01,+1.056698082737e+00,+1.304713950215e+00,+1.634718018062e+00,+2.072966772189e+00,+2.660267533216e+00 },
  {+1.056698082737e+00,+1.304713950215e+00,+1.634740951640e+00,+2.072966772189e+00,+2.660244599638e+00,+3.469467108016e+00 },
  {+1.304713950215e+00,+1.634740951640e+00,+2.072966772189e+00,+2.660267533216e+00,+3.469467108016e+00,+4.741425049792e+00 }   }
}
yMat = 
{
{ {+5.521647884811e-05,-8.918801728430e-04,+3.025030482301e-03,-3.756865693943e-03,+1.861572932176e-03,-2.894596609289e-04 },
  {-8.918801728430e-04,+1.440602985385e-02,-4.886158562975e-02,+6.068250084687e-02,-3.006892187161e-02,+4.675476194896e-03 },
  {+3.025030482301e-03,-4.886158562975e-02,+1.657260587736e-01,-2.058195937005e-01,+1.019861277346e-01,-1.585802492251e-02 },
  {-3.756865693943e-03,+6.068250084687e-02,-2.058195937005e-01,+2.556128195199e-01,-1.266592805547e-01,+1.969450230457e-02 },
  {+1.861572932176e-03,-3.006892187161e-02,+1.019861277346e-01,-1.266592805547e-01,+6.276122371627e-02,-9.758866935800e-03 },
  {-2.894596609289e-04,+4.675476194896e-03,-1.585802492251e-02,+1.969450230457e-02,-9.758866935800e-03,+1.517425541305e-03 }   }
{ {+1.556774051436e-03,-1.006127747415e-02,+2.005498181095e-02,-1.582527055240e-02,+4.679294639549e-03,-2.725085375248e-04 },
  {-1.006127747415e-02,+6.502504606782e-02,-1.296133735996e-01,+1.022771660308e-01,-3.024182071147e-02,+1.761195857281e-03 },
  {+2.005498181095e-02,-1.296133735996e-01,+2.583562431982e-01,-2.038674223719e-01,+6.028053255232e-02,-3.510563243488e-03 },
  {-1.582527055240e-02,+1.022771660308e-01,-2.038674223719e-01,+1.608706079252e-01,-4.756702078695e-02,+2.770165220952e-03 },
  {+4.679294639549e-03,-3.024182071147e-02,+6.028053255232e-02,-4.756702078695e-02,+1.406485308739e-02,-8.190962186804e-04 },
  {-2.725085375248e-04,+1.761195857281e-03,-3.510563243488e-03,+2.770165220952e-03,-8.190962186804e-04,+4.770178623893e-05 }   }
}
    main loop time = 0.110000
        total time = 0.110000
  file   read time = 0.000000
