SDPA-GMP start at Wed Jun  5 23:35:13 2024
*SDP Scan Problem: V = x^2 - 2*x^4 + x^8
* K = 6; eval = 7.688442211055278; Domain = R+ with BCs: Neumann
data      is /Users/gorg/qmBoot/data/K=6_BC-Neumann_V_0.0_0.0_1.0_0.0_-2.0_0.0_0.0_0.0_1.0/e=7.688442211055278_K=6_D=R+.dat
parameter is ./param.sdpa
out       is /Users/gorg/qmBoot/data/K=6_BC-Neumann_V_0.0_0.0_1.0_0.0_-2.0_0.0_0.0_0.0_1.0/e=7.688442211055278_K=6_D=R+.out
DENSE computation
   mu      thetaP  thetaD  objP      objD      alphaP  alphaD  beta 
 0 1.0e+20 1.0e+00 1.0e+00 +0.00e+00 -2.75e+10 1.0e+00 9.0e-01 3.00e-01
 1 1.6e+19 8.6e-88 1.0e-01 +1.60e+10 -2.75e+09 9.0e-01 9.0e-01 3.00e-01
 2 2.5e+18 2.6e-87 1.0e-02 +2.46e+10 -2.75e+08 9.0e-01 9.0e-01 3.00e-01
 3 3.8e+17 1.7e-87 1.0e-03 +3.79e+10 -2.75e+07 9.0e-01 9.0e-01 3.00e-01
 4 5.8e+16 2.6e-87 1.0e-04 +5.84e+10 -2.75e+06 9.0e-01 9.0e-01 3.00e-01
 5 9.0e+15 2.6e-87 1.0e-05 +9.00e+10 -2.75e+05 9.0e-01 9.0e-01 3.00e-01
 6 1.4e+15 2.6e-87 1.0e-06 +1.39e+11 -2.75e+04 9.0e-01 9.0e-01 3.00e-01
 7 2.1e+14 4.3e-87 1.0e-07 +2.13e+11 -2.75e+03 9.0e-01 9.0e-01 3.00e-01
 8 3.3e+13 6.0e-87 1.0e-08 +3.29e+11 -2.75e+02 9.0e-01 9.0e-01 3.00e-01
 9 5.1e+12 6.9e-87 1.0e-09 +5.05e+11 -2.77e+01 9.0e-01 9.0e-01 3.00e-01
10 8.5e+11 8.6e-87 1.0e-10 +7.66e+11 -2.95e+00 8.8e-01 8.8e-01 3.00e-01
11 2.2e+11 9.5e-87 1.2e-11 +1.03e+12 -4.75e-01 1.9e+00 9.2e-01 3.00e-01
12 4.9e+10 1.1e-86 9.6e-13 +4.72e+11 -2.42e-01 1.2e+00 1.0e+00 3.00e-01
13 1.0e+10 1.3e-86 6.6e-94 +1.25e+11 -4.03e-01 9.7e-01 9.7e-01 1.00e-01
14 1.4e+09 1.5e-86 6.9e-94 +1.63e+10 -4.05e-01 9.9e-01 9.9e-01 1.00e-01
15 1.5e+08 1.6e-86 2.6e-93 +1.80e+09 -4.07e-01 1.0e+00 1.0e+00 1.00e-01
16 1.5e+07 1.9e-86 5.0e-93 +1.82e+08 -4.09e-01 1.0e+00 1.0e+00 1.00e-01
17 1.5e+06 2.2e-86 3.6e-92 +1.82e+07 -4.11e-01 1.0e+00 1.0e+00 1.00e-01
18 1.5e+05 2.2e-86 6.8e-92 +1.82e+06 -4.13e-01 1.0e+00 1.0e+00 1.00e-01
19 1.5e+04 2.5e-86 2.7e-91 +1.82e+05 -4.14e-01 1.0e+00 1.0e+00 1.00e-01
20 1.5e+03 2.5e-86 8.8e-91 +1.82e+04 -4.15e-01 1.0e+00 1.0e+00 1.00e-01
21 1.5e+02 2.6e-86 2.6e-90 +1.83e+03 -4.17e-01 1.0e+00 1.0e+00 1.00e-01
22 1.5e+01 2.6e-86 1.0e-89 +1.83e+02 -4.17e-01 1.0e+00 7.6e+01 1.00e-01
23 1.6e+00 3.1e-86 2.5e-87 +1.85e+01 -1.88e-01 9.8e-01 9.8e-01 1.00e-01
24 1.8e-01 2.9e-86 1.4e-88 +1.93e+00 -1.94e-01 9.2e-01 1.5e+00 1.00e-01
25 2.6e-02 3.0e-86 3.4e-88 +2.42e-01 -6.87e-02 8.9e-01 1.1e+00 1.00e-01
26 4.5e-03 2.9e-86 7.2e-89 +3.02e-02 -2.39e-02 9.0e-01 9.1e-01 1.00e-01
27 8.6e-04 2.9e-86 8.8e-89 +3.37e-03 -6.90e-03 9.3e-01 9.4e-01 1.00e-01
28 1.4e-04 2.8e-86 2.5e-89 +3.54e-04 -1.30e-03 9.5e-01 9.8e-01 1.00e-01
29 1.7e-05 2.8e-86 1.1e-89 +1.62e-05 -1.94e-04 1.0e+00 9.5e-01 1.00e-01
30 2.4e-06 2.9e-86 2.2e-89 -1.95e-05 -4.78e-05 1.0e+00 9.8e-01 1.00e-01
31 2.8e-07 2.9e-86 1.5e-88 -2.32e-05 -2.66e-05 1.0e+00 9.8e-01 1.00e-01
32 3.2e-08 2.9e-86 2.0e-88 -2.36e-05 -2.40e-05 1.0e+00 9.9e-01 1.00e-01
33 3.2e-09 2.8e-86 1.0e-89 -2.36e-05 -2.37e-05 1.0e+00 9.9e-01 1.00e-01
34 3.3e-10 2.8e-86 9.2e-90 -2.36e-05 -2.36e-05 1.0e+00 9.9e-01 1.00e-01
35 3.3e-11 2.8e-86 4.8e-90 -2.36e-05 -2.36e-05 1.0e+00 9.9e-01 1.00e-01
36 3.3e-12 3.0e-86 2.6e-90 -2.36e-05 -2.36e-05 1.0e+00 9.9e-01 1.00e-01
37 3.3e-13 3.0e-86 3.4e-90 -2.36e-05 -2.36e-05 1.0e+00 9.9e-01 1.00e-01
38 3.3e-14 2.8e-86 3.5e-90 -2.36e-05 -2.36e-05 1.0e+00 9.9e-01 1.00e-01
39 3.3e-15 3.1e-86 2.5e-90 -2.36e-05 -2.36e-05 1.0e+00 9.9e-01 1.00e-01
40 3.3e-16 2.9e-86 2.4e-90 -2.36e-05 -2.36e-05 1.0e+00 9.9e-01 1.00e-01
41 3.3e-17 2.8e-86 1.1e-89 -2.36e-05 -2.36e-05 1.0e+00 9.9e-01 1.00e-01
42 3.3e-18 3.0e-86 2.7e-90 -2.36e-05 -2.36e-05 1.0e+00 9.9e-01 1.00e-01
43 3.3e-19 2.9e-86 8.9e-90 -2.36e-05 -2.36e-05 1.0e+00 9.9e-01 1.00e-01
44 3.3e-20 3.0e-86 2.2e-89 -2.36e-05 -2.36e-05 1.0e+00 9.9e-01 1.00e-01
45 3.3e-21 3.0e-86 4.7e-80 -2.36e-05 -2.36e-05 1.0e+00 9.9e-01 1.00e-01
46 3.3e-22 2.8e-86 2.0e-80 -2.36e-05 -2.36e-05 1.0e+00 9.9e-01 1.00e-01
47 3.3e-23 2.9e-86 1.4e-80 -2.36e-05 -2.36e-05 1.0e+00 9.9e-01 1.00e-01
48 3.3e-24 3.0e-86 8.0e-81 -2.36e-05 -2.36e-05 1.0e+00 9.9e-01 1.00e-01
49 3.3e-25 3.0e-86 3.7e-81 -2.36e-05 -2.36e-05 1.0e+00 9.9e-01 1.00e-01
50 3.3e-26 3.0e-86 1.1e-81 -2.36e-05 -2.36e-05 1.0e+00 9.9e-01 1.00e-01
51 3.3e-27 3.1e-86 3.5e-82 -2.36e-05 -2.36e-05 1.0e+00 9.9e-01 1.00e-01
52 3.3e-28 3.0e-86 3.5e-82 -2.36e-05 -2.36e-05 1.0e+00 9.9e-01 1.00e-01
53 3.3e-29 2.9e-86 3.7e-81 -2.36e-05 -2.36e-05 1.0e+00 9.9e-01 1.00e-01
54 3.3e-30 2.9e-86 2.6e-80 -2.36e-05 -2.36e-05 1.0e+00 9.9e-01 1.00e-01
55 3.3e-31 2.9e-86 4.5e-79 -2.36e-05 -2.36e-05 1.0e+00 9.9e-01 1.00e-01
56 3.3e-32 2.9e-86 1.2e-78 -2.36e-05 -2.36e-05 1.0e+00 9.9e-01 1.00e-01

phase.value = pdOPT     
   Iteration = 56
          mu = 3.2691011545481234e-32
relative gap = 3.9229213854577481e-31
         gap = 3.9229213854577481e-31
      digits = 2.5779792576255691e+01
objValPrimal = -2.3626651822456921e-05
objValDual   = -2.3626651822456921e-05
p.feas.error = 2.9362973087321112e-76
d.feas.error = 1.4929514063370280e-67
relative eps = 8.6361685550944446e-78
total time   = 0.120


Parameters are
maxIteration =    200
epsilonStar  = 1.000e-30
lambdaStar   = 1.000e+10
omegaStar    = 2.000e+00
lowerBound   = -1.000e+05
upperBound   = 1.000e+05
betaStar     = 1.000e-01
betaBar      = 3.000e-01
gammaStar    = 9.000e-01
epsilonDash  = 1.000e-30
precision    =    200

                         Time(sec)  Ratio(% : MainLoop) 
 Predictor time  =       0.010000,  8.333333
 Corrector time  =       0.020000,  16.666667
 Make bMat time  =       0.000000,  0.000000
 Make bDia time  =       0.000000,  0.000000
 Make bF1  time  =       0.000000,  0.000000
 Make bF2  time  =       0.000000,  0.000000
 Make bF3  time  =       0.000000,  0.000000
 Make bPRE time  =       0.000000,  0.000000
 Make rMat time  =       0.010000,  8.333333
 Make gVec Mul   =       0.000000,  0.000000
 Make gVec time  =       0.000000,  0.000000
 Cholesky bMat   =       0.010000,  8.333333
 Ste Pre time    =       0.000000,  0.000000
 Ste Cor time    =       0.060000,  50.000000
 solve           =       0.000000,  0.000000
 sumDz           =       0.000000,  0.000000
 makedX          =       0.010000,  8.333333
 symmetriseDx    =       0.000000,  0.000000
 makedXdZ        =       0.010000,  8.333333
 xMatTime        =       0.010000,  8.333333
 zMatTime        =       0.010000,  8.333333
 invzMatTime     =       0.000000,  0.000000
 xMatzMatTime    =       0.000000,  0.000000
 EigxMatTime     =       0.040000,  33.333333
 EigzMatTime     =       0.020000,  16.666667
 EigxMatzMatTime =       0.000000,  0.000000
 updateRes       =       0.000000,  0.000000
 EigTime         =       0.060000,  50.000000
 sub_total_bMat  =       0.120000,  100.000000
 Main Loop       =       0.120000,  100.000000
 File Check      =       0.000000,  0.000000
 File Change     =       0.000000,  0.000000
 File Read       =       0.000000,  0.000000
 Total           =       0.120000,  100.000000

xVec = 
{+2.362665182246e-05,+7.203036538229e-01,+7.111145814869e-01,+7.950580383537e-01,+9.454459253558e-01,+1.162553285769e+00,+1.458701673923e+00,+1.855892942762e+00}
xMat = 
{
{ {+9.999763733482e-01,+7.203036538229e-01,+7.111145814869e-01,+7.950580383537e-01,+9.454459253558e-01,+1.162553285769e+00 },
  {+7.203036538229e-01,+7.110909548350e-01,+7.950580383537e-01,+9.454459253558e-01,+1.162553285769e+00,+1.458701673923e+00 },
  {+7.111145814869e-01,+7.950580383537e-01,+9.454222987040e-01,+1.162553285769e+00,+1.458701673923e+00,+1.855892942762e+00 },
  {+7.950580383537e-01,+9.454459253558e-01,+1.162553285769e+00,+1.458678047271e+00,+1.855892942762e+00,+2.387777720043e+00 },
  {+9.454459253558e-01,+1.162553285769e+00,+1.458701673923e+00,+1.855892942762e+00,+2.387754093391e+00,+3.106146041861e+00 },
  {+1.162553285769e+00,+1.458701673923e+00,+1.855892942762e+00,+2.387777720043e+00,+3.106146041861e+00,+4.101022535264e+00 }   }
{ {+7.202800271710e-01,+7.111145814869e-01,+7.950580383537e-01,+9.454459253558e-01,+1.162553285769e+00,+1.458701673923e+00 },
  {+7.111145814869e-01,+7.950344117018e-01,+9.454459253558e-01,+1.162553285769e+00,+1.458701673923e+00,+1.855892942762e+00 },
  {+7.950580383537e-01,+9.454459253558e-01,+1.162529659117e+00,+1.458701673923e+00,+1.855892942762e+00,+2.387777720043e+00 },
  {+9.454459253558e-01,+1.162553285769e+00,+1.458701673923e+00,+1.855869316111e+00,+2.387777720043e+00,+3.106146041861e+00 },
  {+1.162553285769e+00,+1.458701673923e+00,+1.855892942762e+00,+2.387777720043e+00,+3.106122415209e+00,+4.101046161916e+00 },
  {+1.458701673923e+00,+1.855892942762e+00,+2.387777720043e+00,+3.106146041861e+00,+4.101046161916e+00,+5.653826615412e+00 }   }
}
yMat = 
{
{ {+6.225920833639e-05,-9.744656138532e-04,+3.246492621025e-03,-3.972665314540e-03,+1.941728653823e-03,-2.978571329205e-04 },
  {-9.744656138532e-04,+1.525209295068e-02,-5.081329347658e-02,+6.217916751287e-02,-3.039145300983e-02,+4.661985618315e-03 },
  {+3.246492621025e-03,-5.081329347658e-02,+1.692876382465e-01,-2.071537524180e-01,+1.012510103342e-01,-1.553169418604e-02 },
  {-3.972665314540e-03,+6.217916751287e-02,-2.071537524180e-01,+2.534897266294e-01,-1.238987497498e-01,+1.900581026100e-02 },
  {+1.941728653823e-03,-3.039145300983e-02,+1.012510103342e-01,-1.238987497498e-01,+6.055827347993e-02,-9.289513072709e-03 },
  {-2.978571329205e-04,+4.661985618315e-03,-1.553169418604e-02,+1.900581026100e-02,-9.289513072709e-03,+1.424991965080e-03 }   }
{ {+1.691311999224e-03,-1.068611138380e-02,+2.096770445323e-02,-1.631290263978e-02,+4.758720700385e-03,-2.735375310949e-04 },
  {-1.068611138380e-02,+6.751739274558e-02,-1.324789425916e-01,+1.030687978810e-01,-3.006672894891e-02,+1.728275165239e-03 },
  {+2.096770445323e-02,-1.324789425916e-01,+2.599429497572e-01,-2.022359691661e-01,+5.899529434364e-02,-3.391127190901e-03 },
  {-1.631290263978e-02,+1.030687978810e-01,-2.022359691661e-01,+1.573398596221e-01,-4.589841939922e-02,+2.638301576011e-03 },
  {+4.758720700385e-03,-3.006672894891e-02,+5.899529434364e-02,-4.589841939922e-02,+1.338926390558e-02,-7.696325173304e-04 },
  {-2.735375310949e-04,+1.728275165239e-03,-3.391127190901e-03,+2.638301576011e-03,-7.696325173304e-04,+4.423949037898e-05 }   }
}
    main loop time = 0.120000
        total time = 0.120000
  file   read time = 0.000000
