SDPA-GMP start at Wed Jun  5 23:35:13 2024
*SDP Scan Problem: V = x^2 - 2*x^4 + x^8
* K = 6; eval = 8.894472361809047; Domain = R+ with BCs: Neumann
data      is /Users/gorg/qmBoot/data/K=6_BC-Neumann_V_0.0_0.0_1.0_0.0_-2.0_0.0_0.0_0.0_1.0/e=8.894472361809047_K=6_D=R+.dat
parameter is ./param.sdpa
out       is /Users/gorg/qmBoot/data/K=6_BC-Neumann_V_0.0_0.0_1.0_0.0_-2.0_0.0_0.0_0.0_1.0/e=8.894472361809047_K=6_D=R+.out
DENSE computation
   mu      thetaP  thetaD  objP      objD      alphaP  alphaD  beta 
 0 1.0e+20 1.0e+00 1.0e+00 +0.00e+00 -2.99e+10 1.0e+00 9.0e-01 3.00e-01
 1 1.6e+19 8.6e-88 1.0e-01 +1.60e+10 -2.99e+09 9.0e-01 9.0e-01 3.00e-01
 2 2.5e+18 1.7e-87 1.0e-02 +2.46e+10 -2.99e+08 9.0e-01 9.0e-01 3.00e-01
 3 3.8e+17 3.5e-87 1.0e-03 +3.79e+10 -2.99e+07 9.0e-01 9.0e-01 3.00e-01
 4 5.8e+16 3.5e-87 1.0e-04 +5.84e+10 -2.99e+06 9.0e-01 9.0e-01 3.00e-01
 5 9.0e+15 4.3e-87 1.0e-05 +9.00e+10 -2.99e+05 9.0e-01 9.0e-01 3.00e-01
 6 1.4e+15 5.2e-87 1.0e-06 +1.39e+11 -2.99e+04 9.0e-01 9.0e-01 3.00e-01
 7 2.1e+14 5.2e-87 1.0e-07 +2.13e+11 -2.99e+03 9.0e-01 9.0e-01 3.00e-01
 8 3.3e+13 6.0e-87 1.0e-08 +3.29e+11 -3.00e+02 9.0e-01 9.0e-01 3.00e-01
 9 5.1e+12 6.9e-87 1.0e-09 +5.05e+11 -3.01e+01 9.0e-01 9.0e-01 3.00e-01
10 8.6e+11 6.9e-87 1.0e-10 +7.66e+11 -3.21e+00 8.8e-01 8.8e-01 3.00e-01
11 2.2e+11 1.0e-86 1.2e-11 +1.03e+12 -5.11e-01 2.0e+00 9.1e-01 3.00e-01
12 5.0e+10 1.5e-86 1.1e-12 +4.68e+11 -2.60e-01 1.3e+00 1.0e+00 3.00e-01
13 1.0e+10 1.7e-86 7.2e-94 +1.24e+11 -4.41e-01 9.6e-01 9.6e-01 1.00e-01
14 1.4e+09 1.7e-86 1.2e-93 +1.64e+10 -4.43e-01 9.9e-01 9.9e-01 1.00e-01
15 1.5e+08 2.0e-86 2.9e-93 +1.82e+09 -4.45e-01 1.0e+00 1.0e+00 1.00e-01
16 1.5e+07 1.9e-86 5.0e-93 +1.85e+08 -4.47e-01 1.0e+00 1.0e+00 1.00e-01
17 1.5e+06 2.1e-86 3.1e-92 +1.85e+07 -4.49e-01 1.0e+00 1.0e+00 1.00e-01
18 1.5e+05 2.4e-86 3.0e-92 +1.85e+06 -4.50e-01 1.0e+00 1.0e+00 1.00e-01
19 1.5e+04 2.9e-86 3.1e-91 +1.85e+05 -4.52e-01 1.0e+00 1.0e+00 1.00e-01
20 1.5e+03 2.8e-86 1.0e-90 +1.85e+04 -4.53e-01 1.0e+00 1.0e+00 1.00e-01
21 1.5e+02 2.8e-86 2.6e-90 +1.85e+03 -4.54e-01 1.0e+00 1.0e+00 1.00e-01
22 1.5e+01 2.8e-86 6.3e-90 +1.85e+02 -4.55e-01 1.0e+00 6.8e+01 1.00e-01
23 1.6e+00 3.3e-86 1.5e-87 +1.87e+01 -1.94e-01 9.8e-01 9.8e-01 1.00e-01
24 1.8e-01 3.5e-86 1.2e-88 +1.96e+00 -2.01e-01 9.2e-01 1.4e+00 1.00e-01
25 2.6e-02 3.6e-86 3.4e-88 +2.43e-01 -7.42e-02 8.9e-01 1.1e+00 1.00e-01
26 4.6e-03 3.3e-86 7.2e-89 +3.01e-02 -2.54e-02 9.0e-01 9.0e-01 1.00e-01
27 8.8e-04 3.2e-86 8.1e-89 +3.29e-03 -7.30e-03 9.4e-01 9.2e-01 1.00e-01
28 1.5e-04 3.3e-86 3.2e-89 +3.43e-04 -1.40e-03 9.7e-01 9.8e-01 1.00e-01
29 1.8e-05 3.2e-86 1.6e-89 +1.45e-05 -1.99e-04 1.0e+00 9.5e-01 1.00e-01
30 2.4e-06 3.4e-86 7.2e-89 -2.01e-05 -4.87e-05 1.0e+00 9.7e-01 1.00e-01
31 2.9e-07 3.1e-86 7.5e-89 -2.39e-05 -2.74e-05 1.0e+00 9.8e-01 1.00e-01
32 3.4e-08 3.3e-86 5.3e-88 -2.42e-05 -2.46e-05 1.1e+00 9.9e-01 1.00e-01
33 3.5e-09 3.3e-86 1.3e-88 -2.43e-05 -2.43e-05 1.1e+00 9.9e-01 1.00e-01
34 3.5e-10 3.4e-86 7.8e-89 -2.43e-05 -2.43e-05 1.1e+00 9.9e-01 1.00e-01
35 3.5e-11 3.3e-86 4.7e-90 -2.43e-05 -2.43e-05 1.1e+00 9.9e-01 1.00e-01
36 3.5e-12 3.3e-86 1.1e-90 -2.43e-05 -2.43e-05 1.1e+00 9.9e-01 1.00e-01
37 3.5e-13 3.3e-86 3.6e-90 -2.43e-05 -2.43e-05 1.1e+00 9.9e-01 1.00e-01
38 3.5e-14 3.3e-86 2.6e-90 -2.43e-05 -2.43e-05 1.1e+00 9.9e-01 1.00e-01
39 3.5e-15 3.3e-86 7.2e-91 -2.43e-05 -2.43e-05 1.1e+00 9.9e-01 1.00e-01
40 3.5e-16 3.3e-86 5.8e-91 -2.43e-05 -2.43e-05 1.1e+00 9.9e-01 1.00e-01
41 3.5e-17 3.3e-86 1.8e-90 -2.43e-05 -2.43e-05 1.1e+00 9.9e-01 1.00e-01
42 3.5e-18 3.3e-86 2.4e-90 -2.43e-05 -2.43e-05 1.1e+00 9.9e-01 1.00e-01
43 3.5e-19 3.2e-86 3.2e-90 -2.43e-05 -2.43e-05 1.1e+00 9.9e-01 1.00e-01
44 3.5e-20 3.3e-86 2.5e-89 -2.43e-05 -2.43e-05 1.1e+00 9.9e-01 1.00e-01
45 3.5e-21 3.4e-86 3.5e-80 -2.43e-05 -2.43e-05 1.1e+00 9.9e-01 1.00e-01
46 3.5e-22 3.4e-86 2.5e-80 -2.43e-05 -2.43e-05 1.1e+00 9.9e-01 1.00e-01
47 3.5e-23 3.1e-86 2.7e-80 -2.43e-05 -2.43e-05 1.1e+00 9.9e-01 1.00e-01
48 3.5e-24 3.3e-86 1.7e-80 -2.43e-05 -2.43e-05 1.1e+00 9.9e-01 1.00e-01
49 3.5e-25 3.3e-86 6.1e-81 -2.43e-05 -2.43e-05 1.1e+00 9.9e-01 1.00e-01
50 3.5e-26 3.3e-86 1.5e-81 -2.43e-05 -2.43e-05 1.1e+00 9.9e-01 1.00e-01
51 3.5e-27 3.3e-86 6.0e-82 -2.43e-05 -2.43e-05 1.1e+00 9.9e-01 1.00e-01
52 3.5e-28 3.3e-86 8.0e-82 -2.43e-05 -2.43e-05 1.1e+00 9.9e-01 1.00e-01
53 3.5e-29 3.4e-86 7.7e-81 -2.43e-05 -2.43e-05 1.1e+00 9.9e-01 1.00e-01
54 3.5e-30 3.2e-86 4.2e-80 -2.43e-05 -2.43e-05 1.1e+00 9.9e-01 1.00e-01
55 3.5e-31 3.3e-86 4.2e-79 -2.43e-05 -2.43e-05 1.1e+00 9.9e-01 1.00e-01
56 3.5e-32 3.3e-86 1.8e-78 -2.43e-05 -2.43e-05 1.1e+00 9.9e-01 1.00e-01

phase.value = pdOPT     
   Iteration = 56
          mu = 3.5155963309500592e-32
relative gap = 4.2187155971400711e-31
         gap = 4.2187155971400711e-31
      digits = 2.5760130418513636e+01
objValPrimal = -2.4283465611838506e-05
objValDual   = -2.4283465611838506e-05
p.feas.error = 3.2817440509358890e-76
d.feas.error = 2.1915209254918666e-67
relative eps = 8.6361685550944446e-78
total time   = 0.110


Parameters are
maxIteration =    200
epsilonStar  = 1.000e-30
lambdaStar   = 1.000e+10
omegaStar    = 2.000e+00
lowerBound   = -1.000e+05
upperBound   = 1.000e+05
betaStar     = 1.000e-01
betaBar      = 3.000e-01
gammaStar    = 9.000e-01
epsilonDash  = 1.000e-30
precision    =    200

                         Time(sec)  Ratio(% : MainLoop) 
 Predictor time  =       0.020000,  18.181818
 Corrector time  =       0.020000,  18.181818
 Make bMat time  =       0.020000,  18.181818
 Make bDia time  =       0.000000,  0.000000
 Make bF1  time  =       0.010000,  9.090909
 Make bF2  time  =       0.010000,  9.090909
 Make bF3  time  =       0.000000,  0.000000
 Make bPRE time  =       0.010000,  9.090909
 Make rMat time  =       0.010000,  9.090909
 Make gVec Mul   =       0.000000,  0.000000
 Make gVec time  =       0.000000,  0.000000
 Cholesky bMat   =       0.000000,  0.000000
 Ste Pre time    =       0.000000,  0.000000
 Ste Cor time    =       0.060000,  54.545455
 solve           =       0.000000,  0.000000
 sumDz           =       0.000000,  0.000000
 makedX          =       0.010000,  9.090909
 symmetriseDx    =       0.000000,  0.000000
 makedXdZ        =       0.010000,  9.090909
 xMatTime        =       0.010000,  9.090909
 zMatTime        =       0.000000,  0.000000
 invzMatTime     =       0.000000,  0.000000
 xMatzMatTime    =       0.000000,  0.000000
 EigxMatTime     =       0.050000,  45.454545
 EigzMatTime     =       0.010000,  9.090909
 EigxMatzMatTime =       0.000000,  0.000000
 updateRes       =       0.000000,  0.000000
 EigTime         =       0.060000,  54.545455
 sub_total_bMat  =       0.090000,  81.818182
 Main Loop       =       0.110000,  100.000000
 File Check      =       0.000000,  0.000000
 File Change     =       0.000000,  0.000000
 File Read       =       0.000000,  0.000000
 Total           =       0.110000,  100.000000

xVec = 
{+2.428346561184e-05,+7.358990872999e-01,+7.375041571353e-01,+8.370742047152e-01,+1.010483278916e+00,+1.260847744433e+00,+1.604475998965e+00,+2.069068026490e+00}
xMat = 
{
{ {+9.999757165344e-01,+7.358990872999e-01,+7.375041571353e-01,+8.370742047152e-01,+1.010483278916e+00,+1.260847744433e+00 },
  {+7.358990872999e-01,+7.374798736697e-01,+8.370742047152e-01,+1.010483278916e+00,+1.260847744433e+00,+1.604475998965e+00 },
  {+7.375041571353e-01,+8.370742047152e-01,+1.010458995451e+00,+1.260847744433e+00,+1.604475998965e+00,+2.069068026490e+00 },
  {+8.370742047152e-01,+1.010483278916e+00,+1.260847744433e+00,+1.604451715499e+00,+2.069068026490e+00,+2.696472744207e+00 },
  {+1.010483278916e+00,+1.260847744433e+00,+1.604475998965e+00,+2.069068026490e+00,+2.696448460742e+00,+3.550535567241e+00 },
  {+1.260847744433e+00,+1.604475998965e+00,+2.069068026490e+00,+2.696472744207e+00,+3.550535567241e+00,+4.740255416686e+00 }   }
{ {+7.358748038343e-01,+7.375041571353e-01,+8.370742047152e-01,+1.010483278916e+00,+1.260847744433e+00,+1.604475998965e+00 },
  {+7.375041571353e-01,+8.370499212496e-01,+1.010483278916e+00,+1.260847744433e+00,+1.604475998965e+00,+2.069068026490e+00 },
  {+8.370742047152e-01,+1.010483278916e+00,+1.260823460967e+00,+1.604475998965e+00,+2.069068026490e+00,+2.696472744207e+00 },
  {+1.010483278916e+00,+1.260847744433e+00,+1.604475998965e+00,+2.069043743024e+00,+2.696472744207e+00,+3.550535567241e+00 },
  {+1.260847744433e+00,+1.604475998965e+00,+2.069068026490e+00,+2.696472744207e+00,+3.550511283775e+00,+4.740279700151e+00 },
  {+1.604475998965e+00,+2.069068026490e+00,+2.696472744207e+00,+3.550535567241e+00,+4.740279700151e+00,+6.590138920785e+00 }   }
}
yMat = 
{
{ {+6.886764523741e-05,-1.050182251107e-03,+3.445657227052e-03,-4.162383761904e-03,+2.010053872122e-03,-3.046570006563e-04 },
  {-1.050182251107e-03,+1.601452694858e-02,-5.254380414451e-02,+6.347337031748e-02,-3.065188148940e-02,+4.645800994963e-03 },
  {+3.445657227052e-03,-5.254380414451e-02,+1.723966847626e-01,-2.082566877599e-01,+1.005690934744e-01,-1.524291403408e-02 },
  {-4.162383761904e-03,+6.347337031748e-02,-2.082566877599e-01,+2.515758818475e-01,-1.214883356187e-01,+1.841357212245e-02 },
  {+2.010053872122e-03,-3.065188148940e-02,+1.005690934744e-01,-1.214883356187e-01,+5.866784837645e-02,-8.892085415830e-03 },
  {-3.046570006563e-04,+4.645800994963e-03,-1.524291403408e-02,+1.841357212245e-02,-8.892085415830e-03,+1.347743018204e-03 }   }
{ {+1.814453591060e-03,-1.124837999969e-02,+2.177260418239e-02,-1.673023797155e-02,+4.822495020201e-03,-2.739681033733e-04 },
  {-1.124837999969e-02,+6.973231679272e-02,-1.349753593220e-01,+1.037161132787e-01,-2.989619398430e-02,+1.698416178690e-03 },
  {+2.177260418239e-02,-1.349753593220e-01,+2.612611836525e-01,-2.007551204541e-01,+5.786771056791e-02,-3.287490571672e-03 },
  {-1.673023797155e-02,+1.037161132787e-01,-2.007551204541e-01,+1.542617920699e-01,-4.446599775387e-02,+2.526133260521e-03 },
  {+4.822495020201e-03,-2.989619398430e-02,+5.786771056791e-02,-4.446599775387e-02,+1.281733428424e-02,-7.281585049743e-04 },
  {-2.739681033733e-04,+1.698416178690e-03,-3.287490571672e-03,+2.526133260521e-03,-7.281585049743e-04,+4.136701100308e-05 }   }
}
    main loop time = 0.110000
        total time = 0.110000
  file   read time = 0.000000
